1645269524.906344,reading_data,,0.0052866,
1645269524.907068,start log,,,
1645269524.907995,normalization_time,,0.0004592,
1645269524.908619,similarity_calculation,0,1,
1645269524.909234,similarity_calculation,0,1,
1645269524.909819,similarity_calculation,0,1,
1645269524.910452,similarity_calculation,0,1,
1645269524.911092,similarity_calculation,0,1,
1645269524.911781,similarity_calculation,0,1,
1645269524.912253,similarity_calculation,0,1,
1645269524.912797,similarity_calculation,0,1,
1645269524.913361,similarity_calculation,0,1,
1645269524.913874,similarity_calculation,0,1,
1645269524.914443,similarity_calculation,0,1,
1645269524.915069,similarity_calculation,1,1,
1645269524.915616,similarity_calculation,1,1,
1645269524.91614,similarity_calculation,1,1,
1645269524.916687,similarity_calculation,1,1,
1645269524.917186,similarity_calculation,1,1,
1645269524.917713,similarity_calculation,1,1,
1645269524.918214,similarity_calculation,1,1,
1645269524.918716,similarity_calculation,1,1,
1645269524.919242,similarity_calculation,1,1,
1645269524.919777,similarity_calculation,1,1,
1645269524.920322,similarity_calculation,1,1,
1645269524.920971,similarity_calculation,2,1,
1645269524.921505,similarity_calculation,2,1,
1645269524.921986,similarity_calculation,2,1,
1645269524.922435,similarity_calculation,2,1,
1645269524.922882,similarity_calculation,2,1,
1645269524.923337,similarity_calculation,2,1,
1645269524.923783,similarity_calculation,2,1,
1645269524.924237,similarity_calculation,2,1,
1645269524.924683,similarity_calculation,2,1,
1645269524.925234,similarity_calculation,2,1,
1645269524.925736,similarity_calculation,2,1,
1645269524.926275,similarity_calculation,3,1,
1645269524.926704,similarity_calculation,3,1,
1645269524.927157,similarity_calculation,3,1,
1645269524.927588,similarity_calculation,3,1,
1645269524.928041,similarity_calculation,3,1,
1645269524.928467,similarity_calculation,3,1,
1645269524.928901,similarity_calculation,3,1,
1645269524.929335,similarity_calculation,3,1,
1645269524.929766,similarity_calculation,3,1,
1645269524.930207,similarity_calculation,3,1,
1645269524.93064,similarity_calculation,3,1,
1645269524.931182,similarity_calculation,4,1,
1645269524.931606,similarity_calculation,4,1,
1645269524.932039,similarity_calculation,4,1,
1645269524.932506,similarity_calculation,4,1,
1645269524.933063,similarity_calculation,4,1,
1645269524.933599,similarity_calculation,4,1,
1645269524.934121,similarity_calculation,4,1,
1645269524.934639,similarity_calculation,4,1,
1645269524.935121,similarity_calculation,4,1,
1645269524.935571,similarity_calculation,4,1,
1645269524.936181,similarity_calculation,4,1,
1645269524.936731,similarity_calculation,5,1,
1645269524.937185,similarity_calculation,5,1,
1645269524.937632,similarity_calculation,5,1,
1645269524.9381,similarity_calculation,5,1,
1645269524.938545,similarity_calculation,5,1,
1645269524.93902,similarity_calculation,5,1,
1645269524.939469,similarity_calculation,5,1,
1645269524.939914,similarity_calculation,5,1,
1645269524.940446,similarity_calculation,5,1,
1645269524.941161,similarity_calculation,5,1,
1645269524.941758,similarity_calculation,5,1,
1645269524.942542,similarity_calculation,6,1,
1645269524.943071,similarity_calculation,6,1,
1645269524.943532,similarity_calculation,6,1,
1645269524.94399,similarity_calculation,6,1,
1645269524.944438,similarity_calculation,6,1,
1645269524.944888,similarity_calculation,6,1,
1645269524.945334,similarity_calculation,6,1,
1645269524.945823,similarity_calculation,6,1,
1645269524.946275,similarity_calculation,6,1,
1645269524.946751,similarity_calculation,6,1,
1645269524.947205,similarity_calculation,6,1,
1645269524.947761,similarity_calculation,7,1,
1645269524.948207,similarity_calculation,7,1,
1645269524.94867,similarity_calculation,7,1,
1645269524.949113,similarity_calculation,7,1,
1645269524.949558,similarity_calculation,7,1,
1645269524.95003,similarity_calculation,7,1,
1645269524.950479,similarity_calculation,7,1,
1645269524.95098,similarity_calculation,7,1,
1645269524.951434,similarity_calculation,7,1,
1645269524.951891,similarity_calculation,7,1,
1645269524.952349,similarity_calculation,7,1,
1645269524.953002,similarity_calculation,8,1,
1645269524.953535,similarity_calculation,8,1,
1645269524.95417,similarity_calculation,8,1,
1645269524.95495,similarity_calculation,8,1,
1645269524.955439,similarity_calculation,8,1,
1645269524.955938,similarity_calculation,8,1,
1645269524.956426,similarity_calculation,8,1,
1645269524.957016,similarity_calculation,8,1,
1645269524.957611,similarity_calculation,8,1,
1645269524.958103,similarity_calculation,8,1,
1645269524.958566,similarity_calculation,8,1,
1645269524.959136,similarity_calculation,9,1,
1645269524.959614,similarity_calculation,9,1,
1645269524.960057,similarity_calculation,9,1,
1645269524.960484,similarity_calculation,9,1,
1645269524.961057,similarity_calculation,9,1,
1645269524.961513,similarity_calculation,9,1,
1645269524.961966,similarity_calculation,9,1,
1645269524.962408,similarity_calculation,9,1,
1645269524.962856,similarity_calculation,9,1,
1645269524.963511,similarity_calculation,9,1,
1645269524.963956,similarity_calculation,9,1,
1645269524.964543,similarity_calculation,10,1,
1645269524.965055,similarity_calculation,10,1,
1645269524.965521,similarity_calculation,10,1,
1645269524.965965,similarity_calculation,10,1,
1645269524.96641,similarity_calculation,10,1,
1645269524.966855,similarity_calculation,10,1,
1645269524.967284,similarity_calculation,10,1,
1645269524.967731,similarity_calculation,10,1,
1645269524.968273,similarity_calculation,10,1,
1645269524.968885,similarity_calculation,10,1,
1645269524.9695,similarity_calculation,10,1,
1645269524.970192,similarity_calculation,11,1,
1645269524.970821,similarity_calculation,11,1,
1645269524.971434,similarity_calculation,11,1,
1645269524.972068,similarity_calculation,11,1,
1645269524.972603,similarity_calculation,11,1,
1645269524.973476,similarity_calculation,11,1,
1645269524.97416,similarity_calculation,11,1,
1645269524.97495,similarity_calculation,11,1,
1645269524.97563,similarity_calculation,11,1,
1645269524.976228,similarity_calculation,11,1,
1645269524.976716,similarity_calculation,11,1,
1645269524.97726,knn_time,,0.06869,
1645269524.977715,|rnn_neighbors|,0,0,
1645269524.978149,rnn_neighbors_id,0,,
1645269524.978565,knn_neighbors_id,0,,7;2;1;11;
1645269524.978931,|knn_neighbors|,0,4,
1645269524.979479,|rnn_neighbors|,1,4,
1645269524.980042,rnn_neighbors_id,1,,7;0;2;11;
1645269524.98051,knn_neighbors_id,1,,7;0;2;11;
1645269524.980956,|knn_neighbors|,1,4,
1645269524.981419,|rnn_neighbors|,2,4,
1645269524.981816,rnn_neighbors_id,2,,11;0;7;1;
1645269524.982309,knn_neighbors_id,2,,11;0;7;1;
1645269524.982728,|knn_neighbors|,2,4,
1645269524.98321,|rnn_neighbors|,3,4,
1645269524.9836,rnn_neighbors_id,3,,9;4;8;10;
1645269524.984026,knn_neighbors_id,3,,9;4;8;10;
1645269524.984422,|knn_neighbors|,3,4,
1645269524.984848,|rnn_neighbors|,4,4,
1645269524.985229,rnn_neighbors_id,4,,3;8;9;10;
1645269524.98567,knn_neighbors_id,4,,3;8;9;10;
1645269524.986027,|knn_neighbors|,4,4,
1645269524.986528,|rnn_neighbors|,5,4,
1645269524.986908,rnn_neighbors_id,5,,11;2;6;0;
1645269524.987371,knn_neighbors_id,5,,11;2;6;0;
1645269524.987721,|knn_neighbors|,5,4,
1645269524.988311,|rnn_neighbors|,6,4,
1645269524.988826,rnn_neighbors_id,6,,5;11;2;0;
1645269524.989276,knn_neighbors_id,6,,5;11;2;0;
1645269524.989739,|knn_neighbors|,6,4,
1645269524.990182,|rnn_neighbors|,7,4,
1645269524.990574,rnn_neighbors_id,7,,0;1;2;11;
1645269524.990945,knn_neighbors_id,7,,0;1;2;11;
1645269524.991319,|knn_neighbors|,7,4,
1645269524.991729,|rnn_neighbors|,8,4,
1645269524.992115,rnn_neighbors_id,8,,4;3;9;10;
1645269524.992528,knn_neighbors_id,8,,4;3;9;10;
1645269524.99293,|knn_neighbors|,8,4,
1645269524.993349,|rnn_neighbors|,9,4,
1645269524.993758,rnn_neighbors_id,9,,3;4;8;10;
1645269524.994162,knn_neighbors_id,9,,3;4;8;10;
1645269524.994546,|knn_neighbors|,9,4,
1645269524.995091,|rnn_neighbors|,10,4,
1645269524.99562,rnn_neighbors_id,10,,9;3;4;8;
1645269524.996069,knn_neighbors_id,10,,9;3;4;8;
1645269524.996519,|knn_neighbors|,10,4,
1645269524.996948,|rnn_neighbors|,11,4,
1645269524.997324,rnn_neighbors_id,11,,2;0;5;7;
1645269524.997718,knn_neighbors_id,11,,2;0;5;7;
1645269524.998153,|knn_neighbors|,11,4,
1645269524.99864,rnn_time,,0.0209334,
1645269524.999385,stop log,,,
1645269525.009725,writing_data,,0.009731,
