1644519064.22058,reading_data,,0.0028123,
1644519066.121463,start log,,,
1644519066.122063,similarity_calculation,0,1,
1644519066.122401,similarity_calculation,0,1,
1644519066.122685,similarity_calculation,0,1,
1644519066.123044,similarity_calculation,0,1,
1644519066.123401,similarity_calculation,0,1,
1644519066.12371,similarity_calculation,0,1,
1644519066.12398,similarity_calculation,0,1,
1644519066.124241,similarity_calculation,0,1,
1644519066.124504,similarity_calculation,0,1,
1644519066.124734,similarity_calculation,0,1,
1644519066.125238,similarity_calculation,0,1,
1644519066.125463,similarity_calculation,0,1,
1644519066.125688,Eps_time,0,0.0036294,
1644519066.125878,|Eps_neighbors|,0,3,
1644519066.126064,Eps_neighbor_id,0,,0;1;2;
1644519066.126307,similarity_calculation,1,1,
1644519066.126535,similarity_calculation,1,1,
1644519066.126748,similarity_calculation,1,1,
1644519066.126993,similarity_calculation,1,1,
1644519066.127183,similarity_calculation,1,1,
1644519066.127485,similarity_calculation,1,1,
1644519066.12766,similarity_calculation,1,1,
1644519066.12788,similarity_calculation,1,1,
1644519066.128049,similarity_calculation,1,1,
1644519066.128263,similarity_calculation,1,1,
1644519066.128431,similarity_calculation,1,1,
1644519066.128649,similarity_calculation,1,1,
1644519066.128831,Eps_time,1,0.0025272,
1644519066.129,|Eps_neighbors|,1,2,
1644519066.129136,Eps_neighbor_id,1,,0;1;
1644519066.129373,similarity_calculation,2,1,
1644519066.129549,similarity_calculation,2,1,
1644519066.12973,similarity_calculation,2,1,
1644519066.129924,similarity_calculation,2,1,
1644519066.130104,similarity_calculation,2,1,
1644519066.130274,similarity_calculation,2,1,
1644519066.130456,similarity_calculation,2,1,
1644519066.130626,similarity_calculation,2,1,
1644519066.130812,similarity_calculation,2,1,
1644519066.130983,similarity_calculation,2,1,
1644519066.131164,similarity_calculation,2,1,
1644519066.131333,similarity_calculation,2,1,
1644519066.131518,Eps_time,2,0.0021487,
1644519066.131652,|Eps_neighbors|,2,4,
1644519066.131806,Eps_neighbor_id,2,,0;2;5;7;
1644519066.131951,similarity_calculation,0,1,
1644519066.132132,similarity_calculation,0,1,
1644519066.132303,similarity_calculation,0,1,
1644519066.132489,similarity_calculation,0,1,
1644519066.13266,similarity_calculation,0,1,
1644519066.132848,similarity_calculation,0,1,
1644519066.133017,similarity_calculation,0,1,
1644519066.133186,similarity_calculation,0,1,
1644519066.13342,similarity_calculation,0,1,
1644519066.133593,similarity_calculation,0,1,
1644519066.133789,similarity_calculation,0,1,
1644519066.13396,similarity_calculation,0,1,
1644519066.13413,Eps_time,0,0.0021839,
1644519066.134266,|Eps_neighbors|,0,3,
1644519066.134401,Eps_neighbor_id,0,,0;1;2;
1644519066.134544,similarity_calculation,5,1,
1644519066.134714,similarity_calculation,5,1,
1644519066.134931,similarity_calculation,5,1,
1644519066.135119,similarity_calculation,5,1,
1644519066.135379,similarity_calculation,5,1,
1644519066.135655,similarity_calculation,5,1,
1644519066.135936,similarity_calculation,5,1,
1644519066.136206,similarity_calculation,5,1,
1644519066.136476,similarity_calculation,5,1,
1644519066.136662,similarity_calculation,5,1,
1644519066.136855,similarity_calculation,5,1,
1644519066.137036,similarity_calculation,5,1,
1644519066.137224,Eps_time,5,0.002684,
1644519066.137373,|Eps_neighbors|,5,5,
1644519066.137525,Eps_neighbor_id,5,,2;5;6;7;11;
1644519066.137685,similarity_calculation,6,1,
1644519066.137871,similarity_calculation,6,1,
1644519066.138054,similarity_calculation,6,1,
1644519066.138237,similarity_calculation,6,1,
1644519066.138422,similarity_calculation,6,1,
1644519066.138611,similarity_calculation,6,1,
1644519066.138806,similarity_calculation,6,1,
1644519066.138992,similarity_calculation,6,1,
1644519066.139175,similarity_calculation,6,1,
1644519066.139359,similarity_calculation,6,1,
1644519066.139546,similarity_calculation,6,1,
1644519066.139807,similarity_calculation,6,1,
1644519066.139992,Eps_time,6,0.0023117,
1644519066.140129,|Eps_neighbors|,6,3,
1644519066.140275,Eps_neighbor_id,6,,5;6;11;
1644519066.140463,similarity_calculation,7,1,
1644519066.140638,similarity_calculation,7,1,
1644519066.140814,similarity_calculation,7,1,
1644519066.140983,similarity_calculation,7,1,
1644519066.14115,similarity_calculation,7,1,
1644519066.141319,similarity_calculation,7,1,
1644519066.14149,similarity_calculation,7,1,
1644519066.141662,similarity_calculation,7,1,
1644519066.14184,similarity_calculation,7,1,
1644519066.142006,similarity_calculation,7,1,
1644519066.142174,similarity_calculation,7,1,
1644519066.142342,similarity_calculation,7,1,
1644519066.142515,Eps_time,7,0.0020564,
1644519066.14265,|Eps_neighbors|,7,4,
1644519066.142793,Eps_neighbor_id,7,,2;5;7;11;
1644519066.142935,similarity_calculation,11,1,
1644519066.143103,similarity_calculation,11,1,
1644519066.14327,similarity_calculation,11,1,
1644519066.143439,similarity_calculation,11,1,
1644519066.143609,similarity_calculation,11,1,
1644519066.143815,similarity_calculation,11,1,
1644519066.143994,similarity_calculation,11,1,
1644519066.144172,similarity_calculation,11,1,
1644519066.144343,similarity_calculation,11,1,
1644519066.144511,similarity_calculation,11,1,
1644519066.144683,similarity_calculation,11,1,
1644519066.144883,similarity_calculation,11,1,
1644519066.145056,Eps_time,11,0.0021244,
1644519066.145192,|Eps_neighbors|,11,5,
1644519066.145399,Eps_neighbor_id,11,,5;6;7;10;11;
1644519066.145547,similarity_calculation,6,1,
1644519066.145723,similarity_calculation,6,1,
1644519066.1459,similarity_calculation,6,1,
1644519066.146071,similarity_calculation,6,1,
1644519066.146239,similarity_calculation,6,1,
1644519066.146408,similarity_calculation,6,1,
1644519066.146582,similarity_calculation,6,1,
1644519066.146753,similarity_calculation,6,1,
1644519066.146933,similarity_calculation,6,1,
1644519066.147102,similarity_calculation,6,1,
1644519066.147272,similarity_calculation,6,1,
1644519066.147442,similarity_calculation,6,1,
1644519066.147619,Eps_time,6,0.0020763,
1644519066.147753,|Eps_neighbors|,6,3,
1644519066.147896,Eps_neighbor_id,6,,5;6;11;
1644519066.148043,similarity_calculation,10,1,
1644519066.148211,similarity_calculation,10,1,
1644519066.148382,similarity_calculation,10,1,
1644519066.148553,similarity_calculation,10,1,
1644519066.148722,similarity_calculation,10,1,
1644519066.148889,similarity_calculation,10,1,
1644519066.149059,similarity_calculation,10,1,
1644519066.149226,similarity_calculation,10,1,
1644519066.149395,similarity_calculation,10,1,
1644519066.149571,similarity_calculation,10,1,
1644519066.14974,similarity_calculation,10,1,
1644519066.149908,similarity_calculation,10,1,
1644519066.150079,Eps_time,10,0.0020401,
1644519066.150215,|Eps_neighbors|,10,2,
1644519066.150352,Eps_neighbor_id,10,,10;11;
1644519066.150543,similarity_calculation,3,1,
1644519066.150721,similarity_calculation,3,1,
1644519066.150964,similarity_calculation,3,1,
1644519066.151142,similarity_calculation,3,1,
1644519066.15131,similarity_calculation,3,1,
1644519066.151483,similarity_calculation,3,1,
1644519066.151653,similarity_calculation,3,1,
1644519066.151833,similarity_calculation,3,1,
1644519066.152002,similarity_calculation,3,1,
1644519066.152173,similarity_calculation,3,1,
1644519066.152342,similarity_calculation,3,1,
1644519066.152514,similarity_calculation,3,1,
1644519066.152685,Eps_time,3,0.002145,
1644519066.152824,|Eps_neighbors|,3,4,
1644519066.152958,Eps_neighbor_id,3,,3;4;8;9;
1644519066.153101,similarity_calculation,4,1,
1644519066.15327,similarity_calculation,4,1,
1644519066.153437,similarity_calculation,4,1,
1644519066.15361,similarity_calculation,4,1,
1644519066.1538,similarity_calculation,4,1,
1644519066.153971,similarity_calculation,4,1,
1644519066.154142,similarity_calculation,4,1,
1644519066.154309,similarity_calculation,4,1,
1644519066.154481,similarity_calculation,4,1,
1644519066.154649,similarity_calculation,4,1,
1644519066.154826,similarity_calculation,4,1,
1644519066.154992,similarity_calculation,4,1,
1644519066.155162,Eps_time,4,0.0020654,
1644519066.155297,|Eps_neighbors|,4,4,
1644519066.155431,Eps_neighbor_id,4,,3;4;8;9;
1644519066.1556,similarity_calculation,8,1,
1644519066.155781,similarity_calculation,8,1,
1644519066.155951,similarity_calculation,8,1,
1644519066.156121,similarity_calculation,8,1,
1644519066.15629,similarity_calculation,8,1,
1644519066.156528,similarity_calculation,8,1,
1644519066.156699,similarity_calculation,8,1,
1644519066.156871,similarity_calculation,8,1,
1644519066.15704,similarity_calculation,8,1,
1644519066.157212,similarity_calculation,8,1,
1644519066.157381,similarity_calculation,8,1,
1644519066.157554,similarity_calculation,8,1,
1644519066.157723,Eps_time,8,0.002127,
1644519066.15786,|Eps_neighbors|,8,4,
1644519066.157994,Eps_neighbor_id,8,,3;4;8;9;
1644519066.158139,similarity_calculation,9,1,
1644519066.158308,similarity_calculation,9,1,
1644519066.158478,similarity_calculation,9,1,
1644519066.158651,similarity_calculation,9,1,
1644519066.158828,similarity_calculation,9,1,
1644519066.158997,similarity_calculation,9,1,
1644519066.159164,similarity_calculation,9,1,
1644519066.159332,similarity_calculation,9,1,
1644519066.159501,similarity_calculation,9,1,
1644519066.159669,similarity_calculation,9,1,
1644519066.15988,similarity_calculation,9,1,
1644519066.160056,similarity_calculation,9,1,
1644519066.16023,Eps_time,9,0.002095,
1644519066.160366,|Eps_neighbors|,9,4,
1644519066.160503,Eps_neighbor_id,9,,3;4;8;9;
1644519066.160672,stop log,,,
1644519066.966344,writing_data,,0.0057496,
