674.002647,start log,,,
674.832582,similarity_calculation, 0, 1,
675.493479,similarity_calculation, 0, 1,
676.155806,similarity_calculation, 0, 1,
676.761866,similarity_calculation, 0, 1,
677.433491,similarity_calculation, 0, 1,
678.380251,similarity_calculation, 0, 1,
679.472446,similarity_calculation, 0, 1,
680.247545,similarity_calculation, 0, 1,
680.835009,similarity_calculation, 0, 1,
681.525230,similarity_calculation, 0, 1,
682.124853,similarity_calculation, 0, 1,
683.001518,knn_neighbors_id,0,,7;2
683.691502,|knn_neighbors|,0, 2,
684.631824,similarity_calculation, 1, 1,
685.823441,similarity_calculation, 1, 1,
686.734438,similarity_calculation, 1, 1,
687.441587,similarity_calculation, 1, 1,
688.244820,similarity_calculation, 1, 1,
688.851595,similarity_calculation, 1, 1,
689.474821,similarity_calculation, 1, 1,
690.025568,similarity_calculation, 1, 1,
690.556526,similarity_calculation, 1, 1,
691.113949,similarity_calculation, 1, 1,
691.781521,similarity_calculation, 1, 1,
692.681551,knn_neighbors_id,1,,7;0
693.312883,|knn_neighbors|,1, 2,
693.876505,similarity_calculation, 2, 1,
694.517612,similarity_calculation, 2, 1,
695.289850,similarity_calculation, 2, 1,
696.116447,similarity_calculation, 2, 1,
697.362185,similarity_calculation, 2, 1,
697.980881,similarity_calculation, 2, 1,
698.533297,similarity_calculation, 2, 1,
699.274540,similarity_calculation, 2, 1,
699.898958,similarity_calculation, 2, 1,
700.502157,similarity_calculation, 2, 1,
701.212168,similarity_calculation, 2, 1,
702.136755,knn_neighbors_id,2,,11;0
702.754259,|knn_neighbors|,2, 2,
703.429937,similarity_calculation, 3, 1,
704.167843,similarity_calculation, 3, 1,
704.695702,similarity_calculation, 3, 1,
705.314398,similarity_calculation, 3, 1,
706.140995,similarity_calculation, 3, 1,
706.845284,similarity_calculation, 3, 1,
707.657576,similarity_calculation, 3, 1,
708.397627,similarity_calculation, 3, 1,
709.165812,similarity_calculation, 3, 1,
709.851503,similarity_calculation, 3, 1,
710.763216,similarity_calculation, 3, 1,
711.754799,knn_neighbors_id,3,,9;4
712.673903,|knn_neighbors|,3, 2,
713.449478,similarity_calculation, 4, 1,
714.227200,similarity_calculation, 4, 1,
714.811325,similarity_calculation, 4, 1,
715.470314,similarity_calculation, 4, 1,
716.145039,similarity_calculation, 4, 1,
716.818571,similarity_calculation, 4, 1,
717.413425,similarity_calculation, 4, 1,
718.130589,similarity_calculation, 4, 1,
718.829632,similarity_calculation, 4, 1,
719.577789,similarity_calculation, 4, 1,
720.383883,similarity_calculation, 4, 1,
721.069813,knn_neighbors_id,4,,3;8
721.653938,|knn_neighbors|,4, 2,
722.193003,similarity_calculation, 5, 1,
722.739935,similarity_calculation, 5, 1,
723.335028,similarity_calculation, 5, 1,
723.971128,similarity_calculation, 5, 1,
724.571943,similarity_calculation, 5, 1,
725.122213,similarity_calculation, 5, 1,
725.733519,similarity_calculation, 5, 1,
726.264238,similarity_calculation, 5, 1,
726.810694,similarity_calculation, 5, 1,
727.436543,similarity_calculation, 5, 1,
728.203058,similarity_calculation, 5, 1,
729.039192,knn_neighbors_id,5,,11;2
729.679346,|knn_neighbors|,5, 2,
730.275869,similarity_calculation, 6, 1,
730.891466,similarity_calculation, 6, 1,
731.584311,similarity_calculation, 6, 1,
732.214928,similarity_calculation, 6, 1,
732.790709,similarity_calculation, 6, 1,
733.444691,similarity_calculation, 6, 1,
734.077454,similarity_calculation, 6, 1,
734.702587,similarity_calculation, 6, 1,
735.316753,similarity_calculation, 6, 1,
735.980511,similarity_calculation, 6, 1,
736.587763,similarity_calculation, 6, 1,
737.424374,knn_neighbors_id,6,,5;11
738.026381,|knn_neighbors|,6, 2,
738.762856,similarity_calculation, 7, 1,
739.500523,similarity_calculation, 7, 1,
740.346670,similarity_calculation, 7, 1,
741.121531,similarity_calculation, 7, 1,
741.804838,similarity_calculation, 7, 1,
742.385387,similarity_calculation, 7, 1,
742.938280,similarity_calculation, 7, 1,
743.493319,similarity_calculation, 7, 1,
744.051218,similarity_calculation, 7, 1,
744.751453,similarity_calculation, 7, 1,
745.372772,similarity_calculation, 7, 1,
746.625900,knn_neighbors_id,7,,0;1
747.246027,|knn_neighbors|,7, 2,
747.805119,similarity_calculation, 8, 1,
748.376131,similarity_calculation, 8, 1,
748.916626,similarity_calculation, 8, 1,
749.593019,similarity_calculation, 8, 1,
750.342369,similarity_calculation, 8, 1,
751.186848,similarity_calculation, 8, 1,
751.879454,similarity_calculation, 8, 1,
752.539396,similarity_calculation, 8, 1,
753.095150,similarity_calculation, 8, 1,
753.751278,similarity_calculation, 8, 1,
754.297018,similarity_calculation, 8, 1,
755.329370,knn_neighbors_id,8,,4;3
755.945921,|knn_neighbors|,8, 2,
756.604671,similarity_calculation, 9, 1,
757.153273,similarity_calculation, 9, 1,
757.735968,similarity_calculation, 9, 1,
758.330584,similarity_calculation, 9, 1,
758.929968,similarity_calculation, 9, 1,
759.622812,similarity_calculation, 9, 1,
760.349751,similarity_calculation, 9, 1,
760.983467,similarity_calculation, 9, 1,
761.718512,similarity_calculation, 9, 1,
762.712479,similarity_calculation, 9, 1,
763.533592,similarity_calculation, 9, 1,
764.310122,knn_neighbors_id,9,,3;4
764.885187,|knn_neighbors|,9, 2,
765.465260,similarity_calculation, 10, 1,
766.081572,similarity_calculation, 10, 1,
766.661882,similarity_calculation, 10, 1,
767.203331,similarity_calculation, 10, 1,
767.768383,similarity_calculation, 10, 1,
768.330097,similarity_calculation, 10, 1,
768.947124,similarity_calculation, 10, 1,
769.512415,similarity_calculation, 10, 1,
770.074844,similarity_calculation, 10, 1,
770.630836,similarity_calculation, 10, 1,
771.203041,similarity_calculation, 10, 1,
771.786928,knn_neighbors_id,10,,9;3
772.273779,|knn_neighbors|,10, 2,
772.762537,similarity_calculation, 11, 1,
773.493052,similarity_calculation, 11, 1,
774.001837,similarity_calculation, 11, 1,
774.535894,similarity_calculation, 11, 1,
775.068998,similarity_calculation, 11, 1,
775.567770,similarity_calculation, 11, 1,
776.098490,similarity_calculation, 11, 1,
776.593685,similarity_calculation, 11, 1,
777.120113,similarity_calculation, 11, 1,
777.618170,similarity_calculation, 11, 1,
778.141022,similarity_calculation, 11, 1,
778.803825,knn_neighbors_id,11,,2;0
779.436827,|knn_neighbors|,11, 2,
780.205011,knn_time,11,105.38196563720703,
780.710459,rnn_neighbors_id,0,,7;2
781.198502,|rnn_neighbors|,0, 2,
781.688690,rnn_neighbors_id,1,,7
782.192945,|rnn_neighbors|,1, 1,
782.683372,rnn_neighbors_id,2,,11;0
783.175468,|rnn_neighbors|,2, 2,
783.685207,rnn_neighbors_id,3,,9;4
784.201622,|rnn_neighbors|,3, 2,
784.680128,rnn_neighbors_id,4,,3;8
785.201073,|rnn_neighbors|,4, 2,
785.705805,rnn_neighbors_id,5,,
786.278486,|rnn_neighbors|,5, 0,
786.815643,rnn_neighbors_id,6,,
787.309408,|rnn_neighbors|,6, 0,
787.794828,rnn_neighbors_id,7,,0;1
788.269520,|rnn_neighbors|,7, 2,
788.751125,rnn_neighbors_id,8,,4
789.261103,|rnn_neighbors|,8, 1,
789.757013,rnn_neighbors_id,9,,3
790.236473,|rnn_neighbors|,9, 1,
790.875912,rnn_neighbors_id,10,,
791.366816,|rnn_neighbors|,10, 0,
791.857958,rnn_neighbors_id,11,,2
792.345762,|rnn_neighbors|,11, 1,
792.832613,rnn_time,11,12.133359909057617,
793.589354,similarity_calculation, 5, 1,
794.137001,similarity_calculation, 5, 1,
794.910669,similarity_calculation, 5, 1,
795.693874,similarity_calculation, 5, 1,
796.380043,similarity_calculation, 5, 1,
796.938658,similarity_calculation, 5, 1,
797.471762,similarity_calculation, 5, 1,
797.984600,similarity_calculation, 5, 1,
798.520088,similarity_calculation, 5, 1,
799.308777,knn_neighbors_id,5,,11
799.822092,|knn_neighbors|,5, 1,
800.458908,similarity_calculation, 6, 1,
800.998926,similarity_calculation, 6, 1,
801.626205,similarity_calculation, 6, 1,
802.155733,similarity_calculation, 6, 1,
802.664518,similarity_calculation, 6, 1,
803.199768,similarity_calculation, 6, 1,
803.709984,similarity_calculation, 6, 1,
804.223537,similarity_calculation, 6, 1,
804.726839,similarity_calculation, 6, 1,
805.241346,similarity_calculation, 6, 1,
805.834055,knn_neighbors_id,6,,5
806.331873,|knn_neighbors|,6, 1,
806.921005,similarity_calculation, 10, 1,
807.435036,similarity_calculation, 10, 1,
807.949305,similarity_calculation, 10, 1,
808.450222,similarity_calculation, 10, 1,
808.925629,similarity_calculation, 10, 1,
809.556246,similarity_calculation, 10, 1,
810.108662,similarity_calculation, 10, 1,
810.616016,similarity_calculation, 10, 1,
811.136484,similarity_calculation, 10, 1,
811.707497,similarity_calculation, 10, 1,
812.371016,similarity_calculation, 10, 1,
813.134670,knn_neighbors_id,10,,9
813.657761,|knn_neighbors|,10, 1,
814.228058,stop log,,,
