1644529836.651325,reading_data,,0.0027403,,
1644529843.249383,start log,,,
1644529843.251825,normalization_time,,0.0017302,
1644529843.25277,pessimistic_estimation_time,0,0.0004244,
1644529843.253228,dist_to_ref_point_time,0,4.27e-05,
1644529843.253707,sorting_pessimistic_est_time,0,6.9e-05,
1644529843.254076,similarity_calculation,0,1,
1644529843.254373,similarity_calculation,0,1,
1644529843.254664,knn_neighbors_id,0,,7;2;
1644529843.254875,|knn_neighbors|,0,2,
1644529843.255561,pessimistic_estimation_time,1,0.0004207,
1644529843.257007,dist_to_ref_point_time,1,4.89e-05,
1644529843.257379,sorting_pessimistic_est_time,1,6.58e-05,
1644529843.257608,similarity_calculation,1,1,
1644529843.257914,similarity_calculation,1,1,
1644529843.258197,knn_neighbors_id,1,,7;0;
1644529843.258399,|knn_neighbors|,1,2,
1644529843.259078,pessimistic_estimation_time,2,0.0004396,
1644529843.259353,dist_to_ref_point_time,2,2.94e-05,
1644529843.259659,sorting_pessimistic_est_time,2,5.02e-05,
1644529843.2599,similarity_calculation,2,1,
1644529843.260163,similarity_calculation,2,1,
1644529843.260403,knn_neighbors_id,2,,11;0;
1644529843.260579,|knn_neighbors|,2,2,
1644529843.26126,pessimistic_estimation_time,3,0.0004482,
1644529843.261513,dist_to_ref_point_time,3,2.84e-05,
1644529843.261737,sorting_pessimistic_est_time,3,4.96e-05,
1644529843.261943,similarity_calculation,3,1,
1644529843.262169,similarity_calculation,3,1,
1644529843.262415,knn_neighbors_id,3,,9;4;
1644529843.262565,|knn_neighbors|,3,2,
1644529843.263194,pessimistic_estimation_time,4,0.0004362,
1644529843.263459,dist_to_ref_point_time,4,3.24e-05,
1644529843.263693,sorting_pessimistic_est_time,4,5.75e-05,
1644529843.263961,similarity_calculation,4,1,
1644529843.264233,similarity_calculation,4,1,
1644529843.264515,similarity_calculation,4,1,
1644529843.264805,knn_neighbors_id,4,,3;10;
1644529843.265076,|knn_neighbors|,4,2,
1644529843.265805,pessimistic_estimation_time,5,0.0004556,
1644529843.266106,dist_to_ref_point_time,5,3.42e-05,
1644529843.26635,sorting_pessimistic_est_time,5,7.440000000000001e-05,
1644529843.266516,similarity_calculation,5,1,
1644529843.266723,similarity_calculation,5,1,
1644529843.266967,knn_neighbors_id,5,,6;11;
1644529843.267118,|knn_neighbors|,5,2,
1644529843.267764,pessimistic_estimation_time,6,0.0004541,
1644529843.267986,dist_to_ref_point_time,6,3.87e-05,
1644529843.268203,sorting_pessimistic_est_time,6,4.73e-05,
1644529843.26837,similarity_calculation,6,1,
1644529843.268603,similarity_calculation,6,1,
1644529843.268965,knn_neighbors_id,6,,5;11;
1644529843.269195,|knn_neighbors|,6,2,
1644529843.269912,pessimistic_estimation_time,7,0.0004457,
1644529843.270216,dist_to_ref_point_time,7,6.600000000000001e-05,
1644529843.270456,sorting_pessimistic_est_time,7,5.61e-05,
1644529843.270623,similarity_calculation,7,1,
1644529843.270844,similarity_calculation,7,1,
1644529843.27193,knn_neighbors_id,7,,0;1;
1644529843.272123,|knn_neighbors|,7,2,
1644529843.272772,pessimistic_estimation_time,8,0.0004473,
1644529843.273006,dist_to_ref_point_time,8,5.61e-05,
1644529843.273244,sorting_pessimistic_est_time,8,5.2e-05,
1644529843.273431,similarity_calculation,8,1,
1644529843.273647,similarity_calculation,8,1,
1644529843.274059,knn_neighbors_id,8,,4;3;
1644529843.27427,|knn_neighbors|,8,2,
1644529843.274913,pessimistic_estimation_time,9,0.0004408,
1644529843.275107,dist_to_ref_point_time,9,2.87e-05,
1644529843.27534,sorting_pessimistic_est_time,9,7.07e-05,
1644529843.27551,similarity_calculation,9,1,
1644529843.275787,similarity_calculation,9,1,
1644529843.276016,knn_neighbors_id,9,,3;4;
1644529843.27617,|knn_neighbors|,9,2,
1644529843.276855,pessimistic_estimation_time,10,0.000457,
1644529843.277102,dist_to_ref_point_time,10,2.95e-05,
1644529843.277302,sorting_pessimistic_est_time,10,4.9e-05,
1644529843.277462,similarity_calculation,10,1,
1644529843.277671,similarity_calculation,10,1,
1644529843.277893,knn_neighbors_id,10,,9;3;
1644529843.278039,|knn_neighbors|,10,2,
1644529843.278701,pessimistic_estimation_time,11,0.0004409,
1644529843.278912,dist_to_ref_point_time,11,2.81e-05,
1644529843.27915,sorting_pessimistic_est_time,11,4.81e-05,
1644529843.279364,similarity_calculation,11,1,
1644529843.279567,similarity_calculation,11,1,
1644529843.27979,knn_neighbors_id,11,,2;5;
1644529843.279949,|knn_neighbors|,11,2,
1644529843.280098,knn_time,,,0.0278088,
1644529843.28034,rnn_neighbors_id,0,,7;2;
1644529843.280498,|rnn_neighbors|,0,2,
1644529843.280661,rnn_neighbors_id,1,,7;0;
1644529843.280802,|rnn_neighbors|,1,2,
1644529843.280958,rnn_neighbors_id,2,,11;0;
1644529843.281099,|rnn_neighbors|,2,2,
1644529843.281248,rnn_neighbors_id,3,,9;4;
1644529843.281391,|rnn_neighbors|,3,2,
1644529843.281543,rnn_neighbors_id,4,,3;10;
1644529843.281683,|rnn_neighbors|,4,2,
1644529843.281837,rnn_neighbors_id,5,,6;11;
1644529843.281975,|rnn_neighbors|,5,2,
1644529843.282127,rnn_neighbors_id,6,,5;11;
1644529843.282266,|rnn_neighbors|,6,2,
1644529843.282417,rnn_neighbors_id,7,,0;1;
1644529843.282626,|rnn_neighbors|,7,2,
1644529843.282779,rnn_neighbors_id,8,,4;3;
1644529843.282919,|rnn_neighbors|,8,2,
1644529843.283073,rnn_neighbors_id,9,,3;4;
1644529843.283213,|rnn_neighbors|,9,2,
1644529843.283359,rnn_neighbors_id,10,,9;3;
1644529843.283499,|rnn_neighbors|,10,2,
1644529843.283645,rnn_neighbors_id,11,,2;5;
1644529843.283797,|rnn_neighbors|,11,2,
1644529843.283993,rnn_time,,0.0036693,
1644529843.284388,stop log,,,
1644529855.938799,start log,,,
1644529855.939888,normalization_time,,0.0007297,
1644529855.94088,pessimistic_estimation_time,0,0.0004847,
1644529855.941297,dist_to_ref_point_time,0,3.82e-05,
1644529855.941614,sorting_pessimistic_est_time,0,6.219999999999999e-05,
1644529855.942126,similarity_calculation,0,1,
1644529855.942576,similarity_calculation,0,1,
1644529855.943233,knn_neighbors_id,0,,7;2;
1644529855.943526,|knn_neighbors|,0,2,
1644529855.944306,pessimistic_estimation_time,1,0.0004445,
1644529855.944612,dist_to_ref_point_time,1,3.47e-05,
1644529855.944865,sorting_pessimistic_est_time,1,5.83e-05,
1644529855.945121,similarity_calculation,1,1,
1644529855.945413,similarity_calculation,1,1,
1644529855.945759,knn_neighbors_id,1,,7;0;
1644529855.94601,|knn_neighbors|,1,2,
1644529855.947016,pessimistic_estimation_time,2,0.0007691,
1644529855.947377,dist_to_ref_point_time,2,5.52e-05,
1644529855.947684,sorting_pessimistic_est_time,2,5.64e-05,
1644529855.947861,similarity_calculation,2,1,
1644529855.948108,similarity_calculation,2,1,
1644529855.948494,knn_neighbors_id,2,,11;0;
1644529855.948699,|knn_neighbors|,2,2,
1644529855.949377,pessimistic_estimation_time,3,0.0004082,
1644529855.949696,dist_to_ref_point_time,3,3.46e-05,
1644529855.949943,sorting_pessimistic_est_time,3,6.06e-05,
1644529855.950186,similarity_calculation,3,1,
1644529855.950567,similarity_calculation,3,1,
1644529855.950843,knn_neighbors_id,3,,9;4;
1644529855.951067,|knn_neighbors|,3,2,
1644529855.951735,pessimistic_estimation_time,4,0.0004188,
1644529855.952049,dist_to_ref_point_time,4,3.33e-05,
1644529855.952325,sorting_pessimistic_est_time,4,8.110000000000001e-05,
1644529855.952641,similarity_calculation,4,1,
1644529855.952981,similarity_calculation,4,1,
1644529855.953265,similarity_calculation,4,1,
1644529855.953589,knn_neighbors_id,4,,3;10;
1644529855.953844,|knn_neighbors|,4,2,
1644529855.954557,pessimistic_estimation_time,5,0.0004243,
1644529855.954829,dist_to_ref_point_time,5,3.27e-05,
1644529855.955157,sorting_pessimistic_est_time,5,6.18e-05,
1644529855.955317,similarity_calculation,5,1,
1644529855.955571,similarity_calculation,5,1,
1644529855.955913,knn_neighbors_id,5,,6;11;
1644529855.956077,|knn_neighbors|,5,2,
1644529855.956741,pessimistic_estimation_time,6,0.0004131,
1644529855.957008,dist_to_ref_point_time,6,3.26e-05,
1644529855.957313,sorting_pessimistic_est_time,6,7.74e-05,
1644529855.957521,similarity_calculation,6,1,
1644529855.957751,similarity_calculation,6,1,
1644529855.958002,knn_neighbors_id,6,,5;11;
1644529855.958207,|knn_neighbors|,6,2,
1644529855.958814,pessimistic_estimation_time,7,0.0004082,
1644529855.959151,dist_to_ref_point_time,7,3.31e-05,
1644529855.95938,sorting_pessimistic_est_time,7,5.28e-05,
1644529855.959564,similarity_calculation,7,1,
1644529855.959823,similarity_calculation,7,1,
1644529855.960063,knn_neighbors_id,7,,0;1;
1644529855.960241,|knn_neighbors|,7,2,
1644529855.960882,pessimistic_estimation_time,8,0.0004089,
1644529855.96108,dist_to_ref_point_time,8,2.85e-05,
1644529855.961341,sorting_pessimistic_est_time,8,6.31e-05,
1644529855.961568,similarity_calculation,8,1,
1644529855.96197,similarity_calculation,8,1,
1644529855.96229,knn_neighbors_id,8,,4;3;
1644529855.962499,|knn_neighbors|,8,2,
1644529855.963323,pessimistic_estimation_time,9,0.0004331,
1644529855.963784,dist_to_ref_point_time,9,8.43e-05,
1644529855.964176,sorting_pessimistic_est_time,9,9.009999999999999e-05,
1644529855.964451,similarity_calculation,9,1,
1644529855.964711,similarity_calculation,9,1,
1644529855.964976,knn_neighbors_id,9,,3;4;
1644529855.96514,|knn_neighbors|,9,2,
1644529855.965877,pessimistic_estimation_time,10,0.0005116,
1644529855.966181,dist_to_ref_point_time,10,3.67e-05,
1644529855.96642,sorting_pessimistic_est_time,10,5.99e-05,
1644529855.966627,similarity_calculation,10,1,
1644529855.966933,similarity_calculation,10,1,
1644529855.967204,knn_neighbors_id,10,,9;3;
1644529855.967372,|knn_neighbors|,10,2,
1644529855.968033,pessimistic_estimation_time,11,0.000425,
1644529855.968304,dist_to_ref_point_time,11,3.44e-05,
1644529855.968523,sorting_pessimistic_est_time,11,5.64e-05,
1644529855.968706,similarity_calculation,11,1,
1644529855.968905,similarity_calculation,11,1,
1644529855.969135,knn_neighbors_id,11,,2;5;
1644529855.9693,|knn_neighbors|,11,2,
1644529855.969449,knn_time,,,0.0291066,
1644529855.969631,rnn_neighbors_id,0,,7;2;
1644529855.969833,|rnn_neighbors|,0,2,
1644529855.970004,rnn_neighbors_id,1,,7;0;
1644529855.970154,|rnn_neighbors|,1,2,
1644529855.970312,rnn_neighbors_id,2,,11;0;
1644529855.970471,|rnn_neighbors|,2,2,
1644529855.970622,rnn_neighbors_id,3,,9;4;
1644529855.970762,|rnn_neighbors|,3,2,
1644529855.970924,rnn_neighbors_id,4,,3;10;
1644529855.971065,|rnn_neighbors|,4,2,
1644529855.97121,rnn_neighbors_id,5,,6;11;
1644529855.971348,|rnn_neighbors|,5,2,
1644529855.971506,rnn_neighbors_id,6,,5;11;
1644529855.971644,|rnn_neighbors|,6,2,
1644529855.971786,rnn_neighbors_id,7,,0;1;
1644529855.971926,|rnn_neighbors|,7,2,
1644529855.972087,rnn_neighbors_id,8,,4;3;
1644529855.972224,|rnn_neighbors|,8,2,
1644529855.972367,rnn_neighbors_id,9,,3;4;
1644529855.97251,|rnn_neighbors|,9,2,
1644529855.972665,rnn_neighbors_id,10,,9;3;
1644529855.972809,|rnn_neighbors|,10,2,
1644529855.973072,rnn_neighbors_id,11,,2;5;
1644529855.97323,|rnn_neighbors|,11,2,
1644529855.973372,rnn_time,,0.0037635,
1644529855.973766,stop log,,,
1644529895.106687,writing_data,,0.0057769,
