263.708115,start log,,,
264.833689,Eps_time,0, 0.00023651123046875
265.406609,|Eps_neighbors|,0, 3,
266.004801,Eps_neighbor_id,0,,0;1;2
266.764402,similarity_calculation, 0, 1,
267.679691,Eps_time,1, 0.0003056526184082031
268.306971,|Eps_neighbors|,1, 2,
269.006014,Eps_neighbor_id,1,,0;1
269.629717,similarity_calculation, 0, 1,
270.457029,Eps_time,2, 0.00020265579223632812
271.009207,|Eps_neighbors|,2, 4,
271.589518,Eps_neighbor_id,2,,0;2;5;7
272.192955,similarity_calculation, 2, 1,
273.203373,Eps_time,5, 0.00019288063049316406
274.977684,|Eps_neighbors|,5, 5,
275.548220,Eps_neighbor_id,5,,2;5;6;7;11
276.070833,similarity_calculation, 5, 1,
276.814938,Eps_time,6, 0.00023984909057617188
277.328968,|Eps_neighbors|,6, 3,
277.871609,Eps_neighbor_id,6,,5;6;11
278.367996,similarity_calculation, 6, 1,
279.042721,Eps_time,11, 0.00017333030700683594
279.591084,|Eps_neighbors|,11, 5,
280.089617,Eps_neighbor_id,11,,5;6;7;10;11
280.583620,similarity_calculation, 11, 1,
281.246901,Eps_time,7, 0.0001704692840576172
281.840801,|Eps_neighbors|,7, 4,
282.340765,Eps_neighbor_id,7,,2;5;7;11
282.898188,similarity_calculation, 11, 1,
283.800125,Eps_time,10, 0.00023221969604492188
284.294128,|Eps_neighbors|,10, 2,
284.804106,Eps_neighbor_id,10,,10;11
285.556555,Eps_time,3, 0.000164031982421875
286.061049,|Eps_neighbors|,3, 4,
286.551476,Eps_neighbor_id,3,,3;4;8;9
287.077665,similarity_calculation, 3, 1,
287.823677,Eps_time,4, 0.00023555755615234375
288.326502,|Eps_neighbors|,4, 4,
288.847446,Eps_neighbor_id,4,,3;4;8;9
289.401770,similarity_calculation, 4, 1,
290.079117,Eps_time,8, 0.00017523765563964844
290.567160,|Eps_neighbors|,8, 4,
291.069984,Eps_neighbor_id,8,,3;4;8;9
291.563749,similarity_calculation, 8, 1,
292.309761,Eps_time,9, 0.0001914501190185547
292.874575,|Eps_neighbors|,9, 4,
293.427944,Eps_neighbor_id,9,,3;4;8;9
294.007301,stop log,,,
