1644530061.409539,reading_data,,0.0027622,,
1644530064.727242,start log,,,
1644530064.729421,normalization_time,,0.0014046,
1644530064.73021,pessimistic_estimation_time,0,0.0004196,
1644530064.730635,dist_to_ref_point_time,0,3.32e-05,
1644530064.73106,sorting_pessimistic_est_time,0,5.87e-05,
1644530064.731444,similarity_calculation,0,1,
1644530064.731821,similarity_calculation,0,1,
1644530064.732244,similarity_calculation,0,1,
1644530064.732525,similarity_calculation,0,1,
1644530064.732829,knn_neighbors_id,0,,7;2;1;11;
1644530064.733308,|knn_neighbors|,0,4,
1644530064.734043,pessimistic_estimation_time,1,0.0004558,
1644530064.734295,dist_to_ref_point_time,1,3.12e-05,
1644530064.734576,sorting_pessimistic_est_time,1,5.7e-05,
1644530064.734787,similarity_calculation,1,1,
1644530064.735066,similarity_calculation,1,1,
1644530064.735314,similarity_calculation,1,1,
1644530064.735584,similarity_calculation,1,1,
1644530064.735856,knn_neighbors_id,1,,7;0;2;11;
1644530064.736047,|knn_neighbors|,1,4,
1644530064.736738,pessimistic_estimation_time,2,0.0004448,
1644530064.737008,dist_to_ref_point_time,2,3.02e-05,
1644530064.737234,sorting_pessimistic_est_time,2,5.48e-05,
1644530064.737432,similarity_calculation,2,1,
1644530064.737652,similarity_calculation,2,1,
1644530064.737867,similarity_calculation,2,1,
1644530064.738071,similarity_calculation,2,1,
1644530064.738423,knn_neighbors_id,2,,11;0;7;5;
1644530064.738564,|knn_neighbors|,2,4,
1644530064.739201,pessimistic_estimation_time,3,0.0004069,
1644530064.739405,dist_to_ref_point_time,3,2.95e-05,
1644530064.739645,sorting_pessimistic_est_time,3,5.09e-05,
1644530064.739806,similarity_calculation,3,1,
1644530064.740041,similarity_calculation,3,1,
1644530064.740232,similarity_calculation,3,1,
1644530064.740432,similarity_calculation,3,1,
1644530064.740643,knn_neighbors_id,3,,9;4;8;10;
1644530064.740794,|knn_neighbors|,3,4,
1644530064.741452,pessimistic_estimation_time,4,0.0004096,
1644530064.741693,dist_to_ref_point_time,4,2.89e-05,
1644530064.741886,sorting_pessimistic_est_time,4,5.14e-05,
1644530064.742085,similarity_calculation,4,1,
1644530064.742274,similarity_calculation,4,1,
1644530064.742542,similarity_calculation,4,1,
1644530064.742909,similarity_calculation,4,1,
1644530064.743257,knn_neighbors_id,4,,3;8;9;10;
1644530064.743511,|knn_neighbors|,4,4,
1644530064.744242,pessimistic_estimation_time,5,0.0004253,
1644530064.744519,dist_to_ref_point_time,5,3.39e-05,
1644530064.744753,sorting_pessimistic_est_time,5,5.48e-05,
1644530064.744925,similarity_calculation,5,1,
1644530064.745149,similarity_calculation,5,1,
1644530064.7454,similarity_calculation,5,1,
1644530064.745659,similarity_calculation,5,1,
1644530064.745932,similarity_calculation,5,1,
1644530064.746191,knn_neighbors_id,5,,6;11;2;1;
1644530064.746352,|knn_neighbors|,5,4,
1644530064.747023,pessimistic_estimation_time,6,0.0004536,
1644530064.747228,dist_to_ref_point_time,6,3.09e-05,
1644530064.74754,sorting_pessimistic_est_time,6,0.0001138,
1644530064.747864,similarity_calculation,6,1,
1644530064.748189,similarity_calculation,6,1,
1644530064.748477,similarity_calculation,6,1,
1644530064.748765,similarity_calculation,6,1,
1644530064.749123,similarity_calculation,6,1,
1644530064.749374,knn_neighbors_id,6,,5;11;2;1;
1644530064.749511,|knn_neighbors|,6,4,
1644530064.750133,pessimistic_estimation_time,7,0.0004278,
1644530064.750318,dist_to_ref_point_time,7,2.96e-05,
1644530064.75052,sorting_pessimistic_est_time,7,5e-05,
1644530064.750672,similarity_calculation,7,1,
1644530064.750882,similarity_calculation,7,1,
1644530064.751064,similarity_calculation,7,1,
1644530064.751263,similarity_calculation,7,1,
1644530064.751995,knn_neighbors_id,7,,0;1;2;11;
1644530064.752193,|knn_neighbors|,7,4,
1644530064.752792,pessimistic_estimation_time,8,0.0004074,
1644530064.753021,dist_to_ref_point_time,8,3.04e-05,
1644530064.753211,sorting_pessimistic_est_time,8,5.18e-05,
1644530064.753416,similarity_calculation,8,1,
1644530064.753606,similarity_calculation,8,1,
1644530064.753887,similarity_calculation,8,1,
1644530064.754082,similarity_calculation,8,1,
1644530064.754385,knn_neighbors_id,8,,4;3;9;10;
1644530064.754527,|knn_neighbors|,8,4,
1644530064.755181,pessimistic_estimation_time,9,0.0004262,
1644530064.755367,dist_to_ref_point_time,9,3e-05,
1644530064.755568,sorting_pessimistic_est_time,9,5.11e-05,
1644530064.75572,similarity_calculation,9,1,
1644530064.75593,similarity_calculation,9,1,
1644530064.756115,similarity_calculation,9,1,
1644530064.756314,similarity_calculation,9,1,
1644530064.756525,knn_neighbors_id,9,,3;4;8;10;
1644530064.756746,|knn_neighbors|,9,4,
1644530064.757343,pessimistic_estimation_time,10,0.0004092,
1644530064.757572,dist_to_ref_point_time,10,2.91e-05,
1644530064.757876,sorting_pessimistic_est_time,10,0.0001013,
1644530064.758144,similarity_calculation,10,1,
1644530064.758419,similarity_calculation,10,1,
1644530064.758668,similarity_calculation,10,1,
1644530064.759082,similarity_calculation,10,1,
1644530064.759351,knn_neighbors_id,10,,9;3;4;8;
1644530064.7595,|knn_neighbors|,10,4,
1644530064.76017,pessimistic_estimation_time,11,0.0004656,
1644530064.760365,dist_to_ref_point_time,11,3.06e-05,
1644530064.760572,sorting_pessimistic_est_time,11,5.08e-05,
1644530064.76073,similarity_calculation,11,1,
1644530064.76094,similarity_calculation,11,1,
1644530064.761128,similarity_calculation,11,1,
1644530064.76133,similarity_calculation,11,1,
1644530064.761543,knn_neighbors_id,11,,2;5;0;6;
1644530064.761698,|knn_neighbors|,11,4,
1644530064.761846,knn_time,,,0.0321026,
1644530064.762052,rnn_neighbors_id,0,,7;2;1;11;
1644530064.762195,|rnn_neighbors|,0,4,
1644530064.762397,rnn_neighbors_id,1,,7;0;2;11;
1644530064.762536,|rnn_neighbors|,1,4,
1644530064.762727,rnn_neighbors_id,2,,11;0;7;5;
1644530064.762866,|rnn_neighbors|,2,4,
1644530064.763057,rnn_neighbors_id,3,,9;4;8;10;
1644530064.763196,|rnn_neighbors|,3,4,
1644530064.763373,rnn_neighbors_id,4,,3;8;9;10;
1644530064.76351,|rnn_neighbors|,4,4,
1644530064.763665,rnn_neighbors_id,5,,6;11;2;1;
1644530064.763829,|rnn_neighbors|,5,4,
1644530064.76401,rnn_neighbors_id,6,,5;11;2;1;
1644530064.764235,|rnn_neighbors|,6,4,
1644530064.764411,rnn_neighbors_id,7,,0;1;2;11;
1644530064.764561,|rnn_neighbors|,7,4,
1644530064.764733,rnn_neighbors_id,8,,4;3;9;10;
1644530064.764884,|rnn_neighbors|,8,4,
1644530064.765055,rnn_neighbors_id,9,,3;4;8;10;
1644530064.765203,|rnn_neighbors|,9,4,
1644530064.765373,rnn_neighbors_id,10,,9;3;4;8;
1644530064.765522,|rnn_neighbors|,10,4,
1644530064.765671,rnn_neighbors_id,11,,2;5;0;6;
1644530064.765808,|rnn_neighbors|,11,4,
1644530064.765948,rnn_time,,0.0039045,
1644530064.76626,stop log,,,
1644530064.839466,writing_data,,0.0064244,
