1645269234.828017,reading_data,,0.0060652,
1645269234.829012,start log,,,
1645269234.829589,normalization_time,,8.1e-06,
1645269234.83806,pessimistic_estimation_time,0,0.007362,
1645269234.838751,dist_to_ref_point_time,0,8.31e-05,
1645269234.839521,sorting_pessimistic_est_time,0,0.0002933,
1645269234.839968,similarity_calculation,0,1,
1645269234.840416,similarity_calculation,0,1,
1645269234.840984,similarity_calculation,0,1,
1645269234.841475,similarity_calculation,0,1,
1645269234.841901,similarity_calculation,0,1,
1645269234.848889,pessimistic_estimation_time,1,0.0061983,
1645269234.849499,dist_to_ref_point_time,1,8.02e-05,
1645269234.850225,sorting_pessimistic_est_time,1,0.0002294,
1645269234.850741,similarity_calculation,1,1,
1645269234.851375,similarity_calculation,1,1,
1645269234.851957,similarity_calculation,1,1,
1645269234.852544,similarity_calculation,1,1,
1645269234.853085,similarity_calculation,1,1,
1645269234.860371,pessimistic_estimation_time,2,0.0063823,
1645269234.861254,dist_to_ref_point_time,2,9.36e-05,
1645269234.862194,sorting_pessimistic_est_time,2,0.0002813,
1645269234.862843,similarity_calculation,2,1,
1645269234.863524,similarity_calculation,2,1,
1645269234.864159,similarity_calculation,2,1,
1645269234.864923,similarity_calculation,2,1,
1645269234.865483,similarity_calculation,2,1,
1645269234.872711,pessimistic_estimation_time,3,0.0062723,
1645269234.873423,dist_to_ref_point_time,3,8.229999999999999e-05,
1645269234.874152,sorting_pessimistic_est_time,3,0.0002279,
1645269234.874676,similarity_calculation,3,1,
1645269234.875235,similarity_calculation,3,1,
1645269234.875801,similarity_calculation,3,1,
1645269234.87652,similarity_calculation,3,1,
1645269234.877075,similarity_calculation,3,1,
1645269234.884288,pessimistic_estimation_time,4,0.0063586,
1645269234.885015,dist_to_ref_point_time,4,8.07e-05,
1645269234.885773,sorting_pessimistic_est_time,4,0.0002511,
1645269234.886301,similarity_calculation,4,1,
1645269234.886852,similarity_calculation,4,1,
1645269234.887505,similarity_calculation,4,1,
1645269234.88816,similarity_calculation,4,1,
1645269234.888799,similarity_calculation,4,1,
1645269234.896395,pessimistic_estimation_time,5,0.0066802,
1645269234.897226,dist_to_ref_point_time,5,8.500000000000001e-05,
1645269234.897987,sorting_pessimistic_est_time,5,0.0002342,
1645269234.898504,similarity_calculation,5,1,
1645269234.899066,similarity_calculation,5,1,
1645269234.899654,similarity_calculation,5,1,
1645269234.900212,similarity_calculation,5,1,
1645269234.900764,similarity_calculation,5,1,
1645269234.907732,pessimistic_estimation_time,6,0.0061053,
1645269234.908398,dist_to_ref_point_time,6,8.050000000000001e-05,
1645269234.909144,sorting_pessimistic_est_time,6,0.0002284,
1645269234.909659,similarity_calculation,6,1,
1645269234.910221,similarity_calculation,6,1,
1645269234.910775,similarity_calculation,6,1,
1645269234.911333,similarity_calculation,6,1,
1645269234.911885,similarity_calculation,6,1,
1645269234.91929,pessimistic_estimation_time,7,0.0065552,
1645269234.920106,dist_to_ref_point_time,7,0.0001117,
1645269234.920873,sorting_pessimistic_est_time,7,0.0002304,
1645269234.921535,similarity_calculation,7,1,
1645269234.922187,similarity_calculation,7,1,
1645269234.922747,similarity_calculation,7,1,
1645269234.923293,similarity_calculation,7,1,
1645269234.923853,similarity_calculation,7,1,
1645269234.924682,similarity_calculation,7,1,
1645269234.932,pessimistic_estimation_time,8,0.0064284,
1645269234.932627,dist_to_ref_point_time,8,0.000106,
1645269234.933357,sorting_pessimistic_est_time,8,0.0002327,
1645269234.933871,similarity_calculation,8,1,
1645269234.934429,similarity_calculation,8,1,
1645269234.934986,similarity_calculation,8,1,
1645269234.935544,similarity_calculation,8,1,
1645269234.936098,similarity_calculation,8,1,
1645269234.94308,pessimistic_estimation_time,9,0.0061302,
1645269234.943737,dist_to_ref_point_time,9,8.31e-05,
1645269234.944635,sorting_pessimistic_est_time,9,0.0003108,
1645269234.945159,similarity_calculation,9,1,
1645269234.945756,similarity_calculation,9,1,
1645269234.946311,similarity_calculation,9,1,
1645269234.946849,similarity_calculation,9,1,
1645269234.947426,similarity_calculation,9,1,
1645269234.95615,pessimistic_estimation_time,10,0.0077613,
1645269234.956742,dist_to_ref_point_time,10,8.29e-05,
1645269234.957427,sorting_pessimistic_est_time,10,0.0002307,
1645269234.957886,similarity_calculation,10,1,
1645269234.958405,similarity_calculation,10,1,
1645269234.958908,similarity_calculation,10,1,
1645269234.959418,similarity_calculation,10,1,
1645269234.959916,similarity_calculation,10,1,
1645269234.96723,pessimistic_estimation_time,11,0.0065118,
1645269234.967977,dist_to_ref_point_time,11,8.88e-05,
1645269234.968897,sorting_pessimistic_est_time,11,0.0003143,
1645269234.969458,similarity_calculation,11,1,
1645269234.970044,similarity_calculation,11,1,
1645269234.970654,similarity_calculation,11,1,
1645269234.971266,similarity_calculation,11,1,
1645269234.971833,similarity_calculation,11,1,
1645269234.980095,pessimistic_estimation_time,12,0.0072712,
1645269234.980779,dist_to_ref_point_time,12,8.26e-05,
1645269234.981475,sorting_pessimistic_est_time,12,0.0002947,
1645269234.981922,similarity_calculation,12,1,
1645269234.9824,similarity_calculation,12,1,
1645269234.982903,similarity_calculation,12,1,
1645269234.983367,similarity_calculation,12,1,
1645269234.983891,similarity_calculation,12,1,
1645269234.990729,pessimistic_estimation_time,13,0.0061198,
1645269234.991432,dist_to_ref_point_time,13,8.1e-05,
1645269234.992117,sorting_pessimistic_est_time,13,0.0002258,
1645269234.992594,similarity_calculation,13,1,
1645269234.993106,similarity_calculation,13,1,
1645269234.993598,similarity_calculation,13,1,
1645269234.994119,similarity_calculation,13,1,
1645269234.994653,similarity_calculation,13,1,
1645269235.002093,pessimistic_estimation_time,14,0.0066197,
1645269235.002666,dist_to_ref_point_time,14,7.949999999999999e-05,
1645269235.003355,sorting_pessimistic_est_time,14,0.0002219,
1645269235.003825,similarity_calculation,14,1,
1645269235.004342,similarity_calculation,14,1,
1645269235.004849,similarity_calculation,14,1,
1645269235.005362,similarity_calculation,14,1,
1645269235.005868,similarity_calculation,14,1,
1645269235.012989,pessimistic_estimation_time,15,0.0063606,
1645269235.013546,dist_to_ref_point_time,15,7.9e-05,
1645269235.014256,sorting_pessimistic_est_time,15,0.0002238,
1645269235.014897,similarity_calculation,15,1,
1645269235.015411,similarity_calculation,15,1,
1645269235.015925,similarity_calculation,15,1,
1645269235.016437,similarity_calculation,15,1,
1645269235.016943,similarity_calculation,15,1,
1645269235.024122,pessimistic_estimation_time,16,0.0063765,
1645269235.024722,dist_to_ref_point_time,16,7.91e-05,
1645269235.025443,sorting_pessimistic_est_time,16,0.0002303,
1645269235.025921,similarity_calculation,16,1,
1645269235.026476,similarity_calculation,16,1,
1645269235.026988,similarity_calculation,16,1,
1645269235.027529,similarity_calculation,16,1,
1645269235.028034,similarity_calculation,16,1,
1645269235.035,pessimistic_estimation_time,17,0.006162,
1645269235.035554,dist_to_ref_point_time,17,8.000000000000001e-05,
1645269235.036232,sorting_pessimistic_est_time,17,0.0002216,
1645269235.036698,similarity_calculation,17,1,
1645269235.037206,similarity_calculation,17,1,
1645269235.037709,similarity_calculation,17,1,
1645269235.038219,similarity_calculation,17,1,
1645269235.038722,similarity_calculation,17,1,
1645269235.045906,pessimistic_estimation_time,18,0.0063831,
1645269235.046543,dist_to_ref_point_time,18,7.92e-05,
1645269235.047225,sorting_pessimistic_est_time,18,0.00022,
1645269235.047689,similarity_calculation,18,1,
1645269235.048233,similarity_calculation,18,1,
1645269235.048739,similarity_calculation,18,1,
1645269235.049251,similarity_calculation,18,1,
1645269235.049757,similarity_calculation,18,1,
1645269235.056817,pessimistic_estimation_time,19,0.0062589,
1645269235.057449,dist_to_ref_point_time,19,7.940000000000001e-05,
1645269235.058155,sorting_pessimistic_est_time,19,0.0002241,
1645269235.058618,similarity_calculation,19,1,
1645269235.05912,similarity_calculation,19,1,
1645269235.059642,similarity_calculation,19,1,
1645269235.060315,similarity_calculation,19,1,
1645269235.060831,similarity_calculation,19,1,
1645269235.067753,pessimistic_estimation_time,20,0.0061237,
1645269235.068367,dist_to_ref_point_time,20,7.98e-05,
1645269235.069118,sorting_pessimistic_est_time,20,0.0003017,
1645269235.069585,similarity_calculation,20,1,
1645269235.070094,similarity_calculation,20,1,
1645269235.070602,similarity_calculation,20,1,
1645269235.071117,similarity_calculation,20,1,
1645269235.071622,similarity_calculation,20,1,
1645269235.078537,pessimistic_estimation_time,21,0.0061142,
1645269235.079229,dist_to_ref_point_time,21,7.93e-05,
1645269235.080052,sorting_pessimistic_est_time,21,0.0003407,
1645269235.080519,similarity_calculation,21,1,
1645269235.080999,similarity_calculation,21,1,
1645269235.081505,similarity_calculation,21,1,
1645269235.082014,similarity_calculation,21,1,
1645269235.082519,similarity_calculation,21,1,
1645269235.089425,pessimistic_estimation_time,22,0.0061011,
1645269235.090196,dist_to_ref_point_time,22,8.43e-05,
1645269235.091047,sorting_pessimistic_est_time,22,0.0002847,
1645269235.091536,similarity_calculation,22,1,
1645269235.092142,similarity_calculation,22,1,
1645269235.092701,similarity_calculation,22,1,
1645269235.093229,similarity_calculation,22,1,
1645269235.093739,similarity_calculation,22,1,
1645269235.100624,pessimistic_estimation_time,23,0.0060763,
1645269235.101327,dist_to_ref_point_time,23,7.98e-05,
1645269235.102001,sorting_pessimistic_est_time,23,0.0002172,
1645269235.102467,similarity_calculation,23,1,
1645269235.102981,similarity_calculation,23,1,
1645269235.10349,similarity_calculation,23,1,
1645269235.104001,similarity_calculation,23,1,
1645269235.104506,similarity_calculation,23,1,
1645269235.112187,pessimistic_estimation_time,24,0.0068769,
1645269235.11286,dist_to_ref_point_time,24,7.97e-05,
1645269235.113563,sorting_pessimistic_est_time,24,0.000224,
1645269235.114053,similarity_calculation,24,1,
1645269235.114585,similarity_calculation,24,1,
1645269235.115098,similarity_calculation,24,1,
1645269235.115618,similarity_calculation,24,1,
1645269235.116125,similarity_calculation,24,1,
1645269235.123392,pessimistic_estimation_time,25,0.0064942,
1645269235.124177,dist_to_ref_point_time,25,8.02e-05,
1645269235.124874,sorting_pessimistic_est_time,25,0.0002274,
1645269235.125339,similarity_calculation,25,1,
1645269235.125856,similarity_calculation,25,1,
1645269235.126366,similarity_calculation,25,1,
1645269235.126921,similarity_calculation,25,1,
1645269235.127469,similarity_calculation,25,1,
1645269235.134458,pessimistic_estimation_time,26,0.0061632,
1645269235.13506,dist_to_ref_point_time,26,7.949999999999999e-05,
1645269235.135801,sorting_pessimistic_est_time,26,0.0002238,
1645269235.136273,similarity_calculation,26,1,
1645269235.136785,similarity_calculation,26,1,
1645269235.13729,similarity_calculation,26,1,
1645269235.137805,similarity_calculation,26,1,
1645269235.138312,similarity_calculation,26,1,
1645269235.145447,pessimistic_estimation_time,27,0.0063357,
1645269235.146146,dist_to_ref_point_time,27,7.98e-05,
1645269235.146918,sorting_pessimistic_est_time,27,0.0002226,
1645269235.147425,similarity_calculation,27,1,
1645269235.147972,similarity_calculation,27,1,
1645269235.148523,similarity_calculation,27,1,
1645269235.149083,similarity_calculation,27,1,
1645269235.149617,similarity_calculation,27,1,
1645269235.156767,pessimistic_estimation_time,28,0.0063243,
1645269235.157381,dist_to_ref_point_time,28,8.43e-05,
1645269235.158105,sorting_pessimistic_est_time,28,0.0002524,
1645269235.158629,similarity_calculation,28,1,
1645269235.159124,similarity_calculation,28,1,
1645269235.159674,similarity_calculation,28,1,
1645269235.160196,similarity_calculation,28,1,
1645269235.160685,similarity_calculation,28,1,
1645269235.167712,pessimistic_estimation_time,29,0.0061005,
1645269235.168399,dist_to_ref_point_time,29,8.13e-05,
1645269235.169087,sorting_pessimistic_est_time,29,0.0002227,
1645269235.169579,similarity_calculation,29,1,
1645269235.170092,similarity_calculation,29,1,
1645269235.17058,similarity_calculation,29,1,
1645269235.171111,similarity_calculation,29,1,
1645269235.171623,similarity_calculation,29,1,
1645269235.17855,pessimistic_estimation_time,30,0.0061626,
1645269235.179317,dist_to_ref_point_time,30,0.0001492,
1645269235.180152,sorting_pessimistic_est_time,30,0.0003156,
1645269235.180653,similarity_calculation,30,1,
1645269235.18123,similarity_calculation,30,1,
1645269235.181823,similarity_calculation,30,1,
1645269235.182383,similarity_calculation,30,1,
1645269235.182927,similarity_calculation,30,1,
1645269235.190131,pessimistic_estimation_time,31,0.0063759,
1645269235.190958,dist_to_ref_point_time,31,0.0001469,
1645269235.191665,sorting_pessimistic_est_time,31,0.0002186,
1645269235.192172,similarity_calculation,31,1,
1645269235.192686,similarity_calculation,31,1,
1645269235.193323,similarity_calculation,31,1,
1645269235.193835,similarity_calculation,31,1,
1645269235.194345,similarity_calculation,31,1,
1645269235.201383,pessimistic_estimation_time,32,0.0062381,
1645269235.201931,dist_to_ref_point_time,32,7.93e-05,
1645269235.2026,sorting_pessimistic_est_time,32,0.0002193,
1645269235.203066,similarity_calculation,32,1,
1645269235.203571,similarity_calculation,32,1,
1645269235.20409,similarity_calculation,32,1,
1645269235.204633,similarity_calculation,32,1,
1645269235.205147,similarity_calculation,32,1,
1645269235.212387,pessimistic_estimation_time,33,0.0064319,
1645269235.213033,dist_to_ref_point_time,33,0.0001069,
1645269235.213735,sorting_pessimistic_est_time,33,0.0002243,
1645269235.214227,similarity_calculation,33,1,
1645269235.214756,similarity_calculation,33,1,
1645269235.215263,similarity_calculation,33,1,
1645269235.215772,similarity_calculation,33,1,
1645269235.216286,similarity_calculation,33,1,
1645269235.223666,pessimistic_estimation_time,34,0.0065703,
1645269235.224393,dist_to_ref_point_time,34,8.19e-05,
1645269235.225139,sorting_pessimistic_est_time,34,0.0002836,
1645269235.225596,similarity_calculation,34,1,
1645269235.226192,similarity_calculation,34,1,
1645269235.226715,similarity_calculation,34,1,
1645269235.227294,similarity_calculation,34,1,
1645269235.227809,similarity_calculation,34,1,
1645269235.234789,pessimistic_estimation_time,35,0.0061463,
1645269235.235614,dist_to_ref_point_time,35,8.390000000000001e-05,
1645269235.236317,sorting_pessimistic_est_time,35,0.0002496,
1645269235.236786,similarity_calculation,35,1,
1645269235.237334,similarity_calculation,35,1,
1645269235.237878,similarity_calculation,35,1,
1645269235.238428,similarity_calculation,35,1,
1645269235.23916,similarity_calculation,35,1,
1645269235.246497,pessimistic_estimation_time,36,0.0064319,
1645269235.247293,dist_to_ref_point_time,36,8.24e-05,
1645269235.247978,sorting_pessimistic_est_time,36,0.0002346,
1645269235.248529,similarity_calculation,36,1,
1645269235.248984,similarity_calculation,36,1,
1645269235.249436,similarity_calculation,36,1,
1645269235.24988,similarity_calculation,36,1,
1645269235.250322,similarity_calculation,36,1,
1645269235.257305,pessimistic_estimation_time,37,0.0062041,
1645269235.257891,dist_to_ref_point_time,37,8.110000000000001e-05,
1645269235.258514,sorting_pessimistic_est_time,37,0.0002263,
1645269235.258914,similarity_calculation,37,1,
1645269235.259516,similarity_calculation,37,1,
1645269235.260054,similarity_calculation,37,1,
1645269235.260512,similarity_calculation,37,1,
1645269235.261013,similarity_calculation,37,1,
1645269235.267902,pessimistic_estimation_time,38,0.006118,
1645269235.268605,dist_to_ref_point_time,38,8.14e-05,
1645269235.269321,sorting_pessimistic_est_time,38,0.0002292,
1645269235.269808,similarity_calculation,38,1,
1645269235.270335,similarity_calculation,38,1,
1645269235.270851,similarity_calculation,38,1,
1645269235.271355,similarity_calculation,38,1,
1645269235.271897,similarity_calculation,38,1,
1645269235.278954,pessimistic_estimation_time,39,0.0062594,
1645269235.279529,dist_to_ref_point_time,39,8.13e-05,
1645269235.280194,sorting_pessimistic_est_time,39,0.0002235,
1645269235.280672,similarity_calculation,39,1,
1645269235.281158,similarity_calculation,39,1,
1645269235.281847,similarity_calculation,39,1,
1645269235.282388,similarity_calculation,39,1,
1645269235.282902,similarity_calculation,39,1,
1645269235.289897,pessimistic_estimation_time,40,0.0061772,
1645269235.29047,dist_to_ref_point_time,40,8.01e-05,
1645269235.291206,sorting_pessimistic_est_time,40,0.000233,
1645269235.291689,similarity_calculation,40,1,
1645269235.292243,similarity_calculation,40,1,
1645269235.292718,similarity_calculation,40,1,
1645269235.293164,similarity_calculation,40,1,
1645269235.29365,similarity_calculation,40,1,
1645269235.300634,pessimistic_estimation_time,41,0.0061892,
1645269235.301195,dist_to_ref_point_time,41,8.04e-05,
1645269235.301856,sorting_pessimistic_est_time,41,0.0002264,
1645269235.30226,similarity_calculation,41,1,
1645269235.302705,similarity_calculation,41,1,
1645269235.303181,similarity_calculation,41,1,
1645269235.303655,similarity_calculation,41,1,
1645269235.304097,similarity_calculation,41,1,
1645269235.311155,pessimistic_estimation_time,42,0.0062707,
1645269235.311737,dist_to_ref_point_time,42,8.04e-05,
1645269235.312381,sorting_pessimistic_est_time,42,0.0002256,
1645269235.312818,similarity_calculation,42,1,
1645269235.313309,similarity_calculation,42,1,
1645269235.313821,similarity_calculation,42,1,
1645269235.31432,similarity_calculation,42,1,
1645269235.314801,similarity_calculation,42,1,
1645269235.321754,pessimistic_estimation_time,43,0.0061499,
1645269235.322333,dist_to_ref_point_time,43,8.01e-05,
1645269235.323104,sorting_pessimistic_est_time,43,0.0003506,
1645269235.323543,similarity_calculation,43,1,
1645269235.324016,similarity_calculation,43,1,
1645269235.324487,similarity_calculation,43,1,
1645269235.324986,similarity_calculation,43,1,
1645269235.325553,similarity_calculation,43,1,
1645269235.332517,pessimistic_estimation_time,44,0.0061764,
1645269235.333064,dist_to_ref_point_time,44,8.01e-05,
1645269235.333726,sorting_pessimistic_est_time,44,0.0002137,
1645269235.334183,similarity_calculation,44,1,
1645269235.33468,similarity_calculation,44,1,
1645269235.335173,similarity_calculation,44,1,
1645269235.335668,similarity_calculation,44,1,
1645269235.336158,similarity_calculation,44,1,
1645269235.343243,pessimistic_estimation_time,45,0.0063003,
1645269235.343879,dist_to_ref_point_time,45,7.92e-05,
1645269235.344558,sorting_pessimistic_est_time,45,0.0002161,
1645269235.345015,similarity_calculation,45,1,
1645269235.345512,similarity_calculation,45,1,
1645269235.34601,similarity_calculation,45,1,
1645269235.346507,similarity_calculation,45,1,
1645269235.347008,similarity_calculation,45,1,
1645269235.354019,pessimistic_estimation_time,46,0.0062203,
1645269235.354895,dist_to_ref_point_time,46,8.37e-05,
1645269235.355627,sorting_pessimistic_est_time,46,0.0002375,
1645269235.35609,similarity_calculation,46,1,
1645269235.35659,similarity_calculation,46,1,
1645269235.357089,similarity_calculation,46,1,
1645269235.357586,similarity_calculation,46,1,
1645269235.358081,similarity_calculation,46,1,
1645269235.365176,pessimistic_estimation_time,47,0.0062599,
1645269235.365914,dist_to_ref_point_time,47,7.96e-05,
1645269235.366608,sorting_pessimistic_est_time,47,0.0002199,
1645269235.367081,similarity_calculation,47,1,
1645269235.367587,similarity_calculation,47,1,
1645269235.368098,similarity_calculation,47,1,
1645269235.368603,similarity_calculation,47,1,
1645269235.369109,similarity_calculation,47,1,
1645269235.376198,pessimistic_estimation_time,48,0.0062951,
1645269235.376909,dist_to_ref_point_time,48,7.940000000000001e-05,
1645269235.377569,sorting_pessimistic_est_time,48,0.0002152,
1645269235.378036,similarity_calculation,48,1,
1645269235.37854,similarity_calculation,48,1,
1645269235.379049,similarity_calculation,48,1,
1645269235.379644,similarity_calculation,48,1,
1645269235.380153,similarity_calculation,48,1,
1645269235.387123,pessimistic_estimation_time,49,0.0060998,
1645269235.387712,dist_to_ref_point_time,49,7.92e-05,
1645269235.388393,sorting_pessimistic_est_time,49,0.0002275,
1645269235.388865,similarity_calculation,49,1,
1645269235.389381,similarity_calculation,49,1,
1645269235.389902,similarity_calculation,49,1,
1645269235.390411,similarity_calculation,49,1,
1645269235.39099,similarity_calculation,49,1,
1645269235.397919,pessimistic_estimation_time,50,0.0061234,
1645269235.398569,dist_to_ref_point_time,50,7.940000000000001e-05,
1645269235.399263,sorting_pessimistic_est_time,50,0.0002194,
1645269235.399747,similarity_calculation,50,1,
1645269235.400252,similarity_calculation,50,1,
1645269235.400765,similarity_calculation,50,1,
1645269235.401241,similarity_calculation,50,1,
1645269235.401752,similarity_calculation,50,1,
1645269235.408676,pessimistic_estimation_time,51,0.0061032,
1645269235.409326,dist_to_ref_point_time,51,7.91e-05,
1645269235.410024,sorting_pessimistic_est_time,51,0.0002225,
1645269235.410519,similarity_calculation,51,1,
1645269235.411112,similarity_calculation,51,1,
1645269235.411676,similarity_calculation,51,1,
1645269235.412151,similarity_calculation,51,1,
1645269235.412629,similarity_calculation,51,1,
1645269235.419865,pessimistic_estimation_time,52,0.0062769,
1645269235.420409,dist_to_ref_point_time,52,8.24e-05,
1645269235.42109,sorting_pessimistic_est_time,52,0.000299,
1645269235.421588,similarity_calculation,52,1,
1645269235.422127,similarity_calculation,52,1,
1645269235.422661,similarity_calculation,52,1,
1645269235.423187,similarity_calculation,52,1,
1645269235.423713,similarity_calculation,52,1,
1645269235.430619,pessimistic_estimation_time,53,0.0060793,
1645269235.431433,dist_to_ref_point_time,53,8.08e-05,
1645269235.432191,sorting_pessimistic_est_time,53,0.0002212,
1645269235.432692,similarity_calculation,53,1,
1645269235.433203,similarity_calculation,53,1,
1645269235.433714,similarity_calculation,53,1,
1645269235.434286,similarity_calculation,53,1,
1645269235.434801,similarity_calculation,53,1,
1645269235.442075,pessimistic_estimation_time,54,0.0064487,
1645269235.44267,dist_to_ref_point_time,54,8.02e-05,
1645269235.443354,sorting_pessimistic_est_time,54,0.000222,
1645269235.443874,similarity_calculation,54,1,
1645269235.444387,similarity_calculation,54,1,
1645269235.444901,similarity_calculation,54,1,
1645269235.445416,similarity_calculation,54,1,
1645269235.445928,similarity_calculation,54,1,
1645269235.452958,pessimistic_estimation_time,55,0.0062282,
1645269235.453686,dist_to_ref_point_time,55,7.940000000000001e-05,
1645269235.45449,sorting_pessimistic_est_time,55,0.0002231,
1645269235.454979,similarity_calculation,55,1,
1645269235.455496,similarity_calculation,55,1,
1645269235.456012,similarity_calculation,55,1,
1645269235.456527,similarity_calculation,55,1,
1645269235.457018,similarity_calculation,55,1,
1645269235.463998,pessimistic_estimation_time,56,0.0061764,
1645269235.464614,dist_to_ref_point_time,56,7.88e-05,
1645269235.46532,sorting_pessimistic_est_time,56,0.0002136,
1645269235.465798,similarity_calculation,56,1,
1645269235.466515,similarity_calculation,56,1,
1645269235.467052,similarity_calculation,56,1,
1645269235.467659,similarity_calculation,56,1,
1645269235.468263,similarity_calculation,56,1,
1645269235.475562,pessimistic_estimation_time,57,0.0064406,
1645269235.476388,dist_to_ref_point_time,57,0.0001357,
1645269235.477266,sorting_pessimistic_est_time,57,0.0003399,
1645269235.477769,similarity_calculation,57,1,
1645269235.47826,similarity_calculation,57,1,
1645269235.478824,similarity_calculation,57,1,
1645269235.479377,similarity_calculation,57,1,
1645269235.479875,similarity_calculation,57,1,
1645269235.487561,pessimistic_estimation_time,58,0.0068078,
1645269235.48812,dist_to_ref_point_time,58,8.01e-05,
1645269235.488792,sorting_pessimistic_est_time,58,0.0002244,
1645269235.489259,similarity_calculation,58,1,
1645269235.489766,similarity_calculation,58,1,
1645269235.490275,similarity_calculation,58,1,
1645269235.490784,similarity_calculation,58,1,
1645269235.491349,similarity_calculation,58,1,
1645269235.498227,pessimistic_estimation_time,59,0.0060585,
1645269235.499022,dist_to_ref_point_time,59,8.08e-05,
1645269235.499773,sorting_pessimistic_est_time,59,0.0002291,
1645269235.500291,similarity_calculation,59,1,
1645269235.500859,similarity_calculation,59,1,
1645269235.501559,similarity_calculation,59,1,
1645269235.502141,similarity_calculation,59,1,
1645269235.502708,similarity_calculation,59,1,
1645269235.50976,pessimistic_estimation_time,60,0.0061837,
1645269235.510484,dist_to_ref_point_time,60,8.12e-05,
1645269235.511257,sorting_pessimistic_est_time,60,0.0002307,
1645269235.511858,similarity_calculation,60,1,
1645269235.512425,similarity_calculation,60,1,
1645269235.512987,similarity_calculation,60,1,
1645269235.513546,similarity_calculation,60,1,
1645269235.514113,similarity_calculation,60,1,
1645269235.521179,pessimistic_estimation_time,61,0.0061742,
1645269235.521821,dist_to_ref_point_time,61,8.08e-05,
1645269235.52255,sorting_pessimistic_est_time,61,0.0002229,
1645269235.523069,similarity_calculation,61,1,
1645269235.52363,similarity_calculation,61,1,
1645269235.52419,similarity_calculation,61,1,
1645269235.524751,similarity_calculation,61,1,
1645269235.525309,similarity_calculation,61,1,
1645269235.53245,pessimistic_estimation_time,62,0.0062894,
1645269235.53311,dist_to_ref_point_time,62,8.050000000000001e-05,
1645269235.533832,sorting_pessimistic_est_time,62,0.000225,
1645269235.534353,similarity_calculation,62,1,
1645269235.534916,similarity_calculation,62,1,
1645269235.535477,similarity_calculation,62,1,
1645269235.536036,similarity_calculation,62,1,
1645269235.536594,similarity_calculation,62,1,
1645269235.543591,pessimistic_estimation_time,63,0.0061432,
1645269235.544269,dist_to_ref_point_time,63,8.050000000000001e-05,
1645269235.544994,sorting_pessimistic_est_time,63,0.0002271,
1645269235.545511,similarity_calculation,63,1,
1645269235.546072,similarity_calculation,63,1,
1645269235.546628,similarity_calculation,63,1,
1645269235.547194,similarity_calculation,63,1,
1645269235.547755,similarity_calculation,63,1,
1645269235.55489,pessimistic_estimation_time,64,0.0062801,
1645269235.555491,dist_to_ref_point_time,64,8.09e-05,
1645269235.556219,sorting_pessimistic_est_time,64,0.000233,
1645269235.556735,similarity_calculation,64,1,
1645269235.557295,similarity_calculation,64,1,
1645269235.557857,similarity_calculation,64,1,
1645269235.558417,similarity_calculation,64,1,
1645269235.559005,similarity_calculation,64,1,
1645269235.566151,pessimistic_estimation_time,65,0.0062952,
1645269235.56681,dist_to_ref_point_time,65,8.050000000000001e-05,
1645269235.567565,sorting_pessimistic_est_time,65,0.0002203,
1645269235.568087,similarity_calculation,65,1,
1645269235.568644,similarity_calculation,65,1,
1645269235.569205,similarity_calculation,65,1,
1645269235.569767,similarity_calculation,65,1,
1645269235.570324,similarity_calculation,65,1,
1645269235.57752,pessimistic_estimation_time,66,0.0062457,
1645269235.578341,dist_to_ref_point_time,66,9.91e-05,
1645269235.579362,sorting_pessimistic_est_time,66,0.0002425,
1645269235.58004,similarity_calculation,66,1,
1645269235.58071,similarity_calculation,66,1,
1645269235.581294,similarity_calculation,66,1,
1645269235.581857,similarity_calculation,66,1,
1645269235.582425,similarity_calculation,66,1,
1645269235.589762,pessimistic_estimation_time,67,0.0064678,
1645269235.590361,dist_to_ref_point_time,67,8.15e-05,
1645269235.591152,sorting_pessimistic_est_time,67,0.0003329,
1645269235.59163,similarity_calculation,67,1,
1645269235.592174,similarity_calculation,67,1,
1645269235.592694,similarity_calculation,67,1,
1645269235.593244,similarity_calculation,67,1,
1645269235.593761,similarity_calculation,67,1,
1645269235.600628,pessimistic_estimation_time,68,0.0060692,
1645269235.601512,dist_to_ref_point_time,68,7.91e-05,
1645269235.602225,sorting_pessimistic_est_time,68,0.0002213,
1645269235.602699,similarity_calculation,68,1,
1645269235.60321,similarity_calculation,68,1,
1645269235.603718,similarity_calculation,68,1,
1645269235.604232,similarity_calculation,68,1,
1645269235.604745,similarity_calculation,68,1,
1645269235.612296,pessimistic_estimation_time,69,0.0067461,
1645269235.612937,dist_to_ref_point_time,69,8.15e-05,
1645269235.613662,sorting_pessimistic_est_time,69,0.0002536,
1645269235.614148,similarity_calculation,69,1,
1645269235.614659,similarity_calculation,69,1,
1645269235.615156,similarity_calculation,69,1,
1645269235.615632,similarity_calculation,69,1,
1645269235.616117,similarity_calculation,69,1,
1645269235.623443,pessimistic_estimation_time,70,0.0065251,
1645269235.624082,dist_to_ref_point_time,70,7.889999999999999e-05,
1645269235.624758,sorting_pessimistic_est_time,70,0.0002214,
1645269235.625235,similarity_calculation,70,1,
1645269235.62575,similarity_calculation,70,1,
1645269235.626291,similarity_calculation,70,1,
1645269235.626805,similarity_calculation,70,1,
1645269235.627355,similarity_calculation,70,1,
1645269235.634427,pessimistic_estimation_time,71,0.0062329,
1645269235.635058,dist_to_ref_point_time,71,7.85e-05,
1645269235.635772,sorting_pessimistic_est_time,71,0.0002313,
1645269235.636257,similarity_calculation,71,1,
1645269235.636772,similarity_calculation,71,1,
1645269235.637287,similarity_calculation,71,1,
1645269235.637801,similarity_calculation,71,1,
1645269235.638314,similarity_calculation,71,1,
1645269235.64539,pessimistic_estimation_time,72,0.0062707,
1645269235.646164,dist_to_ref_point_time,72,8.09e-05,
1645269235.646883,sorting_pessimistic_est_time,72,0.0002266,
1645269235.647371,similarity_calculation,72,1,
1645269235.64789,similarity_calculation,72,1,
1645269235.648411,similarity_calculation,72,1,
1645269235.648924,similarity_calculation,72,1,
1645269235.649437,similarity_calculation,72,1,
1645269235.656567,pessimistic_estimation_time,73,0.0062364,
1645269235.657199,dist_to_ref_point_time,73,7.96e-05,
1645269235.657876,sorting_pessimistic_est_time,73,0.0002222,
1645269235.658387,similarity_calculation,73,1,
1645269235.658908,similarity_calculation,73,1,
1645269235.659429,similarity_calculation,73,1,
1645269235.659942,similarity_calculation,73,1,
1645269235.660455,similarity_calculation,73,1,
1645269235.667538,pessimistic_estimation_time,74,0.0062241,
1645269235.66817,dist_to_ref_point_time,74,8.01e-05,
1645269235.668845,sorting_pessimistic_est_time,74,0.0002222,
1645269235.669318,similarity_calculation,74,1,
1645269235.669827,similarity_calculation,74,1,
1645269235.670367,similarity_calculation,74,1,
1645269235.670901,similarity_calculation,74,1,
1645269235.671412,similarity_calculation,74,1,
1645269235.678371,pessimistic_estimation_time,75,0.0061604,
1645269235.678929,dist_to_ref_point_time,75,7.91e-05,
1645269235.679604,sorting_pessimistic_est_time,75,0.0002207,
1645269235.680078,similarity_calculation,75,1,
1645269235.680587,similarity_calculation,75,1,
1645269235.681103,similarity_calculation,75,1,
1645269235.681615,similarity_calculation,75,1,
1645269235.682253,similarity_calculation,75,1,
1645269235.689278,pessimistic_estimation_time,76,0.0062229,
1645269235.689939,dist_to_ref_point_time,76,7.940000000000001e-05,
1645269235.690634,sorting_pessimistic_est_time,76,0.0002244,
1645269235.691111,similarity_calculation,76,1,
1645269235.691621,similarity_calculation,76,1,
1645269235.692138,similarity_calculation,76,1,
1645269235.692644,similarity_calculation,76,1,
1645269235.693156,similarity_calculation,76,1,
1645269235.700178,pessimistic_estimation_time,77,0.0062208,
1645269235.700737,dist_to_ref_point_time,77,7.940000000000001e-05,
1645269235.701407,sorting_pessimistic_est_time,77,0.0002187,
1645269235.70188,similarity_calculation,77,1,
1645269235.702389,similarity_calculation,77,1,
1645269235.702927,similarity_calculation,77,1,
1645269235.703439,similarity_calculation,77,1,
1645269235.703952,similarity_calculation,77,1,
1645269235.711163,pessimistic_estimation_time,78,0.0064103,
1645269235.711841,dist_to_ref_point_time,78,7.940000000000001e-05,
1645269235.712571,sorting_pessimistic_est_time,78,0.000225,
1645269235.713346,similarity_calculation,78,1,
1645269235.713877,similarity_calculation,78,1,
1645269235.714392,similarity_calculation,78,1,
1645269235.714905,similarity_calculation,78,1,
1645269235.71551,similarity_calculation,78,1,
1645269235.722478,pessimistic_estimation_time,79,0.006118,
1645269235.723178,dist_to_ref_point_time,79,7.889999999999999e-05,
1645269235.723889,sorting_pessimistic_est_time,79,0.0002189,
1645269235.724507,similarity_calculation,79,1,
1645269235.725069,similarity_calculation,79,1,
1645269235.725624,similarity_calculation,79,1,
1645269235.726142,similarity_calculation,79,1,
1645269235.726663,similarity_calculation,79,1,
1645269235.733981,pessimistic_estimation_time,80,0.0065134,
1645269235.734765,dist_to_ref_point_time,80,7.96e-05,
1645269235.735443,sorting_pessimistic_est_time,80,0.0002215,
1645269235.735941,similarity_calculation,80,1,
1645269235.736485,similarity_calculation,80,1,
1645269235.736999,similarity_calculation,80,1,
1645269235.737543,similarity_calculation,80,1,
1645269235.738055,similarity_calculation,80,1,
1645269235.74536,pessimistic_estimation_time,81,0.0064134,
1645269235.746021,dist_to_ref_point_time,81,8.19e-05,
1645269235.746737,sorting_pessimistic_est_time,81,0.0002229,
1645269235.747253,similarity_calculation,81,1,
1645269235.74781,similarity_calculation,81,1,
1645269235.748333,similarity_calculation,81,1,
1645269235.749058,similarity_calculation,81,1,
1645269235.749548,similarity_calculation,81,1,
1645269235.756648,pessimistic_estimation_time,82,0.0063377,
1645269235.757374,dist_to_ref_point_time,82,0.0001076,
1645269235.758243,sorting_pessimistic_est_time,82,0.0002284,
1645269235.75872,similarity_calculation,82,1,
1645269235.759234,similarity_calculation,82,1,
1645269235.759741,similarity_calculation,82,1,
1645269235.7604,similarity_calculation,82,1,
1645269235.760928,similarity_calculation,82,1,
1645269235.76786,pessimistic_estimation_time,83,0.0061093,
1645269235.768524,dist_to_ref_point_time,83,8.07e-05,
1645269235.769172,sorting_pessimistic_est_time,83,0.0002236,
1645269235.769712,similarity_calculation,83,1,
1645269235.770258,similarity_calculation,83,1,
1645269235.770797,similarity_calculation,83,1,
1645269235.771353,similarity_calculation,83,1,
1645269235.771891,similarity_calculation,83,1,
1645269235.778993,pessimistic_estimation_time,84,0.0062817,
1645269235.779658,dist_to_ref_point_time,84,8.16e-05,
1645269235.780374,sorting_pessimistic_est_time,84,0.0002351,
1645269235.78086,similarity_calculation,84,1,
1645269235.78148,similarity_calculation,84,1,
1645269235.782014,similarity_calculation,84,1,
1645269235.782535,similarity_calculation,84,1,
1645269235.783049,similarity_calculation,84,1,
1645269235.790139,pessimistic_estimation_time,85,0.0062362,
1645269235.790702,dist_to_ref_point_time,85,8.04e-05,
1645269235.791415,sorting_pessimistic_est_time,85,0.0002167,
1645269235.791903,similarity_calculation,85,1,
1645269235.79242,similarity_calculation,85,1,
1645269235.792937,similarity_calculation,85,1,
1645269235.793449,similarity_calculation,85,1,
1645269235.793961,similarity_calculation,85,1,
1645269235.801028,pessimistic_estimation_time,86,0.0062527,
1645269235.801649,dist_to_ref_point_time,86,7.88e-05,
1645269235.802365,sorting_pessimistic_est_time,86,0.0002182,
1645269235.802848,similarity_calculation,86,1,
1645269235.803362,similarity_calculation,86,1,
1645269235.803876,similarity_calculation,86,1,
1645269235.804434,similarity_calculation,86,1,
1645269235.804944,similarity_calculation,86,1,
1645269235.811995,pessimistic_estimation_time,87,0.0062132,
1645269235.812571,dist_to_ref_point_time,87,7.97e-05,
1645269235.813251,sorting_pessimistic_est_time,87,0.000221,
1645269235.813726,similarity_calculation,87,1,
1645269235.814241,similarity_calculation,87,1,
1645269235.814795,similarity_calculation,87,1,
1645269235.815309,similarity_calculation,87,1,
1645269235.815821,similarity_calculation,87,1,
1645269235.822915,pessimistic_estimation_time,88,0.0062911,
1645269235.823475,dist_to_ref_point_time,88,7.9e-05,
1645269235.824155,sorting_pessimistic_est_time,88,0.0002221,
1645269235.824626,similarity_calculation,88,1,
1645269235.825143,similarity_calculation,88,1,
1645269235.825657,similarity_calculation,88,1,
1645269235.826169,similarity_calculation,88,1,
1645269235.826678,similarity_calculation,88,1,
1645269235.833663,pessimistic_estimation_time,89,0.0061482,
1645269235.834296,dist_to_ref_point_time,89,7.92e-05,
1645269235.835019,sorting_pessimistic_est_time,89,0.0002204,
1645269235.835507,similarity_calculation,89,1,
1645269235.83602,similarity_calculation,89,1,
1645269235.836532,similarity_calculation,89,1,
1645269235.837043,similarity_calculation,89,1,
1645269235.837564,similarity_calculation,89,1,
1645269235.844544,pessimistic_estimation_time,90,0.006186,
1645269235.845171,dist_to_ref_point_time,90,7.9e-05,
1645269235.845852,sorting_pessimistic_est_time,90,0.0002241,
1645269235.846325,similarity_calculation,90,1,
1645269235.846838,similarity_calculation,90,1,
1645269235.847355,similarity_calculation,90,1,
1645269235.847866,similarity_calculation,90,1,
1645269235.848379,similarity_calculation,90,1,
1645269235.855561,pessimistic_estimation_time,91,0.0063807,
1645269235.856116,dist_to_ref_point_time,91,7.889999999999999e-05,
1645269235.856789,sorting_pessimistic_est_time,91,0.0002187,
1645269235.857262,similarity_calculation,91,1,
1645269235.857774,similarity_calculation,91,1,
1645269235.858287,similarity_calculation,91,1,
1645269235.858798,similarity_calculation,91,1,
1645269235.859311,similarity_calculation,91,1,
1645269235.866223,pessimistic_estimation_time,92,0.0060977,
1645269235.867004,dist_to_ref_point_time,92,7.87e-05,
1645269235.867721,sorting_pessimistic_est_time,92,0.0002217,
1645269235.868196,similarity_calculation,92,1,
1645269235.86871,similarity_calculation,92,1,
1645269235.869221,similarity_calculation,92,1,
1645269235.869742,similarity_calculation,92,1,
1645269235.870272,similarity_calculation,92,1,
1645269235.877218,pessimistic_estimation_time,93,0.0061058,
1645269235.878072,dist_to_ref_point_time,93,7.92e-05,
1645269235.87877,sorting_pessimistic_est_time,93,0.0002196,
1645269235.879218,similarity_calculation,93,1,
1645269235.87974,similarity_calculation,93,1,
1645269235.880257,similarity_calculation,93,1,
1645269235.880776,similarity_calculation,93,1,
1645269235.881297,similarity_calculation,93,1,
1645269235.888319,pessimistic_estimation_time,94,0.0061853,
1645269235.889055,dist_to_ref_point_time,94,7.92e-05,
1645269235.889769,sorting_pessimistic_est_time,94,0.0002246,
1645269235.890247,similarity_calculation,94,1,
1645269235.890767,similarity_calculation,94,1,
1645269235.891287,similarity_calculation,94,1,
1645269235.891799,similarity_calculation,94,1,
1645269235.892313,similarity_calculation,94,1,
1645269235.899295,pessimistic_estimation_time,95,0.0061811,
1645269235.900099,dist_to_ref_point_time,95,0.0001025,
1645269235.900769,sorting_pessimistic_est_time,95,0.0002145,
1645269235.901244,similarity_calculation,95,1,
1645269235.901793,similarity_calculation,95,1,
1645269235.902312,similarity_calculation,95,1,
1645269235.902827,similarity_calculation,95,1,
1645269235.903337,similarity_calculation,95,1,
1645269235.910369,pessimistic_estimation_time,96,0.0062275,
1645269235.911032,dist_to_ref_point_time,96,7.93e-05,
1645269235.911713,sorting_pessimistic_est_time,96,0.0002194,
1645269235.91219,similarity_calculation,96,1,
1645269235.912705,similarity_calculation,96,1,
1645269235.913216,similarity_calculation,96,1,
1645269235.913732,similarity_calculation,96,1,
1645269235.914242,similarity_calculation,96,1,
1645269235.921245,pessimistic_estimation_time,97,0.0061995,
1645269235.921836,dist_to_ref_point_time,97,7.85e-05,
1645269235.922545,sorting_pessimistic_est_time,97,0.0002201,
1645269235.923031,similarity_calculation,97,1,
1645269235.923553,similarity_calculation,97,1,
1645269235.92407,similarity_calculation,97,1,
1645269235.924582,similarity_calculation,97,1,
1645269235.925095,similarity_calculation,97,1,
1645269235.932013,pessimistic_estimation_time,98,0.0061146,
1645269235.932664,dist_to_ref_point_time,98,7.889999999999999e-05,
1645269235.933498,sorting_pessimistic_est_time,98,0.0002482,
1645269235.93398,similarity_calculation,98,1,
1645269235.934495,similarity_calculation,98,1,
1645269235.93501,similarity_calculation,98,1,
1645269235.935519,similarity_calculation,98,1,
1645269235.936229,similarity_calculation,98,1,
1645269235.943182,pessimistic_estimation_time,99,0.0061368,
1645269235.943749,dist_to_ref_point_time,99,7.92e-05,
1645269235.944442,sorting_pessimistic_est_time,99,0.0002233,
1645269235.944922,similarity_calculation,99,1,
1645269235.945437,similarity_calculation,99,1,
1645269235.945956,similarity_calculation,99,1,
1645269235.946473,similarity_calculation,99,1,
1645269235.946983,similarity_calculation,99,1,
1645269235.954142,pessimistic_estimation_time,100,0.0063092,
1645269235.954797,dist_to_ref_point_time,100,7.93e-05,
1645269235.955549,sorting_pessimistic_est_time,100,0.0002197,
1645269235.956043,similarity_calculation,100,1,
1645269235.956577,similarity_calculation,100,1,
1645269235.957089,similarity_calculation,100,1,
1645269235.957601,similarity_calculation,100,1,
1645269235.958112,similarity_calculation,100,1,
1645269235.965232,pessimistic_estimation_time,101,0.0063145,
1645269235.965795,dist_to_ref_point_time,101,7.889999999999999e-05,
1645269235.966472,sorting_pessimistic_est_time,101,0.000221,
1645269235.966945,similarity_calculation,101,1,
1645269235.96746,similarity_calculation,101,1,
1645269235.967977,similarity_calculation,101,1,
1645269235.968491,similarity_calculation,101,1,
1645269235.969002,similarity_calculation,101,1,
1645269235.975984,pessimistic_estimation_time,102,0.0061802,
1645269235.976644,dist_to_ref_point_time,102,7.9e-05,
1645269235.977339,sorting_pessimistic_est_time,102,0.0002243,
1645269235.97781,similarity_calculation,102,1,
1645269235.978324,similarity_calculation,102,1,
1645269235.978836,similarity_calculation,102,1,
1645269235.979347,similarity_calculation,102,1,
1645269235.979855,similarity_calculation,102,1,
1645269235.988598,pessimistic_estimation_time,103,0.0079402,
1645269235.989141,dist_to_ref_point_time,103,7.93e-05,
1645269235.989856,sorting_pessimistic_est_time,103,0.0002175,
1645269235.990386,similarity_calculation,103,1,
1645269235.990927,similarity_calculation,103,1,
1645269235.991463,similarity_calculation,103,1,
1645269235.992019,similarity_calculation,103,1,
1645269235.99254,similarity_calculation,103,1,
1645269235.99953,pessimistic_estimation_time,104,0.0062121,
1645269236.000204,dist_to_ref_point_time,104,8.02e-05,
1645269236.000983,sorting_pessimistic_est_time,104,0.0003124,
1645269236.001462,similarity_calculation,104,1,
1645269236.001975,similarity_calculation,104,1,
1645269236.002489,similarity_calculation,104,1,
1645269236.003004,similarity_calculation,104,1,
1645269236.003517,similarity_calculation,104,1,
1645269236.0104,pessimistic_estimation_time,105,0.006082,
1645269236.011297,dist_to_ref_point_time,105,7.889999999999999e-05,
1645269236.012054,sorting_pessimistic_est_time,105,0.0002219,
1645269236.012571,similarity_calculation,105,1,
1645269236.013087,similarity_calculation,105,1,
1645269236.013602,similarity_calculation,105,1,
1645269236.014116,similarity_calculation,105,1,
1645269236.014625,similarity_calculation,105,1,
1645269236.021541,pessimistic_estimation_time,106,0.0061121,
1645269236.022302,dist_to_ref_point_time,106,7.91e-05,
1645269236.022981,sorting_pessimistic_est_time,106,0.0002215,
1645269236.023453,similarity_calculation,106,1,
1645269236.023968,similarity_calculation,106,1,
1645269236.024481,similarity_calculation,106,1,
1645269236.024991,similarity_calculation,106,1,
1645269236.025503,similarity_calculation,106,1,
1645269236.032585,pessimistic_estimation_time,107,0.0062802,
1645269236.033327,dist_to_ref_point_time,107,7.92e-05,
1645269236.034004,sorting_pessimistic_est_time,107,0.000218,
1645269236.034477,similarity_calculation,107,1,
1645269236.03499,similarity_calculation,107,1,
1645269236.035503,similarity_calculation,107,1,
1645269236.036017,similarity_calculation,107,1,
1645269236.036531,similarity_calculation,107,1,
1645269236.043489,pessimistic_estimation_time,108,0.0061512,
1645269236.044455,dist_to_ref_point_time,108,7.86e-05,
1645269236.045164,sorting_pessimistic_est_time,108,0.000224,
1645269236.045645,similarity_calculation,108,1,
1645269236.046161,similarity_calculation,108,1,
1645269236.046676,similarity_calculation,108,1,
1645269236.047192,similarity_calculation,108,1,
1645269236.047704,similarity_calculation,108,1,
1645269236.054779,pessimistic_estimation_time,109,0.0062618,
1645269236.055527,dist_to_ref_point_time,109,7.91e-05,
1645269236.056216,sorting_pessimistic_est_time,109,0.0002207,
1645269236.056689,similarity_calculation,109,1,
1645269236.057204,similarity_calculation,109,1,
1645269236.057716,similarity_calculation,109,1,
1645269236.058229,similarity_calculation,109,1,
1645269236.058739,similarity_calculation,109,1,
1645269236.065808,pessimistic_estimation_time,110,0.0062638,
1645269236.066535,dist_to_ref_point_time,110,7.98e-05,
1645269236.067247,sorting_pessimistic_est_time,110,0.0002259,
1645269236.067719,similarity_calculation,110,1,
1645269236.06823,similarity_calculation,110,1,
1645269236.068746,similarity_calculation,110,1,
1645269236.069256,similarity_calculation,110,1,
1645269236.06977,similarity_calculation,110,1,
1645269236.076851,pessimistic_estimation_time,111,0.0062537,
1645269236.077436,dist_to_ref_point_time,111,7.940000000000001e-05,
1645269236.078148,sorting_pessimistic_est_time,111,0.0002208,
1645269236.078617,similarity_calculation,111,1,
1645269236.079127,similarity_calculation,111,1,
1645269236.079641,similarity_calculation,111,1,
1645269236.080152,similarity_calculation,111,1,
1645269236.080662,similarity_calculation,111,1,
1645269236.087614,pessimistic_estimation_time,112,0.0061305,
1645269236.088464,dist_to_ref_point_time,112,7.9e-05,
1645269236.089143,sorting_pessimistic_est_time,112,0.0002263,
1645269236.089612,similarity_calculation,112,1,
1645269236.090155,similarity_calculation,112,1,
1645269236.090669,similarity_calculation,112,1,
1645269236.091187,similarity_calculation,112,1,
1645269236.091698,similarity_calculation,112,1,
1645269236.098878,pessimistic_estimation_time,113,0.0063858,
1645269236.099549,dist_to_ref_point_time,113,7.9e-05,
1645269236.100247,sorting_pessimistic_est_time,113,0.0002217,
1645269236.100804,similarity_calculation,113,1,
1645269236.101323,similarity_calculation,113,1,
1645269236.101867,similarity_calculation,113,1,
1645269236.102383,similarity_calculation,113,1,
1645269236.102897,similarity_calculation,113,1,
1645269236.110013,pessimistic_estimation_time,114,0.0062782,
1645269236.110652,dist_to_ref_point_time,114,7.91e-05,
1645269236.111331,sorting_pessimistic_est_time,114,0.0002184,
1645269236.111806,similarity_calculation,114,1,
1645269236.112321,similarity_calculation,114,1,
1645269236.11284,similarity_calculation,114,1,
1645269236.113355,similarity_calculation,114,1,
1645269236.113862,similarity_calculation,114,1,
1645269236.120952,pessimistic_estimation_time,115,0.0060804,
1645269236.121753,dist_to_ref_point_time,115,8.1e-05,
1645269236.122563,sorting_pessimistic_est_time,115,0.0002276,
1645269236.123064,similarity_calculation,115,1,
1645269236.123584,similarity_calculation,115,1,
1645269236.124106,similarity_calculation,115,1,
1645269236.12462,similarity_calculation,115,1,
1645269236.125136,similarity_calculation,115,1,
1645269236.132441,pessimistic_estimation_time,116,0.0064621,
1645269236.133078,dist_to_ref_point_time,116,7.92e-05,
1645269236.133761,sorting_pessimistic_est_time,116,0.0002234,
1645269236.134233,similarity_calculation,116,1,
1645269236.134746,similarity_calculation,116,1,
1645269236.135264,similarity_calculation,116,1,
1645269236.135777,similarity_calculation,116,1,
1645269236.136288,similarity_calculation,116,1,
1645269236.143433,pessimistic_estimation_time,117,0.0063079,
1645269236.144031,dist_to_ref_point_time,117,7.91e-05,
1645269236.144736,sorting_pessimistic_est_time,117,0.0002411,
1645269236.145209,similarity_calculation,117,1,
1645269236.145726,similarity_calculation,117,1,
1645269236.146238,similarity_calculation,117,1,
1645269236.146755,similarity_calculation,117,1,
1645269236.147267,similarity_calculation,117,1,
1645269236.154433,pessimistic_estimation_time,118,0.0062584,
1645269236.155265,dist_to_ref_point_time,118,7.91e-05,
1645269236.156011,sorting_pessimistic_est_time,118,0.0002232,
1645269236.156552,similarity_calculation,118,1,
1645269236.157101,similarity_calculation,118,1,
1645269236.157645,similarity_calculation,118,1,
1645269236.158183,similarity_calculation,118,1,
1645269236.158752,similarity_calculation,118,1,
1645269236.167698,pessimistic_estimation_time,119,0.0080181,
1645269236.168402,dist_to_ref_point_time,119,8.82e-05,
1645269236.169072,sorting_pessimistic_est_time,119,0.0002358,
1645269236.169477,similarity_calculation,119,1,
1645269236.169943,similarity_calculation,119,1,
1645269236.170403,similarity_calculation,119,1,
1645269236.171013,similarity_calculation,119,1,
1645269236.171514,similarity_calculation,119,1,
1645269236.178464,pessimistic_estimation_time,120,0.0060991,
1645269236.179133,dist_to_ref_point_time,120,8.1e-05,
1645269236.179875,sorting_pessimistic_est_time,120,0.0002294,
1645269236.180397,similarity_calculation,120,1,
1645269236.18098,similarity_calculation,120,1,
1645269236.181516,similarity_calculation,120,1,
1645269236.18203,similarity_calculation,120,1,
1645269236.182665,similarity_calculation,120,1,
1645269236.189704,pessimistic_estimation_time,121,0.0062307,
1645269236.190641,dist_to_ref_point_time,121,7.92e-05,
1645269236.191362,sorting_pessimistic_est_time,121,0.0002194,
1645269236.191835,similarity_calculation,121,1,
1645269236.192351,similarity_calculation,121,1,
1645269236.192865,similarity_calculation,121,1,
1645269236.19338,similarity_calculation,121,1,
1645269236.19389,similarity_calculation,121,1,
1645269236.201052,pessimistic_estimation_time,122,0.006358,
1645269236.201635,dist_to_ref_point_time,122,7.93e-05,
1645269236.202314,sorting_pessimistic_est_time,122,0.0002207,
1645269236.20277,similarity_calculation,122,1,
1645269236.203301,similarity_calculation,122,1,
1645269236.20382,similarity_calculation,122,1,
1645269236.204335,similarity_calculation,122,1,
1645269236.204847,similarity_calculation,122,1,
1645269236.211956,pessimistic_estimation_time,123,0.0063007,
1645269236.212534,dist_to_ref_point_time,123,7.889999999999999e-05,
1645269236.213223,sorting_pessimistic_est_time,123,0.0002233,
1645269236.2137,similarity_calculation,123,1,
1645269236.214217,similarity_calculation,123,1,
1645269236.214733,similarity_calculation,123,1,
1645269236.215247,similarity_calculation,123,1,
1645269236.215874,similarity_calculation,123,1,
1645269236.222992,pessimistic_estimation_time,124,0.0063109,
1645269236.223622,dist_to_ref_point_time,124,7.92e-05,
1645269236.224303,sorting_pessimistic_est_time,124,0.0002245,
1645269236.224775,similarity_calculation,124,1,
1645269236.225292,similarity_calculation,124,1,
1645269236.225804,similarity_calculation,124,1,
1645269236.226319,similarity_calculation,124,1,
1645269236.226834,similarity_calculation,124,1,
1645269236.233908,pessimistic_estimation_time,125,0.0062707,
1645269236.234681,dist_to_ref_point_time,125,7.92e-05,
1645269236.235368,sorting_pessimistic_est_time,125,0.0002302,
1645269236.235851,similarity_calculation,125,1,
1645269236.236397,similarity_calculation,125,1,
1645269236.236968,similarity_calculation,125,1,
1645269236.23747,similarity_calculation,125,1,
1645269236.238029,similarity_calculation,125,1,
1645269236.245121,pessimistic_estimation_time,126,0.0062217,
1645269236.24592,dist_to_ref_point_time,126,7.96e-05,
1645269236.246618,sorting_pessimistic_est_time,126,0.0002198,
1645269236.247097,similarity_calculation,126,1,
1645269236.24761,similarity_calculation,126,1,
1645269236.248124,similarity_calculation,126,1,
1645269236.248634,similarity_calculation,126,1,
1645269236.249303,similarity_calculation,126,1,
1645269236.256533,pessimistic_estimation_time,127,0.006398,
1645269236.257077,dist_to_ref_point_time,127,7.889999999999999e-05,
1645269236.257778,sorting_pessimistic_est_time,127,0.0002192,
1645269236.25827,similarity_calculation,127,1,
1645269236.258803,similarity_calculation,127,1,
1645269236.259334,similarity_calculation,127,1,
1645269236.259848,similarity_calculation,127,1,
1645269236.260367,similarity_calculation,127,1,
1645269236.267666,pessimistic_estimation_time,128,0.0064454,
1645269236.268397,dist_to_ref_point_time,128,7.97e-05,
1645269236.26907,sorting_pessimistic_est_time,128,0.0002191,
1645269236.269551,similarity_calculation,128,1,
1645269236.270059,similarity_calculation,128,1,
1645269236.270594,similarity_calculation,128,1,
1645269236.27112,similarity_calculation,128,1,
1645269236.271632,similarity_calculation,128,1,
1645269236.278655,pessimistic_estimation_time,129,0.0061875,
1645269236.279324,dist_to_ref_point_time,129,7.93e-05,
1645269236.28004,sorting_pessimistic_est_time,129,0.0002259,
1645269236.280529,similarity_calculation,129,1,
1645269236.280991,similarity_calculation,129,1,
1645269236.281511,similarity_calculation,129,1,
1645269236.282019,similarity_calculation,129,1,
1645269236.282617,similarity_calculation,129,1,
1645269236.289645,pessimistic_estimation_time,130,0.0062284,
1645269236.290217,dist_to_ref_point_time,130,7.91e-05,
1645269236.290928,sorting_pessimistic_est_time,130,0.0002529,
1645269236.291404,similarity_calculation,130,1,
1645269236.291917,similarity_calculation,130,1,
1645269236.292431,similarity_calculation,130,1,
1645269236.292941,similarity_calculation,130,1,
1645269236.293452,similarity_calculation,130,1,
1645269236.300385,pessimistic_estimation_time,131,0.0061284,
1645269236.301113,dist_to_ref_point_time,131,7.87e-05,
1645269236.301822,sorting_pessimistic_est_time,131,0.0002192,
1645269236.302325,similarity_calculation,131,1,
1645269236.302926,similarity_calculation,131,1,
1645269236.303443,similarity_calculation,131,1,
1645269236.303956,similarity_calculation,131,1,
1645269236.304467,similarity_calculation,131,1,
1645269236.311371,pessimistic_estimation_time,132,0.0060686,
1645269236.312178,dist_to_ref_point_time,132,7.92e-05,
1645269236.312862,sorting_pessimistic_est_time,132,0.0002186,
1645269236.313337,similarity_calculation,132,1,
1645269236.313849,similarity_calculation,132,1,
1645269236.314363,similarity_calculation,132,1,
1645269236.314875,similarity_calculation,132,1,
1645269236.315388,similarity_calculation,132,1,
1645269236.322472,pessimistic_estimation_time,133,0.006233,
1645269236.323077,dist_to_ref_point_time,133,7.9e-05,
1645269236.323752,sorting_pessimistic_est_time,133,0.0002193,
1645269236.324227,similarity_calculation,133,1,
1645269236.324761,similarity_calculation,133,1,
1645269236.325275,similarity_calculation,133,1,
1645269236.325785,similarity_calculation,133,1,
1645269236.326299,similarity_calculation,133,1,
1645269236.333253,pessimistic_estimation_time,134,0.0061514,
1645269236.333879,dist_to_ref_point_time,134,7.889999999999999e-05,
1645269236.334546,sorting_pessimistic_est_time,134,0.0002164,
1645269236.335018,similarity_calculation,134,1,
1645269236.335526,similarity_calculation,134,1,
1645269236.33604,similarity_calculation,134,1,
1645269236.336546,similarity_calculation,134,1,
1645269236.337164,similarity_calculation,134,1,
1645269236.344165,pessimistic_estimation_time,135,0.0061998,
1645269236.344801,dist_to_ref_point_time,135,7.889999999999999e-05,
1645269236.34548,sorting_pessimistic_est_time,135,0.0002247,
1645269236.345943,similarity_calculation,135,1,
1645269236.346468,similarity_calculation,135,1,
1645269236.347081,similarity_calculation,135,1,
1645269236.347613,similarity_calculation,135,1,
1645269236.348178,similarity_calculation,135,1,
1645269236.355315,pessimistic_estimation_time,136,0.0062745,
1645269236.355979,dist_to_ref_point_time,136,8.01e-05,
1645269236.356705,sorting_pessimistic_est_time,136,0.0002218,
1645269236.357224,similarity_calculation,136,1,
1645269236.357739,similarity_calculation,136,1,
1645269236.358258,similarity_calculation,136,1,
1645269236.35877,similarity_calculation,136,1,
1645269236.35928,similarity_calculation,136,1,
1645269236.366304,pessimistic_estimation_time,137,0.0062231,
1645269236.366932,dist_to_ref_point_time,137,7.940000000000001e-05,
1645269236.367631,sorting_pessimistic_est_time,137,0.0002465,
1645269236.368101,similarity_calculation,137,1,
1645269236.368609,similarity_calculation,137,1,
1645269236.369154,similarity_calculation,137,1,
1645269236.369671,similarity_calculation,137,1,
1645269236.370184,similarity_calculation,137,1,
1645269236.37729,pessimistic_estimation_time,138,0.0062801,
1645269236.37798,dist_to_ref_point_time,138,7.949999999999999e-05,
1645269236.378703,sorting_pessimistic_est_time,138,0.0002192,
1645269236.379186,similarity_calculation,138,1,
1645269236.379699,similarity_calculation,138,1,
1645269236.380214,similarity_calculation,138,1,
1645269236.380723,similarity_calculation,138,1,
1645269236.381265,similarity_calculation,138,1,
1645269236.388239,pessimistic_estimation_time,139,0.0061418,
1645269236.388992,dist_to_ref_point_time,139,7.940000000000001e-05,
1645269236.389707,sorting_pessimistic_est_time,139,0.0002224,
1645269236.390189,similarity_calculation,139,1,
1645269236.390702,similarity_calculation,139,1,
1645269236.391216,similarity_calculation,139,1,
1645269236.391726,similarity_calculation,139,1,
1645269236.392237,similarity_calculation,139,1,
1645269236.39914,pessimistic_estimation_time,140,0.0061053,
1645269236.399884,dist_to_ref_point_time,140,7.88e-05,
1645269236.400665,sorting_pessimistic_est_time,140,0.000306,
1645269236.401133,similarity_calculation,140,1,
1645269236.401646,similarity_calculation,140,1,
1645269236.402197,similarity_calculation,140,1,
1645269236.402705,similarity_calculation,140,1,
1645269236.403218,similarity_calculation,140,1,
1645269236.410127,pessimistic_estimation_time,141,0.006107,
1645269236.411042,dist_to_ref_point_time,141,7.949999999999999e-05,
1645269236.41171,sorting_pessimistic_est_time,141,0.0002165,
1645269236.412179,similarity_calculation,141,1,
1645269236.412685,similarity_calculation,141,1,
1645269236.413196,similarity_calculation,141,1,
1645269236.413704,similarity_calculation,141,1,
1645269236.414211,similarity_calculation,141,1,
1645269236.421273,pessimistic_estimation_time,142,0.0062638,
1645269236.421926,dist_to_ref_point_time,142,7.92e-05,
1645269236.422627,sorting_pessimistic_est_time,142,0.0002218,
1645269236.423097,similarity_calculation,142,1,
1645269236.423604,similarity_calculation,142,1,
1645269236.424114,similarity_calculation,142,1,
1645269236.424626,similarity_calculation,142,1,
1645269236.425135,similarity_calculation,142,1,
1645269236.432108,pessimistic_estimation_time,143,0.0061736,
1645269236.432857,dist_to_ref_point_time,143,7.889999999999999e-05,
1645269236.433604,sorting_pessimistic_est_time,143,0.0002224,
1645269236.434096,similarity_calculation,143,1,
1645269236.434619,similarity_calculation,143,1,
1645269236.435143,similarity_calculation,143,1,
1645269236.435653,similarity_calculation,143,1,
1645269236.436166,similarity_calculation,143,1,
1645269236.443139,pessimistic_estimation_time,144,0.0061709,
1645269236.443771,dist_to_ref_point_time,144,7.889999999999999e-05,
1645269236.444445,sorting_pessimistic_est_time,144,0.0002185,
1645269236.444916,similarity_calculation,144,1,
1645269236.445424,similarity_calculation,144,1,
1645269236.445937,similarity_calculation,144,1,
1645269236.446448,similarity_calculation,144,1,
1645269236.446958,similarity_calculation,144,1,
1645269236.454147,pessimistic_estimation_time,145,0.0063912,
1645269236.454806,dist_to_ref_point_time,145,7.949999999999999e-05,
1645269236.455516,sorting_pessimistic_est_time,145,0.0002202,
1645269236.45603,similarity_calculation,145,1,
1645269236.456543,similarity_calculation,145,1,
1645269236.457059,similarity_calculation,145,1,
1645269236.457572,similarity_calculation,145,1,
1645269236.458105,similarity_calculation,145,1,
1645269236.465202,pessimistic_estimation_time,146,0.0062854,
1645269236.465798,dist_to_ref_point_time,146,7.92e-05,
1645269236.466534,sorting_pessimistic_est_time,146,0.000229,
1645269236.467172,similarity_calculation,146,1,
1645269236.467685,similarity_calculation,146,1,
1645269236.468246,similarity_calculation,146,1,
1645269236.46876,similarity_calculation,146,1,
1645269236.469273,similarity_calculation,146,1,
1645269236.47622,pessimistic_estimation_time,147,0.0061478,
1645269236.477185,dist_to_ref_point_time,147,7.889999999999999e-05,
1645269236.477896,sorting_pessimistic_est_time,147,0.0002169,
1645269236.478368,similarity_calculation,147,1,
1645269236.47888,similarity_calculation,147,1,
1645269236.479393,similarity_calculation,147,1,
1645269236.479903,similarity_calculation,147,1,
1645269236.480494,similarity_calculation,147,1,
1645269236.487453,pessimistic_estimation_time,148,0.0060898,
1645269236.488088,dist_to_ref_point_time,148,7.889999999999999e-05,
1645269236.488761,sorting_pessimistic_est_time,148,0.0002212,
1645269236.489236,similarity_calculation,148,1,
1645269236.489748,similarity_calculation,148,1,
1645269236.490264,similarity_calculation,148,1,
1645269236.490773,similarity_calculation,148,1,
1645269236.49126,similarity_calculation,148,1,
1645269236.498352,pessimistic_estimation_time,149,0.0062915,
1645269236.499063,dist_to_ref_point_time,149,7.940000000000001e-05,
1645269236.499707,sorting_pessimistic_est_time,149,0.0002177,
1645269236.500177,similarity_calculation,149,1,
1645269236.500684,similarity_calculation,149,1,
1645269236.501195,similarity_calculation,149,1,
1645269236.501701,similarity_calculation,149,1,
1645269236.502212,similarity_calculation,149,1,
1645269236.509106,pessimistic_estimation_time,150,0.0060929,
1645269236.509736,dist_to_ref_point_time,150,7.93e-05,
1645269236.510442,sorting_pessimistic_est_time,150,0.0002161,
1645269236.510988,similarity_calculation,150,1,
1645269236.511468,similarity_calculation,150,1,
1645269236.511918,similarity_calculation,150,1,
1645269236.51242,similarity_calculation,150,1,
1645269236.512868,similarity_calculation,150,1,
1645269236.519694,pessimistic_estimation_time,151,0.0060822,
1645269236.520349,dist_to_ref_point_time,151,7.93e-05,
1645269236.521104,sorting_pessimistic_est_time,151,0.0002517,
1645269236.521624,similarity_calculation,151,1,
1645269236.522137,similarity_calculation,151,1,
1645269236.522676,similarity_calculation,151,1,
1645269236.523188,similarity_calculation,151,1,
1645269236.5237,similarity_calculation,151,1,
1645269236.530722,pessimistic_estimation_time,152,0.0062199,
1645269236.53135,dist_to_ref_point_time,152,8.1e-05,
1645269236.532042,sorting_pessimistic_est_time,152,0.0002172,
1645269236.532476,similarity_calculation,152,1,
1645269236.532995,similarity_calculation,152,1,
1645269236.53351,similarity_calculation,152,1,
1645269236.534022,similarity_calculation,152,1,
1645269236.534539,similarity_calculation,152,1,
1645269236.541519,pessimistic_estimation_time,153,0.0061789,
1645269236.542104,dist_to_ref_point_time,153,7.93e-05,
1645269236.542805,sorting_pessimistic_est_time,153,0.0002197,
1645269236.543294,similarity_calculation,153,1,
1645269236.543812,similarity_calculation,153,1,
1645269236.544438,similarity_calculation,153,1,
1645269236.544949,similarity_calculation,153,1,
1645269236.545462,similarity_calculation,153,1,
1645269236.552477,pessimistic_estimation_time,154,0.0061412,
1645269236.553331,dist_to_ref_point_time,154,7.889999999999999e-05,
1645269236.554004,sorting_pessimistic_est_time,154,0.0002201,
1645269236.554501,similarity_calculation,154,1,
1645269236.555013,similarity_calculation,154,1,
1645269236.555528,similarity_calculation,154,1,
1645269236.556132,similarity_calculation,154,1,
1645269236.556646,similarity_calculation,154,1,
1645269236.56362,pessimistic_estimation_time,155,0.0061707,
1645269236.56424,dist_to_ref_point_time,155,7.93e-05,
1645269236.564977,sorting_pessimistic_est_time,155,0.0002798,
1645269236.565474,similarity_calculation,155,1,
1645269236.566019,similarity_calculation,155,1,
1645269236.56656,similarity_calculation,155,1,
1645269236.567072,similarity_calculation,155,1,
1645269236.567585,similarity_calculation,155,1,
1645269236.574539,pessimistic_estimation_time,156,0.006147,
1645269236.575375,dist_to_ref_point_time,156,7.96e-05,
1645269236.576128,sorting_pessimistic_est_time,156,0.000216,
1645269236.576653,similarity_calculation,156,1,
1645269236.577169,similarity_calculation,156,1,
1645269236.577684,similarity_calculation,156,1,
1645269236.578199,similarity_calculation,156,1,
1645269236.578713,similarity_calculation,156,1,
1645269236.5857,pessimistic_estimation_time,157,0.006187,
1645269236.58638,dist_to_ref_point_time,157,7.9e-05,
1645269236.587052,sorting_pessimistic_est_time,157,0.000219,
1645269236.587526,similarity_calculation,157,1,
1645269236.588037,similarity_calculation,157,1,
1645269236.588563,similarity_calculation,157,1,
1645269236.589077,similarity_calculation,157,1,
1645269236.589585,similarity_calculation,157,1,
1645269236.596903,pessimistic_estimation_time,158,0.0065196,
1645269236.597593,dist_to_ref_point_time,158,7.93e-05,
1645269236.598278,sorting_pessimistic_est_time,158,0.0002238,
1645269236.598753,similarity_calculation,158,1,
1645269236.599262,similarity_calculation,158,1,
1645269236.599795,similarity_calculation,158,1,
1645269236.600325,similarity_calculation,158,1,
1645269236.600855,similarity_calculation,158,1,
1645269236.60812,pessimistic_estimation_time,159,0.0063015,
1645269236.608751,dist_to_ref_point_time,159,7.96e-05,
1645269236.609465,sorting_pessimistic_est_time,159,0.0002176,
1645269236.609954,similarity_calculation,159,1,
1645269236.610465,similarity_calculation,159,1,
1645269236.611031,similarity_calculation,159,1,
1645269236.611551,similarity_calculation,159,1,
1645269236.612063,similarity_calculation,159,1,
1645269236.618958,pessimistic_estimation_time,160,0.0060954,
1645269236.619583,dist_to_ref_point_time,160,7.889999999999999e-05,
1645269236.620358,sorting_pessimistic_est_time,160,0.0002804,
1645269236.620997,similarity_calculation,160,1,
1645269236.621556,similarity_calculation,160,1,
1645269236.622094,similarity_calculation,160,1,
1645269236.622627,similarity_calculation,160,1,
1645269236.623158,similarity_calculation,160,1,
1645269236.630432,pessimistic_estimation_time,161,0.0064676,
1645269236.63115,dist_to_ref_point_time,161,8.390000000000001e-05,
1645269236.631826,sorting_pessimistic_est_time,161,0.0002218,
1645269236.63231,similarity_calculation,161,1,
1645269236.632825,similarity_calculation,161,1,
1645269236.633347,similarity_calculation,161,1,
1645269236.633856,similarity_calculation,161,1,
1645269236.634377,similarity_calculation,161,1,
1645269236.641559,pessimistic_estimation_time,162,0.0063452,
1645269236.642183,dist_to_ref_point_time,162,7.92e-05,
1645269236.642896,sorting_pessimistic_est_time,162,0.0002135,
1645269236.643367,similarity_calculation,162,1,
1645269236.644048,similarity_calculation,162,1,
1645269236.644609,similarity_calculation,162,1,
1645269236.645158,similarity_calculation,162,1,
1645269236.645669,similarity_calculation,162,1,
1645269236.652762,pessimistic_estimation_time,163,0.0062914,
1645269236.653394,dist_to_ref_point_time,163,7.9e-05,
1645269236.65408,sorting_pessimistic_est_time,163,0.0002273,
1645269236.654555,similarity_calculation,163,1,
1645269236.655067,similarity_calculation,163,1,
1645269236.655584,similarity_calculation,163,1,
1645269236.656085,similarity_calculation,163,1,
1645269236.656622,similarity_calculation,163,1,
1645269236.663581,pessimistic_estimation_time,164,0.0061589,
1645269236.664535,dist_to_ref_point_time,164,7.889999999999999e-05,
1645269236.66525,sorting_pessimistic_est_time,164,0.0002247,
1645269236.665724,similarity_calculation,164,1,
1645269236.6664,similarity_calculation,164,1,
1645269236.666917,similarity_calculation,164,1,
1645269236.667427,similarity_calculation,164,1,
1645269236.667939,similarity_calculation,164,1,
1645269236.675,pessimistic_estimation_time,165,0.006262,
1645269236.675657,dist_to_ref_point_time,165,7.91e-05,
1645269236.676344,sorting_pessimistic_est_time,165,0.0002184,
1645269236.676816,similarity_calculation,165,1,
1645269236.677327,similarity_calculation,165,1,
1645269236.677842,similarity_calculation,165,1,
1645269236.678351,similarity_calculation,165,1,
1645269236.678862,similarity_calculation,165,1,
1645269236.685943,pessimistic_estimation_time,166,0.0062524,
1645269236.686516,dist_to_ref_point_time,166,7.9e-05,
1645269236.687191,sorting_pessimistic_est_time,166,0.0002235,
1645269236.687664,similarity_calculation,166,1,
1645269236.688176,similarity_calculation,166,1,
1645269236.688692,similarity_calculation,166,1,
1645269236.689201,similarity_calculation,166,1,
1645269236.689712,similarity_calculation,166,1,
1645269236.696732,pessimistic_estimation_time,167,0.0062175,
1645269236.697595,dist_to_ref_point_time,167,7.91e-05,
1645269236.69829,sorting_pessimistic_est_time,167,0.0002203,
1645269236.698779,similarity_calculation,167,1,
1645269236.6993,similarity_calculation,167,1,
1645269236.699816,similarity_calculation,167,1,
1645269236.700325,similarity_calculation,167,1,
1645269236.700836,similarity_calculation,167,1,
1645269236.707862,pessimistic_estimation_time,168,0.0061874,
1645269236.708615,dist_to_ref_point_time,168,7.93e-05,
1645269236.709326,sorting_pessimistic_est_time,168,0.0002209,
1645269236.709801,similarity_calculation,168,1,
1645269236.710311,similarity_calculation,168,1,
1645269236.710828,similarity_calculation,168,1,
1645269236.711336,similarity_calculation,168,1,
1645269236.711847,similarity_calculation,168,1,
1645269236.718821,pessimistic_estimation_time,169,0.0061618,
1645269236.719512,dist_to_ref_point_time,169,7.88e-05,
1645269236.72019,sorting_pessimistic_est_time,169,0.0002217,
1645269236.720661,similarity_calculation,169,1,
1645269236.721176,similarity_calculation,169,1,
1645269236.721691,similarity_calculation,169,1,
1645269236.7222,similarity_calculation,169,1,
1645269236.722714,similarity_calculation,169,1,
1645269236.729753,pessimistic_estimation_time,170,0.0062394,
1645269236.730662,dist_to_ref_point_time,170,7.889999999999999e-05,
1645269236.731383,sorting_pessimistic_est_time,170,0.0002214,
1645269236.731857,similarity_calculation,170,1,
1645269236.732369,similarity_calculation,170,1,
1645269236.733016,similarity_calculation,170,1,
1645269236.733529,similarity_calculation,170,1,
1645269236.734042,similarity_calculation,170,1,
1645269236.740945,pessimistic_estimation_time,171,0.0061023,
1645269236.741597,dist_to_ref_point_time,171,7.93e-05,
1645269236.742292,sorting_pessimistic_est_time,171,0.0002179,
1645269236.742763,similarity_calculation,171,1,
1645269236.743271,similarity_calculation,171,1,
1645269236.743772,similarity_calculation,171,1,
1645269236.744319,similarity_calculation,171,1,
1645269236.74483,similarity_calculation,171,1,
1645269236.751898,pessimistic_estimation_time,172,0.0062688,
1645269236.752459,dist_to_ref_point_time,172,7.889999999999999e-05,
1645269236.753136,sorting_pessimistic_est_time,172,0.0002221,
1645269236.753635,similarity_calculation,172,1,
1645269236.754144,similarity_calculation,172,1,
1645269236.754657,similarity_calculation,172,1,
1645269236.755166,similarity_calculation,172,1,
1645269236.755677,similarity_calculation,172,1,
1645269236.762708,pessimistic_estimation_time,173,0.0061269,
1645269236.763337,dist_to_ref_point_time,173,7.85e-05,
1645269236.764038,sorting_pessimistic_est_time,173,0.0002193,
1645269236.764513,similarity_calculation,173,1,
1645269236.765173,similarity_calculation,173,1,
1645269236.765702,similarity_calculation,173,1,
1645269236.76632,similarity_calculation,173,1,
1645269236.76685,similarity_calculation,173,1,
1645269236.774092,pessimistic_estimation_time,174,0.0064137,
1645269236.774826,dist_to_ref_point_time,174,8.09e-05,
1645269236.775539,sorting_pessimistic_est_time,174,0.0002203,
1645269236.776046,similarity_calculation,174,1,
1645269236.776583,similarity_calculation,174,1,
1645269236.777105,similarity_calculation,174,1,
1645269236.777619,similarity_calculation,174,1,
1645269236.778129,similarity_calculation,174,1,
1645269236.78511,pessimistic_estimation_time,175,0.0061744,
1645269236.785741,dist_to_ref_point_time,175,8.15e-05,
1645269236.786459,sorting_pessimistic_est_time,175,0.0002507,
1645269236.786938,similarity_calculation,175,1,
1645269236.787493,similarity_calculation,175,1,
1645269236.78797,similarity_calculation,175,1,
1645269236.788414,similarity_calculation,175,1,
1645269236.788927,similarity_calculation,175,1,
1645269236.796221,pessimistic_estimation_time,176,0.0063753,
1645269236.79699,dist_to_ref_point_time,176,8.229999999999999e-05,
1645269236.797688,sorting_pessimistic_est_time,176,0.0002296,
1645269236.798166,similarity_calculation,176,1,
1645269236.798714,similarity_calculation,176,1,
1645269236.799248,similarity_calculation,176,1,
1645269236.799847,similarity_calculation,176,1,
1645269236.800372,similarity_calculation,176,1,
1645269236.807655,pessimistic_estimation_time,177,0.006435,
1645269236.808237,dist_to_ref_point_time,177,7.88e-05,
1645269236.808923,sorting_pessimistic_est_time,177,0.0002177,
1645269236.809422,similarity_calculation,177,1,
1645269236.809934,similarity_calculation,177,1,
1645269236.810443,similarity_calculation,177,1,
1645269236.811038,similarity_calculation,177,1,
1645269236.811546,similarity_calculation,177,1,
1645269236.81846,pessimistic_estimation_time,178,0.0061089,
1645269236.81909,dist_to_ref_point_time,178,7.93e-05,
1645269236.819807,sorting_pessimistic_est_time,178,0.0002235,
1645269236.820308,similarity_calculation,178,1,
1645269236.820822,similarity_calculation,178,1,
1645269236.821642,similarity_calculation,178,1,
1645269236.822163,similarity_calculation,178,1,
1645269236.822685,similarity_calculation,178,1,
1645269236.829723,pessimistic_estimation_time,179,0.0062269,
1645269236.830361,dist_to_ref_point_time,179,7.97e-05,
1645269236.831152,sorting_pessimistic_est_time,179,0.0002996,
1645269236.831642,similarity_calculation,179,1,
1645269236.832149,similarity_calculation,179,1,
1645269236.832663,similarity_calculation,179,1,
1645269236.833195,similarity_calculation,179,1,
1645269236.833704,similarity_calculation,179,1,
1645269236.840602,pessimistic_estimation_time,180,0.0060913,
1645269236.841196,dist_to_ref_point_time,180,7.93e-05,
1645269236.841883,sorting_pessimistic_est_time,180,0.0002225,
1645269236.842353,similarity_calculation,180,1,
1645269236.842865,similarity_calculation,180,1,
1645269236.843372,similarity_calculation,180,1,
1645269236.843886,similarity_calculation,180,1,
1645269236.844393,similarity_calculation,180,1,
1645269236.851523,pessimistic_estimation_time,181,0.0062338,
1645269236.852088,dist_to_ref_point_time,181,7.940000000000001e-05,
1645269236.852777,sorting_pessimistic_est_time,181,0.0002268,
1645269236.853246,similarity_calculation,181,1,
1645269236.853762,similarity_calculation,181,1,
1645269236.854273,similarity_calculation,181,1,
1645269236.854786,similarity_calculation,181,1,
1645269236.855316,similarity_calculation,181,1,
1645269236.862405,pessimistic_estimation_time,182,0.0062682,
1645269236.862963,dist_to_ref_point_time,182,7.91e-05,
1645269236.863665,sorting_pessimistic_est_time,182,0.0002202,
1645269236.864172,similarity_calculation,182,1,
1645269236.864696,similarity_calculation,182,1,
1645269236.865212,similarity_calculation,182,1,
1645269236.865728,similarity_calculation,182,1,
1645269236.866233,similarity_calculation,182,1,
1645269236.873287,pessimistic_estimation_time,183,0.0062407,
1645269236.873973,dist_to_ref_point_time,183,7.88e-05,
1645269236.874707,sorting_pessimistic_est_time,183,0.0002166,
1645269236.875191,similarity_calculation,183,1,
1645269236.875707,similarity_calculation,183,1,
1645269236.876217,similarity_calculation,183,1,
1645269236.876836,similarity_calculation,183,1,
1645269236.877349,similarity_calculation,183,1,
1645269236.884347,pessimistic_estimation_time,184,0.0061926,
1645269236.884976,dist_to_ref_point_time,184,7.940000000000001e-05,
1645269236.88568,sorting_pessimistic_est_time,184,0.0002238,
1645269236.886177,similarity_calculation,184,1,
1645269236.886698,similarity_calculation,184,1,
1645269236.887206,similarity_calculation,184,1,
1645269236.887718,similarity_calculation,184,1,
1645269236.888223,similarity_calculation,184,1,
1645269236.895214,pessimistic_estimation_time,185,0.0062122,
1645269236.895971,dist_to_ref_point_time,185,7.93e-05,
1645269236.896679,sorting_pessimistic_est_time,185,0.0002189,
1645269236.897148,similarity_calculation,185,1,
1645269236.897659,similarity_calculation,185,1,
1645269236.898174,similarity_calculation,185,1,
1645269236.898686,similarity_calculation,185,1,
1645269236.899192,similarity_calculation,185,1,
1645269236.906247,pessimistic_estimation_time,186,0.0061385,
1645269236.906902,dist_to_ref_point_time,186,7.86e-05,
1645269236.907604,sorting_pessimistic_est_time,186,0.000218,
1645269236.908074,similarity_calculation,186,1,
1645269236.908612,similarity_calculation,186,1,
1645269236.90913,similarity_calculation,186,1,
1645269236.909642,similarity_calculation,186,1,
1645269236.91016,similarity_calculation,186,1,
1645269236.917083,pessimistic_estimation_time,187,0.006082,
1645269236.918015,dist_to_ref_point_time,187,7.92e-05,
1645269236.918689,sorting_pessimistic_est_time,187,0.0002169,
1645269236.919158,similarity_calculation,187,1,
1645269236.91967,similarity_calculation,187,1,
1645269236.92018,similarity_calculation,187,1,
1645269236.920685,similarity_calculation,187,1,
1645269236.921217,similarity_calculation,187,1,
1645269236.928239,pessimistic_estimation_time,188,0.0062157,
1645269236.928916,dist_to_ref_point_time,188,0.0001064,
1645269236.929601,sorting_pessimistic_est_time,188,0.0002214,
1645269236.930073,similarity_calculation,188,1,
1645269236.930586,similarity_calculation,188,1,
1645269236.9311,similarity_calculation,188,1,
1645269236.931617,similarity_calculation,188,1,
1645269236.932124,similarity_calculation,188,1,
1645269236.939033,pessimistic_estimation_time,189,0.0061042,
1645269236.939689,dist_to_ref_point_time,189,7.93e-05,
1645269236.940423,sorting_pessimistic_est_time,189,0.0002487,
1645269236.940954,similarity_calculation,189,1,
1645269236.941474,similarity_calculation,189,1,
1645269236.941983,similarity_calculation,189,1,
1645269236.942495,similarity_calculation,189,1,
1645269236.943002,similarity_calculation,189,1,
1645269236.949888,pessimistic_estimation_time,190,0.0060845,
1645269236.950626,dist_to_ref_point_time,190,8.2e-05,
1645269236.951311,sorting_pessimistic_est_time,190,0.0002163,
1645269236.951782,similarity_calculation,190,1,
1645269236.952296,similarity_calculation,190,1,
1645269236.952805,similarity_calculation,190,1,
1645269236.95332,similarity_calculation,190,1,
1645269236.953828,similarity_calculation,190,1,
1645269236.960809,pessimistic_estimation_time,191,0.0061465,
1645269236.961535,dist_to_ref_point_time,191,7.940000000000001e-05,
1645269236.962237,sorting_pessimistic_est_time,191,0.0002128,
1645269236.96272,similarity_calculation,191,1,
1645269236.963235,similarity_calculation,191,1,
1645269236.963675,similarity_calculation,191,1,
1645269236.964188,similarity_calculation,191,1,
1645269236.964695,similarity_calculation,191,1,
1645269236.971751,pessimistic_estimation_time,192,0.0062504,
1645269236.972553,dist_to_ref_point_time,192,0.0001059,
1645269236.973331,sorting_pessimistic_est_time,192,0.0002292,
1645269236.97382,similarity_calculation,192,1,
1645269236.974349,similarity_calculation,192,1,
1645269236.974877,similarity_calculation,192,1,
1645269236.975394,similarity_calculation,192,1,
1645269236.975904,similarity_calculation,192,1,
1645269236.982991,pessimistic_estimation_time,193,0.0062736,
1645269236.983647,dist_to_ref_point_time,193,8.01e-05,
1645269236.984333,sorting_pessimistic_est_time,193,0.0002178,
1645269236.984805,similarity_calculation,193,1,
1645269236.985323,similarity_calculation,193,1,
1645269236.985835,similarity_calculation,193,1,
1645269236.986349,similarity_calculation,193,1,
1645269236.986879,similarity_calculation,193,1,
1645269236.994279,pessimistic_estimation_time,194,0.0065749,
1645269236.994993,dist_to_ref_point_time,194,8.14e-05,
1645269236.995727,sorting_pessimistic_est_time,194,0.0002309,
1645269236.996239,similarity_calculation,194,1,
1645269236.996782,similarity_calculation,194,1,
1645269236.997306,similarity_calculation,194,1,
1645269236.997993,similarity_calculation,194,1,
1645269236.998502,similarity_calculation,194,1,
1645269237.005584,pessimistic_estimation_time,195,0.006194,
1645269237.006207,dist_to_ref_point_time,195,7.88e-05,
1645269237.006923,sorting_pessimistic_est_time,195,0.0002207,
1645269237.007432,similarity_calculation,195,1,
1645269237.008012,similarity_calculation,195,1,
1645269237.008525,similarity_calculation,195,1,
1645269237.009039,similarity_calculation,195,1,
1645269237.009549,similarity_calculation,195,1,
1645269237.016591,pessimistic_estimation_time,196,0.0062358,
1645269237.017219,dist_to_ref_point_time,196,7.9e-05,
1645269237.017893,sorting_pessimistic_est_time,196,0.0002192,
1645269237.018363,similarity_calculation,196,1,
1645269237.018875,similarity_calculation,196,1,
1645269237.019399,similarity_calculation,196,1,
1645269237.019918,similarity_calculation,196,1,
1645269237.020424,similarity_calculation,196,1,
1645269237.027349,pessimistic_estimation_time,197,0.006103,
1645269237.028186,dist_to_ref_point_time,197,7.88e-05,
1645269237.028897,sorting_pessimistic_est_time,197,0.0002213,
1645269237.029363,similarity_calculation,197,1,
1645269237.029874,similarity_calculation,197,1,
1645269237.030381,similarity_calculation,197,1,
1645269237.030925,similarity_calculation,197,1,
1645269237.031432,similarity_calculation,197,1,
1645269237.038336,pessimistic_estimation_time,198,0.0061023,
1645269237.039087,dist_to_ref_point_time,198,7.91e-05,
1645269237.039763,sorting_pessimistic_est_time,198,0.000223,
1645269237.040231,similarity_calculation,198,1,
1645269237.040745,similarity_calculation,198,1,
1645269237.04126,similarity_calculation,198,1,
1645269237.041774,similarity_calculation,198,1,
1645269237.042283,similarity_calculation,198,1,
1645269237.049379,pessimistic_estimation_time,199,0.0062935,
1645269237.050273,dist_to_ref_point_time,199,7.92e-05,
1645269237.050968,sorting_pessimistic_est_time,199,0.0002396,
1645269237.051438,similarity_calculation,199,1,
1645269237.05195,similarity_calculation,199,1,
1645269237.05246,similarity_calculation,199,1,
1645269237.052972,similarity_calculation,199,1,
1645269237.053478,similarity_calculation,199,1,
1645269237.054015,knn_time,,2.2237353,
1645269237.05606,rnn_time,,0.0015886,
1645269237.056961,knn_neighbors_id,0,,166;194;119;49;40;
1645269237.057416,|knn_neighbors|,0,5,
1645269237.057871,rnn_neighbors_id,0,,166;194;119;49;40;
1645269237.058325,|rnn_neighbors|,0,5,
1645269237.059385,knn_neighbors_id,1,,8;15;116;111;29;
1645269237.059841,|knn_neighbors|,1,5,
1645269237.060294,rnn_neighbors_id,1,,8;15;116;111;29;
1645269237.060746,|rnn_neighbors|,1,5,
1645269237.061553,knn_neighbors_id,5,,186;130;63;188;184;
1645269237.062004,|knn_neighbors|,5,5,
1645269237.062474,rnn_neighbors_id,5,,186;130;63;188;184;
1645269237.062935,|rnn_neighbors|,5,5,
1645269237.063583,knn_neighbors_id,10,,158;144;62;138;169;
1645269237.064035,|knn_neighbors|,10,5,
1645269237.064492,rnn_neighbors_id,10,,158;144;62;138;169;
1645269237.064944,|rnn_neighbors|,10,5,
1645269237.065562,knn_neighbors_id,12,,199;142;92;27;22;
1645269237.066014,|knn_neighbors|,12,5,
1645269237.06647,rnn_neighbors_id,12,,199;142;92;27;22;
1645269237.06689,|rnn_neighbors|,12,5,
1645269237.067457,knn_neighbors_id,24,,26;108;32;34;18;
1645269237.067874,|knn_neighbors|,24,5,
1645269237.068286,rnn_neighbors_id,24,,26;108;32;34;18;
1645269237.068695,|rnn_neighbors|,24,5,
1645269237.069322,stop log,,,
1645269237.148033,writing_data,,0.0781603,
