200.792789,start log,,,
201.369047,similarity_calculation, 0, 1,
201.678514,similarity_calculation, 0, 1,
202.021360,similarity_calculation, 0, 1,
202.288389,similarity_calculation, 0, 1,
202.526808,similarity_calculation, 0, 1,
202.833891,similarity_calculation, 0, 1,
203.116179,similarity_calculation, 0, 1,
203.441620,similarity_calculation, 0, 1,
203.922033,similarity_calculation, 0, 1,
204.185963,similarity_calculation, 0, 1,
204.419851,similarity_calculation, 0, 1,
204.770803,knn_neighbors_id,0,,7;2
205.350161,|knn_neighbors|,0, 2,
205.628157,similarity_calculation, 1, 1,
205.879450,similarity_calculation, 1, 1,
206.131220,similarity_calculation, 1, 1,
206.409693,similarity_calculation, 1, 1,
206.765890,similarity_calculation, 1, 1,
206.997871,similarity_calculation, 1, 1,
207.262278,similarity_calculation, 1, 1,
207.478285,similarity_calculation, 1, 1,
207.702875,similarity_calculation, 1, 1,
207.920074,similarity_calculation, 1, 1,
208.137274,similarity_calculation, 1, 1,
208.418846,knn_neighbors_id,1,,7;0
208.650351,|knn_neighbors|,1, 2,
208.912849,similarity_calculation, 2, 1,
209.177494,similarity_calculation, 2, 1,
209.501266,similarity_calculation, 2, 1,
209.871054,similarity_calculation, 2, 1,
210.235357,similarity_calculation, 2, 1,
210.545063,similarity_calculation, 2, 1,
210.847855,similarity_calculation, 2, 1,
211.155176,similarity_calculation, 2, 1,
211.467981,similarity_calculation, 2, 1,
211.866140,similarity_calculation, 2, 1,
212.153196,similarity_calculation, 2, 1,
212.444067,knn_neighbors_id,2,,11;0
212.689400,|knn_neighbors|,2, 2,
212.945461,similarity_calculation, 3, 1,
213.308096,similarity_calculation, 3, 1,
213.884354,similarity_calculation, 3, 1,
214.723587,similarity_calculation, 3, 1,
215.382576,similarity_calculation, 3, 1,
215.860367,similarity_calculation, 3, 1,
216.300488,similarity_calculation, 3, 1,
216.680765,similarity_calculation, 3, 1,
216.917038,similarity_calculation, 3, 1,
217.193127,similarity_calculation, 3, 1,
217.444420,similarity_calculation, 3, 1,
217.865229,knn_neighbors_id,3,,9;4
218.221426,|knn_neighbors|,3, 2,
218.574762,similarity_calculation, 4, 1,
218.943119,similarity_calculation, 4, 1,
219.440937,similarity_calculation, 4, 1,
219.741106,similarity_calculation, 4, 1,
220.111132,similarity_calculation, 4, 1,
220.413685,similarity_calculation, 4, 1,
220.821619,similarity_calculation, 4, 1,
221.220493,similarity_calculation, 4, 1,
221.579790,similarity_calculation, 4, 1,
222.086906,similarity_calculation, 4, 1,
222.436428,similarity_calculation, 4, 1,
223.069191,knn_neighbors_id,4,,3;8
223.495483,|knn_neighbors|,4, 2,
223.958015,similarity_calculation, 5, 1,
224.377871,similarity_calculation, 5, 1,
224.741220,similarity_calculation, 5, 1,
225.009203,similarity_calculation, 5, 1,
225.273371,similarity_calculation, 5, 1,
225.523710,similarity_calculation, 5, 1,
225.833893,similarity_calculation, 5, 1,
226.062059,similarity_calculation, 5, 1,
226.277351,similarity_calculation, 5, 1,
226.703405,similarity_calculation, 5, 1,
226.988316,similarity_calculation, 5, 1,
227.470160,knn_neighbors_id,5,,11;2
227.722168,|knn_neighbors|,5, 2,
227.921247,similarity_calculation, 6, 1,
228.236914,similarity_calculation, 6, 1,
228.581667,similarity_calculation, 6, 1,
228.745937,similarity_calculation, 6, 1,
229.059696,similarity_calculation, 6, 1,
229.386330,similarity_calculation, 6, 1,
229.790688,similarity_calculation, 6, 1,
230.082035,similarity_calculation, 6, 1,
230.428457,similarity_calculation, 6, 1,
230.687380,similarity_calculation, 6, 1,
231.028795,similarity_calculation, 6, 1,
231.415033,knn_neighbors_id,6,,5;11
231.862783,|knn_neighbors|,6, 2,
232.285976,similarity_calculation, 7, 1,
232.692719,similarity_calculation, 7, 1,
233.152151,similarity_calculation, 7, 1,
233.666658,similarity_calculation, 7, 1,
234.143734,similarity_calculation, 7, 1,
234.740496,similarity_calculation, 7, 1,
235.004902,similarity_calculation, 7, 1,
235.326290,similarity_calculation, 7, 1,
235.599041,similarity_calculation, 7, 1,
236.076593,similarity_calculation, 7, 1,
236.379147,similarity_calculation, 7, 1,
237.013340,knn_neighbors_id,7,,0;1
237.431049,|knn_neighbors|,7, 2,
237.826824,similarity_calculation, 8, 1,
238.109112,similarity_calculation, 8, 1,
238.434315,similarity_calculation, 8, 1,
238.687038,similarity_calculation, 8, 1,
239.042521,similarity_calculation, 8, 1,
239.337683,similarity_calculation, 8, 1,
239.577532,similarity_calculation, 8, 1,
239.806652,similarity_calculation, 8, 1,
239.993572,similarity_calculation, 8, 1,
240.143061,similarity_calculation, 8, 1,
240.374327,similarity_calculation, 8, 1,
240.889788,knn_neighbors_id,8,,4;3
241.292715,|knn_neighbors|,8, 2,
241.465807,similarity_calculation, 9, 1,
241.769314,similarity_calculation, 9, 1,
241.955519,similarity_calculation, 9, 1,
242.133141,similarity_calculation, 9, 1,
242.279530,similarity_calculation, 9, 1,
242.448807,similarity_calculation, 9, 1,
242.729664,similarity_calculation, 9, 1,
243.033648,similarity_calculation, 9, 1,
243.443966,similarity_calculation, 9, 1,
243.833065,similarity_calculation, 9, 1,
244.079113,similarity_calculation, 9, 1,
244.518757,knn_neighbors_id,9,,3;4
244.815588,|knn_neighbors|,9, 2,
245.149612,similarity_calculation, 10, 1,
245.460033,similarity_calculation, 10, 1,
245.787382,similarity_calculation, 10, 1,
246.130466,similarity_calculation, 10, 1,
246.427298,similarity_calculation, 10, 1,
246.825457,similarity_calculation, 10, 1,
247.138023,similarity_calculation, 10, 1,
247.429132,similarity_calculation, 10, 1,
247.687340,similarity_calculation, 10, 1,
247.985363,similarity_calculation, 10, 1,
248.333931,similarity_calculation, 10, 1,
249.011517,knn_neighbors_id,10,,9;3
249.381304,|knn_neighbors|,10, 2,
249.727488,similarity_calculation, 11, 1,
250.091314,similarity_calculation, 11, 1,
250.353813,similarity_calculation, 11, 1,
250.565290,similarity_calculation, 11, 1,
250.831604,similarity_calculation, 11, 1,
251.066923,similarity_calculation, 11, 1,
251.309633,similarity_calculation, 11, 1,
251.541615,similarity_calculation, 11, 1,
251.785755,similarity_calculation, 11, 1,
252.137184,similarity_calculation, 11, 1,
252.621174,similarity_calculation, 11, 1,
253.051996,knn_neighbors_id,11,,2;0
253.249884,|knn_neighbors|,11, 2,
253.645897,knn_time,11,52.27255821228027,
254.167795,rnn_neighbors_id,0,,7;2
254.492044,|rnn_neighbors|,0, 2,
254.781246,rnn_neighbors_id,1,,7
254.981041,|rnn_neighbors|,1, 1,
255.153418,rnn_neighbors_id,2,,11;0
255.370855,|rnn_neighbors|,2, 2,
255.553722,rnn_neighbors_id,3,,9;4
255.819321,|rnn_neighbors|,3, 2,
255.989790,rnn_neighbors_id,4,,3;8
256.414175,|rnn_neighbors|,4, 2,
256.700277,rnn_neighbors_id,5,,
256.996632,|rnn_neighbors|,5, 0,
257.301569,rnn_neighbors_id,6,,
257.537365,|rnn_neighbors|,6, 0,
257.719040,rnn_neighbors_id,7,,0;1
257.932186,|rnn_neighbors|,7, 2,
258.208275,rnn_neighbors_id,8,,4
258.478165,|rnn_neighbors|,8, 1,
258.781433,rnn_neighbors_id,9,,3
259.018898,|rnn_neighbors|,9, 1,
259.290218,rnn_neighbors_id,10,,
259.601593,|rnn_neighbors|,10, 0,
259.867907,rnn_neighbors_id,11,,2
260.148764,|rnn_neighbors|,11, 1,
260.327339,rnn_time,11,6.174802780151367,
260.921001,similarity_calculation, 5, 1,
261.306286,similarity_calculation, 5, 1,
261.576176,similarity_calculation, 5, 1,
261.801243,similarity_calculation, 5, 1,
262.222528,similarity_calculation, 5, 1,
262.529135,similarity_calculation, 5, 1,
262.866974,similarity_calculation, 5, 1,
263.128519,similarity_calculation, 5, 1,
263.620615,similarity_calculation, 5, 1,
264.203787,knn_neighbors_id,5,,11
264.650822,|knn_neighbors|,5, 1,
265.294075,similarity_calculation, 6, 1,
266.093016,similarity_calculation, 6, 1,
266.474962,similarity_calculation, 6, 1,
266.774416,similarity_calculation, 6, 1,
267.103672,similarity_calculation, 6, 1,
267.448425,similarity_calculation, 6, 1,
267.776489,similarity_calculation, 6, 1,
268.025160,similarity_calculation, 6, 1,
268.421173,similarity_calculation, 6, 1,
268.657446,similarity_calculation, 6, 1,
268.962860,knn_neighbors_id,6,,5
269.240856,|knn_neighbors|,6, 1,
269.610405,similarity_calculation, 10, 1,
269.893169,similarity_calculation, 10, 1,
270.193815,similarity_calculation, 10, 1,
270.554543,similarity_calculation, 10, 1,
270.901680,similarity_calculation, 10, 1,
271.321535,similarity_calculation, 10, 1,
271.623135,similarity_calculation, 10, 1,
271.897316,similarity_calculation, 10, 1,
272.147179,similarity_calculation, 10, 1,
272.407770,similarity_calculation, 10, 1,
272.698879,similarity_calculation, 10, 1,
273.202181,knn_neighbors_id,10,,9
273.564577,|knn_neighbors|,10, 1,
274.055719,stop log,,,
