1644527101.808519,reading_data,,0.0034127,
1644527105.323828,start log,,,
1644527105.325679,normalization_time,,0.0012889,
1644527105.326111,similarity_calculation,0,1,
1644527105.326431,similarity_calculation,0,1,
1644527105.326703,similarity_calculation,0,1,
1644527105.326997,similarity_calculation,0,1,
1644527105.327276,similarity_calculation,0,1,
1644527105.327651,similarity_calculation,0,1,
1644527105.328176,similarity_calculation,0,1,
1644527105.328466,similarity_calculation,0,1,
1644527105.328743,similarity_calculation,0,1,
1644527105.329019,similarity_calculation,0,1,
1644527105.3293,similarity_calculation,0,1,
1644527105.329743,knn_neighbors_id,0,,7;2;1;11;
1644527105.329962,|knn_neighbors|,0,4,
1644527105.330199,similarity_calculation,1,1,
1644527105.330468,similarity_calculation,1,1,
1644527105.33073,similarity_calculation,1,1,
1644527105.330995,similarity_calculation,1,1,
1644527105.331355,similarity_calculation,1,1,
1644527105.331658,similarity_calculation,1,1,
1644527105.331926,similarity_calculation,1,1,
1644527105.332233,similarity_calculation,1,1,
1644527105.332494,similarity_calculation,1,1,
1644527105.332749,similarity_calculation,1,1,
1644527105.333006,similarity_calculation,1,1,
1644527105.333329,knn_neighbors_id,1,,7;0;2;11;
1644527105.333481,|knn_neighbors|,1,4,
1644527105.33369,similarity_calculation,2,1,
1644527105.333949,similarity_calculation,2,1,
1644527105.334182,similarity_calculation,2,1,
1644527105.334414,similarity_calculation,2,1,
1644527105.334651,similarity_calculation,2,1,
1644527105.334886,similarity_calculation,2,1,
1644527105.335125,similarity_calculation,2,1,
1644527105.335367,similarity_calculation,2,1,
1644527105.335648,similarity_calculation,2,1,
1644527105.335889,similarity_calculation,2,1,
1644527105.336214,similarity_calculation,2,1,
1644527105.336564,knn_neighbors_id,2,,11;0;7;1;
1644527105.336739,|knn_neighbors|,2,4,
1644527105.33695,similarity_calculation,3,1,
1644527105.337275,similarity_calculation,3,1,
1644527105.337507,similarity_calculation,3,1,
1644527105.337754,similarity_calculation,3,1,
1644527105.337991,similarity_calculation,3,1,
1644527105.33823,similarity_calculation,3,1,
1644527105.338472,similarity_calculation,3,1,
1644527105.338727,similarity_calculation,3,1,
1644527105.338967,similarity_calculation,3,1,
1644527105.339214,similarity_calculation,3,1,
1644527105.339456,similarity_calculation,3,1,
1644527105.339858,knn_neighbors_id,3,,9;4;8;10;
1644527105.34001,|knn_neighbors|,3,4,
1644527105.340221,similarity_calculation,4,1,
1644527105.34045,similarity_calculation,4,1,
1644527105.340698,similarity_calculation,4,1,
1644527105.340934,similarity_calculation,4,1,
1644527105.341172,similarity_calculation,4,1,
1644527105.34141,similarity_calculation,4,1,
1644527105.341644,similarity_calculation,4,1,
1644527105.341881,similarity_calculation,4,1,
1644527105.342106,similarity_calculation,4,1,
1644527105.342347,similarity_calculation,4,1,
1644527105.342573,similarity_calculation,4,1,
1644527105.342885,knn_neighbors_id,4,,3;8;9;10;
1644527105.34302,|knn_neighbors|,4,4,
1644527105.343222,similarity_calculation,5,1,
1644527105.34344,similarity_calculation,5,1,
1644527105.343683,similarity_calculation,5,1,
1644527105.343899,similarity_calculation,5,1,
1644527105.344133,similarity_calculation,5,1,
1644527105.344351,similarity_calculation,5,1,
1644527105.344587,similarity_calculation,5,1,
1644527105.344883,similarity_calculation,5,1,
1644527105.345117,similarity_calculation,5,1,
1644527105.345341,similarity_calculation,5,1,
1644527105.34558,similarity_calculation,5,1,
1644527105.345872,knn_neighbors_id,5,,11;2;6;0;
1644527105.346022,|knn_neighbors|,5,4,
1644527105.34621,similarity_calculation,6,1,
1644527105.346436,similarity_calculation,6,1,
1644527105.346664,similarity_calculation,6,1,
1644527105.346891,similarity_calculation,6,1,
1644527105.347107,similarity_calculation,6,1,
1644527105.347425,similarity_calculation,6,1,
1644527105.34766,similarity_calculation,6,1,
1644527105.347895,similarity_calculation,6,1,
1644527105.348116,similarity_calculation,6,1,
1644527105.348356,similarity_calculation,6,1,
1644527105.348585,similarity_calculation,6,1,
1644527105.348897,knn_neighbors_id,6,,5;11;2;0;
1644527105.34903,|knn_neighbors|,6,4,
1644527105.349232,similarity_calculation,7,1,
1644527105.349444,similarity_calculation,7,1,
1644527105.349684,similarity_calculation,7,1,
1644527105.349899,similarity_calculation,7,1,
1644527105.350127,similarity_calculation,7,1,
1644527105.350343,similarity_calculation,7,1,
1644527105.350573,similarity_calculation,7,1,
1644527105.350818,similarity_calculation,7,1,
1644527105.351052,similarity_calculation,7,1,
1644527105.351274,similarity_calculation,7,1,
1644527105.351513,similarity_calculation,7,1,
1644527105.352219,knn_neighbors_id,7,,0;1;2;11;
1644527105.352471,|knn_neighbors|,7,4,
1644527105.352752,similarity_calculation,8,1,
1644527105.353165,similarity_calculation,8,1,
1644527105.353408,similarity_calculation,8,1,
1644527105.353691,similarity_calculation,8,1,
1644527105.353936,similarity_calculation,8,1,
1644527105.354177,similarity_calculation,8,1,
1644527105.354405,similarity_calculation,8,1,
1644527105.354645,similarity_calculation,8,1,
1644527105.354871,similarity_calculation,8,1,
1644527105.355118,similarity_calculation,8,1,
1644527105.355349,similarity_calculation,8,1,
1644527105.355682,knn_neighbors_id,8,,4;3;9;10;
1644527105.355914,|knn_neighbors|,8,4,
1644527105.356122,similarity_calculation,9,1,
1644527105.356338,similarity_calculation,9,1,
1644527105.356568,similarity_calculation,9,1,
1644527105.356784,similarity_calculation,9,1,
1644527105.357016,similarity_calculation,9,1,
1644527105.357236,similarity_calculation,9,1,
1644527105.35747,similarity_calculation,9,1,
1644527105.357691,similarity_calculation,9,1,
1644527105.357929,similarity_calculation,9,1,
1644527105.358166,similarity_calculation,9,1,
1644527105.358405,similarity_calculation,9,1,
1644527105.358701,knn_neighbors_id,9,,3;4;8;10;
1644527105.358851,|knn_neighbors|,9,4,
1644527105.359038,similarity_calculation,10,1,
1644527105.359269,similarity_calculation,10,1,
1644527105.359482,similarity_calculation,10,1,
1644527105.359708,similarity_calculation,10,1,
1644527105.359922,similarity_calculation,10,1,
1644527105.360153,similarity_calculation,10,1,
1644527105.36037,similarity_calculation,10,1,
1644527105.360604,similarity_calculation,10,1,
1644527105.360825,similarity_calculation,10,1,
1644527105.361059,similarity_calculation,10,1,
1644527105.361283,similarity_calculation,10,1,
1644527105.361652,knn_neighbors_id,10,,9;3;4;8;
1644527105.361787,|knn_neighbors|,10,4,
1644527105.361985,similarity_calculation,11,1,
1644527105.362193,similarity_calculation,11,1,
1644527105.362417,similarity_calculation,11,1,
1644527105.362628,similarity_calculation,11,1,
1644527105.362863,similarity_calculation,11,1,
1644527105.363087,similarity_calculation,11,1,
1644527105.363385,similarity_calculation,11,1,
1644527105.363621,similarity_calculation,11,1,
1644527105.363852,similarity_calculation,11,1,
1644527105.364087,similarity_calculation,11,1,
1644527105.364311,similarity_calculation,11,1,
1644527105.36462,knn_neighbors_id,11,,2;0;5;7;
1644527105.364755,|knn_neighbors|,11,4,
1644527105.36491,knn_time,,0.0388543,
1644527105.365056,|rnn_neighbors|,0,0,
1644527105.365205,rnn_neighbors_id,0,,
1644527105.365353,|rnn_neighbors|,1,4,
1644527105.365499,rnn_neighbors_id,1,,7;0;2;11;
1644527105.365644,|rnn_neighbors|,2,4,
1644527105.365779,rnn_neighbors_id,2,,11;0;7;1;
1644527105.365927,|rnn_neighbors|,3,4,
1644527105.36606,rnn_neighbors_id,3,,9;4;8;10;
1644527105.366206,|rnn_neighbors|,4,4,
1644527105.366341,rnn_neighbors_id,4,,3;8;9;10;
1644527105.366484,|rnn_neighbors|,5,4,
1644527105.36662,rnn_neighbors_id,5,,11;2;6;0;
1644527105.366764,|rnn_neighbors|,6,4,
1644527105.366901,rnn_neighbors_id,6,,5;11;2;0;
1644527105.367043,|rnn_neighbors|,7,4,
1644527105.367177,rnn_neighbors_id,7,,0;1;2;11;
1644527105.367319,|rnn_neighbors|,8,4,
1644527105.367453,rnn_neighbors_id,8,,4;3;9;10;
1644527105.367608,|rnn_neighbors|,9,4,
1644527105.367742,rnn_neighbors_id,9,,3;4;8;10;
1644527105.368257,|rnn_neighbors|,10,4,
1644527105.368399,rnn_neighbors_id,10,,9;3;4;8;
1644527105.368551,|rnn_neighbors|,11,4,
1644527105.368692,rnn_neighbors_id,11,,2;0;5;7;
1644527105.368833,rnn_time,,0.0037858,
1644527105.369233,stop log,,,
1644527105.462228,writing_data,,0.0060716,
