1645269239.780869,reading_data,,0.0046671,
1645269239.781554,start log,,,
1645269239.782007,normalization_time,,4.1e-06,
1645269239.783124,pessimistic_estimation_time,0,0.0004354,
1645269239.783634,dist_to_ref_point_time,0,2.23e-05,
1645269239.784256,sorting_pessimistic_est_time,0,8.2e-05,
1645269239.784837,similarity_calculation,0,1,
1645269239.785733,similarity_calculation,0,1,
1645269239.786345,similarity_calculation,0,1,
1645269239.786932,similarity_calculation,0,1,
1645269239.788046,pessimistic_estimation_time,1,0.0004977,
1645269239.788601,dist_to_ref_point_time,1,2.36e-05,
1645269239.789107,sorting_pessimistic_est_time,1,7.09e-05,
1645269239.789543,similarity_calculation,1,1,
1645269239.790078,similarity_calculation,1,1,
1645269239.790786,similarity_calculation,1,1,
1645269239.791698,similarity_calculation,1,1,
1645269239.792889,pessimistic_estimation_time,2,0.0003829,
1645269239.793576,dist_to_ref_point_time,2,2.26e-05,
1645269239.794224,sorting_pessimistic_est_time,2,4.88e-05,
1645269239.794703,similarity_calculation,2,1,
1645269239.795201,similarity_calculation,2,1,
1645269239.795628,similarity_calculation,2,1,
1645269239.796081,similarity_calculation,2,1,
1645269239.796966,pessimistic_estimation_time,3,0.0003751,
1645269239.797368,dist_to_ref_point_time,3,2.11e-05,
1645269239.79777,sorting_pessimistic_est_time,3,3.92e-05,
1645269239.798146,similarity_calculation,3,1,
1645269239.798564,similarity_calculation,3,1,
1645269239.798979,similarity_calculation,3,1,
1645269239.799396,similarity_calculation,3,1,
1645269239.800313,pessimistic_estimation_time,4,0.0004259,
1645269239.800702,dist_to_ref_point_time,4,2.13e-05,
1645269239.80112,sorting_pessimistic_est_time,4,3.97e-05,
1645269239.801486,similarity_calculation,4,1,
1645269239.801908,similarity_calculation,4,1,
1645269239.802375,similarity_calculation,4,1,
1645269239.802857,similarity_calculation,4,1,
1645269239.803975,pessimistic_estimation_time,5,0.0005253,
1645269239.804527,dist_to_ref_point_time,5,2.3e-05,
1645269239.805031,sorting_pessimistic_est_time,5,4.81e-05,
1645269239.805497,similarity_calculation,5,1,
1645269239.805977,similarity_calculation,5,1,
1645269239.80646,similarity_calculation,5,1,
1645269239.806973,similarity_calculation,5,1,
1645269239.807482,similarity_calculation,5,1,
1645269239.808425,pessimistic_estimation_time,6,0.000387,
1645269239.809065,dist_to_ref_point_time,6,2.34e-05,
1645269239.809622,sorting_pessimistic_est_time,6,4.27e-05,
1645269239.810131,similarity_calculation,6,1,
1645269239.810658,similarity_calculation,6,1,
1645269239.811196,similarity_calculation,6,1,
1645269239.81178,similarity_calculation,6,1,
1645269239.812371,similarity_calculation,6,1,
1645269239.813411,pessimistic_estimation_time,7,0.0003857,
1645269239.813956,dist_to_ref_point_time,7,1.93e-05,
1645269239.814485,sorting_pessimistic_est_time,7,3.47e-05,
1645269239.814996,similarity_calculation,7,1,
1645269239.815516,similarity_calculation,7,1,
1645269239.816052,similarity_calculation,7,1,
1645269239.816576,similarity_calculation,7,1,
1645269239.817563,pessimistic_estimation_time,8,0.0003746,
1645269239.81825,dist_to_ref_point_time,8,2e-05,
1645269239.818822,sorting_pessimistic_est_time,8,3.81e-05,
1645269239.819446,similarity_calculation,8,1,
1645269239.820127,similarity_calculation,8,1,
1645269239.820787,similarity_calculation,8,1,
1645269239.821416,similarity_calculation,8,1,
1645269239.822401,pessimistic_estimation_time,9,0.0003852,
1645269239.822828,dist_to_ref_point_time,9,2.17e-05,
1645269239.823255,sorting_pessimistic_est_time,9,3.96e-05,
1645269239.823822,similarity_calculation,9,1,
1645269239.824204,similarity_calculation,9,1,
1645269239.82471,similarity_calculation,9,1,
1645269239.825396,similarity_calculation,9,1,
1645269239.826329,pessimistic_estimation_time,10,0.0004603,
1645269239.826801,dist_to_ref_point_time,10,2.11e-05,
1645269239.827286,sorting_pessimistic_est_time,10,3.79e-05,
1645269239.827754,similarity_calculation,10,1,
1645269239.828169,similarity_calculation,10,1,
1645269239.828678,similarity_calculation,10,1,
1645269239.829119,similarity_calculation,10,1,
1645269239.83,pessimistic_estimation_time,11,0.0003757,
1645269239.83041,dist_to_ref_point_time,11,2.21e-05,
1645269239.830803,sorting_pessimistic_est_time,11,3.78e-05,
1645269239.831158,similarity_calculation,11,1,
1645269239.831586,similarity_calculation,11,1,
1645269239.832026,similarity_calculation,11,1,
1645269239.83246,similarity_calculation,11,1,
1645269239.832921,knn_time,,0.0502833,
1645269239.833337,rnn_time,,7.12e-05,
1645269239.833762,knn_neighbors_id,0,,7;2;1;11;
1645269239.834214,|knn_neighbors|,0,4,
1645269239.834582,rnn_neighbors_id,0,,7;2;1;11;
1645269239.834949,|rnn_neighbors|,0,4,
1645269239.835494,knn_neighbors_id,1,,7;0;2;11;
1645269239.835872,|knn_neighbors|,1,4,
1645269239.836242,rnn_neighbors_id,1,,7;0;2;11;
1645269239.836598,|rnn_neighbors|,1,4,
1645269239.837043,knn_neighbors_id,3,,9;4;8;10;
1645269239.837456,|knn_neighbors|,3,4,
1645269239.837812,rnn_neighbors_id,3,,9;4;8;10;
1645269239.838187,|rnn_neighbors|,3,4,
1645269239.838613,stop log,,,
1645269239.847923,writing_data,,0.008925900000000001,
