861.276388,start log,,,
870.691061,dist_to_ref_point_time,,7.725238800048828,
873.600483,pessimistic_estimation_time,0,2.370595932006836,
875.463009,sorting_pessimistic_est_time,0,0.8544921875,
880.304337,similarity_calculation, 0,1,
881.621599,similarity_calculation, 0,1,
890.675783,knn_neighbors_id,0,,7;2
891.378880,|knn_neighbors|,0, 2,
897.022486,dist_to_ref_point_time,,5.249500274658203,
898.744106,pessimistic_estimation_time,1,1.2056827545166016,
899.667978,sorting_pessimistic_est_time,1,0.36978721618652344,
903.473854,similarity_calculation, 1,1,
905.167103,similarity_calculation, 1,1,
907.448769,knn_neighbors_id,1,,7;0
907.830238,|knn_neighbors|,1, 2,
912.441492,dist_to_ref_point_time,,4.272222518920898,
914.096832,pessimistic_estimation_time,2,1.257181167602539,
915.019035,sorting_pessimistic_est_time,2,0.47326087951660156,
917.557955,similarity_calculation, 2,1,
918.710947,similarity_calculation, 2,1,
920.951605,knn_neighbors_id,2,,11;0
921.300650,|knn_neighbors|,2, 2,
926.370859,dist_to_ref_point_time,,4.482030868530273,
929.268599,pessimistic_estimation_time,3,2.0499229431152344,
930.305243,sorting_pessimistic_est_time,3,0.5438327789306641,
932.955742,similarity_calculation, 3,1,
934.290409,similarity_calculation, 3,1,
936.380148,knn_neighbors_id,3,,9;4
936.764956,|knn_neighbors|,3, 2,
941.031933,dist_to_ref_point_time,,4.017114639282227,
942.508459,pessimistic_estimation_time,4,1.0237693786621094,
943.329334,sorting_pessimistic_est_time,4,0.400543212890625,
946.476698,similarity_calculation, 4,1,
947.698832,similarity_calculation, 4,1,
950.103521,knn_neighbors_id,4,,3;8
950.535059,|knn_neighbors|,4, 2,
955.291986,dist_to_ref_point_time,,4.470348358154297,
957.146168,pessimistic_estimation_time,5,1.4216899871826172,
957.973242,sorting_pessimistic_est_time,5,0.3991127014160156,
960.067987,similarity_calculation, 5,1,
961.082935,similarity_calculation, 5,1,
962.847948,knn_neighbors_id,5,,6;11
963.323116,|knn_neighbors|,5, 2,
967.869997,dist_to_ref_point_time,,4.217386245727539,
969.336271,pessimistic_estimation_time,6,0.9570121765136719,
970.145702,sorting_pessimistic_est_time,6,0.3261566162109375,
972.950935,similarity_calculation, 6,1,
974.449396,similarity_calculation, 6,1,
976.536751,knn_neighbors_id,6,,5;11
977.092028,|knn_neighbors|,6, 2,
982.547760,dist_to_ref_point_time,,4.952192306518555,
985.298634,pessimistic_estimation_time,7,1.8870830535888672,
986.132622,sorting_pessimistic_est_time,7,0.35572052001953125,
988.345146,similarity_calculation, 7,1,
989.304304,similarity_calculation, 7,1,
991.102219,knn_neighbors_id,7,,0;1
991.629362,|knn_neighbors|,7, 2,
995.905876,dist_to_ref_point_time,,3.9017200469970703,
997.292519,pessimistic_estimation_time,8,0.8413791656494141,
998.068333,sorting_pessimistic_est_time,8,0.28777122497558594,
999.977827,similarity_calculation, 8,1,
0.872612,similarity_calculation, 8,1,
2.655983,knn_neighbors_id,8,,4;3
3.201008,|knn_neighbors|,8, 2,
7.249594,dist_to_ref_point_time,,3.6935806274414062,
8.906841,pessimistic_estimation_time,9,1.1353492736816406,
9.762049,sorting_pessimistic_est_time,9,0.3414154052734375,
11.816740,similarity_calculation, 9,1,
12.882710,similarity_calculation, 9,1,
14.791012,knn_neighbors_id,9,,3;4
15.547991,|knn_neighbors|,9, 2,
19.512415,dist_to_ref_point_time,,3.714323043823242,
21.394491,pessimistic_estimation_time,10,0.8292198181152344,
22.120714,sorting_pessimistic_est_time,10,0.2865791320800781,
24.210453,similarity_calculation, 10,1,
25.072098,similarity_calculation, 10,1,
26.678085,knn_neighbors_id,10,,9;3
27.076721,|knn_neighbors|,10, 2,
30.866623,dist_to_ref_point_time,,3.534078598022461,
32.178164,pessimistic_estimation_time,11,0.7910728454589844,
32.925367,sorting_pessimistic_est_time,11,0.2703666687011719,
34.807920,similarity_calculation, 11,1,
35.770893,similarity_calculation, 11,1,
37.398338,knn_neighbors_id,11,,2;5
37.808180,|knn_neighbors|,11, 2,
38.075924,tiknn_time,,175.14777183532715,
38.300991,rnn_neighbors_id,0,,7;2
38.502455,|rnn_neighbors|,0, 2,
38.718462,rnn_neighbors_id,1,,7
38.919926,|rnn_neighbors|,1, 1,
39.411306,rnn_neighbors_id,2,,11;0
39.881468,|rnn_neighbors|,2, 2,
40.128708,rnn_neighbors_id,3,,9;4
40.353298,|rnn_neighbors|,3, 2,
40.601254,rnn_neighbors_id,4,,3;8
40.908098,|rnn_neighbors|,4, 2,
41.208506,rnn_neighbors_id,5,,6;11
41.437149,|rnn_neighbors|,5, 2,
41.656494,rnn_neighbors_id,6,,5
41.908503,|rnn_neighbors|,6, 1,
42.210102,rnn_neighbors_id,7,,0;1
42.416811,|rnn_neighbors|,7, 2,
42.640448,rnn_neighbors_id,8,,4
42.842865,|rnn_neighbors|,8, 1,
43.181419,rnn_neighbors_id,9,,3
43.354034,|rnn_neighbors|,9, 1,
43.549299,rnn_neighbors_id,10,,
43.751717,|rnn_neighbors|,10, 0,
43.982744,rnn_neighbors_id,11,,2;5
44.251680,|rnn_neighbors|,11, 2,
44.522047,rnn_time,11,6.224393844604492,
44.787884,tirnn_time,,181.86044692993164,
45.280218,stop log,,,
