1645269589.374294,reading_data,,0.0040763,
1645269589.374967,start log,,,
1645269589.375721,normalization_time,,0.0003806,
1645269589.376149,similarity_calculation,0,1,
1645269589.376557,similarity_calculation,0,1,
1645269589.377007,similarity_calculation,0,1,
1645269589.37754,similarity_calculation,0,1,
1645269589.378139,similarity_calculation,0,1,
1645269589.378884,similarity_calculation,0,1,
1645269589.379511,similarity_calculation,0,1,
1645269589.380126,similarity_calculation,0,1,
1645269589.380567,similarity_calculation,0,1,
1645269589.381286,similarity_calculation,0,1,
1645269589.381688,similarity_calculation,0,1,
1645269589.382058,similarity_calculation,0,1,
1645269589.382445,Eps_time,0,0.0062978,
1645269589.382755,|Eps_neighbors|,0,5,
1645269589.383211,Eps_neighbor_id,0,,0;1;2;5;7;
1645269589.38364,similarity_calculation,1,1,
1645269589.38421,similarity_calculation,1,1,
1645269589.384658,similarity_calculation,1,1,
1645269589.385074,similarity_calculation,1,1,
1645269589.385494,similarity_calculation,1,1,
1645269589.385947,similarity_calculation,1,1,
1645269589.38637,similarity_calculation,1,1,
1645269589.386917,similarity_calculation,1,1,
1645269589.387311,similarity_calculation,1,1,
1645269589.387736,similarity_calculation,1,1,
1645269589.388101,similarity_calculation,1,1,
1645269589.388465,similarity_calculation,1,1,
1645269589.388881,Eps_time,1,0.0052489,
1645269589.389337,|Eps_neighbors|,1,3,
1645269589.389649,Eps_neighbor_id,1,,0;1;2;
1645269589.389998,similarity_calculation,2,1,
1645269589.390366,similarity_calculation,2,1,
1645269589.390745,similarity_calculation,2,1,
1645269589.391258,similarity_calculation,2,1,
1645269589.391845,similarity_calculation,2,1,
1645269589.392182,similarity_calculation,2,1,
1645269589.392517,similarity_calculation,2,1,
1645269589.392894,similarity_calculation,2,1,
1645269589.39322,similarity_calculation,2,1,
1645269589.393581,similarity_calculation,2,1,
1645269589.393928,similarity_calculation,2,1,
1645269589.39426,similarity_calculation,2,1,
1645269589.394639,Eps_time,2,0.0046475,
1645269589.394929,|Eps_neighbors|,2,7,
1645269589.39525,Eps_neighbor_id,2,,0;1;2;5;6;7;11;
1645269589.395643,similarity_calculation,1,1,
1645269589.396065,similarity_calculation,1,1,
1645269589.396483,similarity_calculation,1,1,
1645269589.396855,similarity_calculation,1,1,
1645269589.397231,similarity_calculation,1,1,
1645269589.397649,similarity_calculation,1,1,
1645269589.398055,similarity_calculation,1,1,
1645269589.398505,similarity_calculation,1,1,
1645269589.398961,similarity_calculation,1,1,
1645269589.399379,similarity_calculation,1,1,
1645269589.399822,similarity_calculation,1,1,
1645269589.400199,similarity_calculation,1,1,
1645269589.400615,Eps_time,1,0.0049792,
1645269589.401068,|Eps_neighbors|,1,3,
1645269589.401452,Eps_neighbor_id,1,,0;1;2;
1645269589.401796,similarity_calculation,5,1,
1645269589.402171,similarity_calculation,5,1,
1645269589.402653,similarity_calculation,5,1,
1645269589.403098,similarity_calculation,5,1,
1645269589.403556,similarity_calculation,5,1,
1645269589.403976,similarity_calculation,5,1,
1645269589.404482,similarity_calculation,5,1,
1645269589.404928,similarity_calculation,5,1,
1645269589.405396,similarity_calculation,5,1,
1645269589.406284,similarity_calculation,5,1,
1645269589.40667,similarity_calculation,5,1,
1645269589.407057,similarity_calculation,5,1,
1645269589.407508,Eps_time,5,0.0057184,
1645269589.407878,|Eps_neighbors|,5,7,
1645269589.408374,Eps_neighbor_id,5,,0;2;5;6;7;10;11;
1645269589.408989,similarity_calculation,6,1,
1645269589.409351,similarity_calculation,6,1,
1645269589.409681,similarity_calculation,6,1,
1645269589.410008,similarity_calculation,6,1,
1645269589.410335,similarity_calculation,6,1,
1645269589.410715,similarity_calculation,6,1,
1645269589.4112,similarity_calculation,6,1,
1645269589.411541,similarity_calculation,6,1,
1645269589.411873,similarity_calculation,6,1,
1645269589.412281,similarity_calculation,6,1,
1645269589.412635,similarity_calculation,6,1,
1645269589.412967,similarity_calculation,6,1,
1645269589.413295,Eps_time,6,0.0043133,
1645269589.413593,|Eps_neighbors|,6,6,
1645269589.413886,Eps_neighbor_id,6,,2;5;6;7;10;11;
1645269589.41418,similarity_calculation,7,1,
1645269589.414533,similarity_calculation,7,1,
1645269589.414858,similarity_calculation,7,1,
1645269589.415186,similarity_calculation,7,1,
1645269589.415675,similarity_calculation,7,1,
1645269589.416,similarity_calculation,7,1,
1645269589.416324,similarity_calculation,7,1,
1645269589.41665,similarity_calculation,7,1,
1645269589.416978,similarity_calculation,7,1,
1645269589.417304,similarity_calculation,7,1,
1645269589.41766,similarity_calculation,7,1,
1645269589.417986,similarity_calculation,7,1,
1645269589.418313,Eps_time,7,0.0041381,
1645269589.418602,|Eps_neighbors|,7,7,
1645269589.418884,Eps_neighbor_id,7,,0;2;5;6;7;10;11;
1645269589.419178,similarity_calculation,10,1,
1645269589.419502,similarity_calculation,10,1,
1645269589.419825,similarity_calculation,10,1,
1645269589.420148,similarity_calculation,10,1,
1645269589.42047,similarity_calculation,10,1,
1645269589.420792,similarity_calculation,10,1,
1645269589.421198,similarity_calculation,10,1,
1645269589.421521,similarity_calculation,10,1,
1645269589.421847,similarity_calculation,10,1,
1645269589.422175,similarity_calculation,10,1,
1645269589.422501,similarity_calculation,10,1,
1645269589.422827,similarity_calculation,10,1,
1645269589.423174,Eps_time,10,0.0040004,
1645269589.423467,|Eps_neighbors|,10,5,
1645269589.423753,Eps_neighbor_id,10,,5;6;7;10;11;
1645269589.424051,similarity_calculation,11,1,
1645269589.424381,similarity_calculation,11,1,
1645269589.424703,similarity_calculation,11,1,
1645269589.42503,similarity_calculation,11,1,
1645269589.425354,similarity_calculation,11,1,
1645269589.42568,similarity_calculation,11,1,
1645269589.426005,similarity_calculation,11,1,
1645269589.426451,similarity_calculation,11,1,
1645269589.426938,similarity_calculation,11,1,
1645269589.427356,similarity_calculation,11,1,
1645269589.427722,similarity_calculation,11,1,
1645269589.42808,similarity_calculation,11,1,
1645269589.428436,Eps_time,11,0.0043899,
1645269589.428752,|Eps_neighbors|,11,6,
1645269589.429133,Eps_neighbor_id,11,,2;5;6;7;10;11;
1645269589.429512,similarity_calculation,3,1,
1645269589.429858,similarity_calculation,3,1,
1645269589.430213,similarity_calculation,3,1,
1645269589.430592,similarity_calculation,3,1,
1645269589.430972,similarity_calculation,3,1,
1645269589.431324,similarity_calculation,3,1,
1645269589.431701,similarity_calculation,3,1,
1645269589.432053,similarity_calculation,3,1,
1645269589.432406,similarity_calculation,3,1,
1645269589.432765,similarity_calculation,3,1,
1645269589.433116,similarity_calculation,3,1,
1645269589.433467,similarity_calculation,3,1,
1645269589.433827,Eps_time,3,0.0043184,
1645269589.434138,|Eps_neighbors|,3,4,
1645269589.434449,Eps_neighbor_id,3,,3;4;8;9;
1645269589.434821,similarity_calculation,4,1,
1645269589.435175,similarity_calculation,4,1,
1645269589.435526,similarity_calculation,4,1,
1645269589.435877,similarity_calculation,4,1,
1645269589.436228,similarity_calculation,4,1,
1645269589.436611,similarity_calculation,4,1,
1645269589.43696,similarity_calculation,4,1,
1645269589.43731,similarity_calculation,4,1,
1645269589.43769,similarity_calculation,4,1,
1645269589.438043,similarity_calculation,4,1,
1645269589.438393,similarity_calculation,4,1,
1645269589.438748,similarity_calculation,4,1,
1645269589.439101,Eps_time,4,0.0042854,
1645269589.43941,|Eps_neighbors|,4,4,
1645269589.439738,Eps_neighbor_id,4,,3;4;8;9;
1645269589.440062,similarity_calculation,8,1,
1645269589.440423,similarity_calculation,8,1,
1645269589.440777,similarity_calculation,8,1,
1645269589.441116,similarity_calculation,8,1,
1645269589.441476,similarity_calculation,8,1,
1645269589.441939,similarity_calculation,8,1,
1645269589.442352,similarity_calculation,8,1,
1645269589.442733,similarity_calculation,8,1,
1645269589.443096,similarity_calculation,8,1,
1645269589.443459,similarity_calculation,8,1,
1645269589.443813,similarity_calculation,8,1,
1645269589.44417,similarity_calculation,8,1,
1645269589.444577,Eps_time,8,0.0045211,
1645269589.444922,|Eps_neighbors|,8,4,
1645269589.445248,Eps_neighbor_id,8,,3;4;8;9;
1645269589.445566,similarity_calculation,9,1,
1645269589.44592,similarity_calculation,9,1,
1645269589.446276,similarity_calculation,9,1,
1645269589.446627,similarity_calculation,9,1,
1645269589.44698,similarity_calculation,9,1,
1645269589.447332,similarity_calculation,9,1,
1645269589.447683,similarity_calculation,9,1,
1645269589.448034,similarity_calculation,9,1,
1645269589.448387,similarity_calculation,9,1,
1645269589.448738,similarity_calculation,9,1,
1645269589.449087,similarity_calculation,9,1,
1645269589.449439,similarity_calculation,9,1,
1645269589.449789,Eps_time,9,0.0042292,
1645269589.450098,|Eps_neighbors|,9,4,
1645269589.450404,Eps_neighbor_id,9,,3;4;8;9;
1645269589.450749,stop log,,,
1645269589.458433,writing_data,,0.0072268,
