947.443008,start log,,,
952.841043,reading_data,,2.5000572204589844,
954.706907,normalization_time,,0.0324249267578125,
957.372904,Eps_time,0,0.5536079406738281,
959.155560,|Eps_neighbors|,0, 87,
960.845232,Eps_neighbor_id,0,,0;1;2;3;4;5;6;7;8;9;10;11;12;13;14;15;16;17;18;19;20;21;22;23;24;25;26;27;28;29;30;31;32;33;34;35;36;37;38;39;40;41;42;43;44;45;46;47;48;49;50;51;52;53;54;55;56;57;58;59;60;61;62;63;64;65;66;67;68;69;70;71;72;73;74;75;76;77;78;79;80;81;82;83;84;85;86
962.708235,similarity_calculation, 0, 1,
965.949774,Eps_time,1,0.6916522979736328,
968.201160,|Eps_neighbors|,1, 87,
970.605373,Eps_neighbor_id,1,,0;1;2;3;4;5;6;7;8;9;10;11;12;13;14;15;16;17;18;19;20;21;22;23;24;25;26;27;28;29;30;31;32;33;34;35;36;37;38;39;40;41;42;43;44;45;46;47;48;49;50;51;52;53;54;55;56;57;58;59;60;61;62;63;64;65;66;67;68;69;70;71;72;73;74;75;76;77;78;79;80;81;82;83;84;85;86
973.712683,similarity_calculation, 1, 1,
978.920460,Eps_time,2,0.33783912658691406,
982.284784,|Eps_neighbors|,2, 87,
984.292269,Eps_neighbor_id,2,,0;1;2;3;4;5;6;7;8;9;10;11;12;13;14;15;16;17;18;19;20;21;22;23;24;25;26;27;28;29;30;31;32;33;34;35;36;37;38;39;40;41;42;43;44;45;46;47;48;49;50;51;52;53;54;55;56;57;58;59;60;61;62;63;64;65;66;67;68;69;70;71;72;73;74;75;76;77;78;79;80;81;82;83;84;85;86
986.310959,similarity_calculation, 2, 1,
989.912987,Eps_time,3,1.6145706176757812,
993.056536,|Eps_neighbors|,3, 87,
995.334148,Eps_neighbor_id,3,,0;1;2;3;4;5;6;7;8;9;10;11;12;13;14;15;16;17;18;19;20;21;22;23;24;25;26;27;28;29;30;31;32;33;34;35;36;37;38;39;40;41;42;43;44;45;46;47;48;49;50;51;52;53;54;55;56;57;58;59;60;61;62;63;64;65;66;67;68;69;70;71;72;73;74;75;76;77;78;79;80;81;82;83;84;85;86
997.271776,similarity_calculation, 3, 1,
999.743700,Eps_time,4,0.4105567932128906,
1.811743,|Eps_neighbors|,4, 87,
3.627539,Eps_neighbor_id,4,,0;1;2;3;4;5;6;7;8;9;10;11;12;13;14;15;16;17;18;19;20;21;22;23;24;25;26;27;28;29;30;31;32;33;34;35;36;37;38;39;40;41;42;43;44;45;46;47;48;49;50;51;52;53;54;55;56;57;58;59;60;61;62;63;64;65;66;67;68;69;70;71;72;73;74;75;76;77;78;79;80;81;82;83;84;85;86
6.166935,similarity_calculation, 4, 1,
11.183023,Eps_time,5,0.3333091735839844,
13.486624,|Eps_neighbors|,5, 87,
15.309334,Eps_neighbor_id,5,,0;1;2;3;4;5;6;7;8;9;10;11;12;13;14;15;16;17;18;19;20;21;22;23;24;25;26;27;28;29;30;31;32;33;34;35;36;37;38;39;40;41;42;43;44;45;46;47;48;49;50;51;52;53;54;55;56;57;58;59;60;61;62;63;64;65;66;67;68;69;70;71;72;73;74;75;76;77;78;79;80;81;82;83;84;85;86
17.654896,similarity_calculation, 5, 1,
20.630598,Eps_time,6,0.7448196411132812,
25.162220,|Eps_neighbors|,6, 87,
27.372122,Eps_neighbor_id,6,,0;1;2;3;4;5;6;7;8;9;10;11;12;13;14;15;16;17;18;19;20;21;22;23;24;25;26;27;28;29;30;31;32;33;34;35;36;37;38;39;40;41;42;43;44;45;46;47;48;49;50;51;52;53;54;55;56;57;58;59;60;61;62;63;64;65;66;67;68;69;70;71;72;73;74;75;76;77;78;79;80;81;82;83;84;85;86
30.143023,similarity_calculation, 6, 1,
32.935619,Eps_time,7,0.32258033752441406,
34.990549,|Eps_neighbors|,7, 87,
37.254572,Eps_neighbor_id,7,,0;1;2;3;4;5;6;7;8;9;10;11;12;13;14;15;16;17;18;19;20;21;22;23;24;25;26;27;28;29;30;31;32;33;34;35;36;37;38;39;40;41;42;43;44;45;46;47;48;49;50;51;52;53;54;55;56;57;58;59;60;61;62;63;64;65;66;67;68;69;70;71;72;73;74;75;76;77;78;79;80;81;82;83;84;85;86
39.274931,similarity_calculation, 7, 1,
43.696880,Eps_time,8,0.7061958312988281,
45.843601,|Eps_neighbors|,8, 87,
47.998667,Eps_neighbor_id,8,,0;1;2;3;4;5;6;7;8;9;10;11;12;13;14;15;16;17;18;19;20;21;22;23;24;25;26;27;28;29;30;31;32;33;34;35;36;37;38;39;40;41;42;43;44;45;46;47;48;49;50;51;52;53;54;55;56;57;58;59;60;61;62;63;64;65;66;67;68;69;70;71;72;73;74;75;76;77;78;79;80;81;82;83;84;85;86
50.070286,similarity_calculation, 8, 1,
52.593946,Eps_time,9,0.4963874816894531,
54.942369,|Eps_neighbors|,9, 87,
58.576107,Eps_neighbor_id,9,,0;1;2;3;4;5;6;7;8;9;10;11;12;13;14;15;16;17;18;19;20;21;22;23;24;25;26;27;28;29;30;31;32;33;34;35;36;37;38;39;40;41;42;43;44;45;46;47;48;49;50;51;52;53;54;55;56;57;58;59;60;61;62;63;64;65;66;67;68;69;70;71;72;73;74;75;76;77;78;79;80;81;82;83;84;85;86
60.685396,similarity_calculation, 9, 1,
62.848806,Eps_time,10,0.34999847412109375,
65.635681,|Eps_neighbors|,10, 87,
67.675829,Eps_neighbor_id,10,,0;1;2;3;4;5;6;7;8;9;10;11;12;13;14;15;16;17;18;19;20;21;22;23;24;25;26;27;28;29;30;31;32;33;34;35;36;37;38;39;40;41;42;43;44;45;46;47;48;49;50;51;52;53;54;55;56;57;58;59;60;61;62;63;64;65;66;67;68;69;70;71;72;73;74;75;76;77;78;79;80;81;82;83;84;85;86
69.796801,similarity_calculation, 10, 1,
72.794914,Eps_time,11,0.3104209899902344,
76.711893,|Eps_neighbors|,11, 87,
79.450607,Eps_neighbor_id,11,,0;1;2;3;4;5;6;7;8;9;10;11;12;13;14;15;16;17;18;19;20;21;22;23;24;25;26;27;28;29;30;31;32;33;34;35;36;37;38;39;40;41;42;43;44;45;46;47;48;49;50;51;52;53;54;55;56;57;58;59;60;61;62;63;64;65;66;67;68;69;70;71;72;73;74;75;76;77;78;79;80;81;82;83;84;85;86
81.858397,similarity_calculation, 11, 1,
84.109068,Eps_time,12,0.36978721618652344,
86.046696,|Eps_neighbors|,12, 87,
88.549852,Eps_neighbor_id,12,,0;1;2;3;4;5;6;7;8;9;10;11;12;13;14;15;16;17;18;19;20;21;22;23;24;25;26;27;28;29;30;31;32;33;34;35;36;37;38;39;40;41;42;43;44;45;46;47;48;49;50;51;52;53;54;55;56;57;58;59;60;61;62;63;64;65;66;67;68;69;70;71;72;73;74;75;76;77;78;79;80;81;82;83;84;85;86
91.421604,similarity_calculation, 12, 1,
94.449759,Eps_time,13,0.37288665771484375,
96.504688,|Eps_neighbors|,13, 87,
98.691940,Eps_neighbor_id,13,,0;1;2;3;4;5;6;7;8;9;10;11;12;13;14;15;16;17;18;19;20;21;22;23;24;25;26;27;28;29;30;31;32;33;34;35;36;37;38;39;40;41;42;43;44;45;46;47;48;49;50;51;52;53;54;55;56;57;58;59;60;61;62;63;64;65;66;67;68;69;70;71;72;73;74;75;76;77;78;79;80;81;82;83;84;85;86
100.819111,similarity_calculation, 13, 1,
103.014946,Eps_time,14,0.28896331787109375,
105.825424,|Eps_neighbors|,14, 87,
109.089851,Eps_neighbor_id,14,,0;1;2;3;4;5;6;7;8;9;10;11;12;13;14;15;16;17;18;19;20;21;22;23;24;25;26;27;28;29;30;31;32;33;34;35;36;37;38;39;40;41;42;43;44;45;46;47;48;49;50;51;52;53;54;55;56;57;58;59;60;61;62;63;64;65;66;67;68;69;70;71;72;73;74;75;76;77;78;79;80;81;82;83;84;85;86
111.233234,similarity_calculation, 14, 1,
113.544703,Eps_time,15,0.31948089599609375,
115.532875,|Eps_neighbors|,15, 87,
118.339539,Eps_neighbor_id,15,,0;1;2;3;4;5;6;7;8;9;10;11;12;13;14;15;16;17;18;19;20;21;22;23;24;25;26;27;28;29;30;31;32;33;34;35;36;37;38;39;40;41;42;43;44;45;46;47;48;49;50;51;52;53;54;55;56;57;58;59;60;61;62;63;64;65;66;67;68;69;70;71;72;73;74;75;76;77;78;79;80;81;82;83;84;85;86
120.064259,similarity_calculation, 15, 1,
122.355700,Eps_time,16,0.38933753967285156,
125.275135,|Eps_neighbors|,16, 87,
127.518415,Eps_neighbor_id,16,,0;1;2;3;4;5;6;7;8;9;10;11;12;13;14;15;16;17;18;19;20;21;22;23;24;25;26;27;28;29;30;31;32;33;34;35;36;37;38;39;40;41;42;43;44;45;46;47;48;49;50;51;52;53;54;55;56;57;58;59;60;61;62;63;64;65;66;67;68;69;70;71;72;73;74;75;76;77;78;79;80;81;82;83;84;85;86
129.641533,similarity_calculation, 16, 1,
132.719278,Eps_time,17,0.42700767517089844,
134.728193,|Eps_neighbors|,17, 87,
136.745930,Eps_neighbor_id,17,,0;1;2;3;4;5;6;7;8;9;10;11;12;13;14;15;16;17;18;19;20;21;22;23;24;25;26;27;28;29;30;31;32;33;34;35;36;37;38;39;40;41;42;43;44;45;46;47;48;49;50;51;52;53;54;55;56;57;58;59;60;61;62;63;64;65;66;67;68;69;70;71;72;73;74;75;76;77;78;79;80;81;82;83;84;85;86
139.418602,similarity_calculation, 17, 1,
142.786264,Eps_time,18,0.8890628814697266,
145.216703,|Eps_neighbors|,18, 87,
146.704674,Eps_neighbor_id,18,,0;1;2;3;4;5;6;7;8;9;10;11;12;13;14;15;16;17;18;19;20;21;22;23;24;25;26;27;28;29;30;31;32;33;34;35;36;37;38;39;40;41;42;43;44;45;46;47;48;49;50;51;52;53;54;55;56;57;58;59;60;61;62;63;64;65;66;67;68;69;70;71;72;73;74;75;76;77;78;79;80;81;82;83;84;85;86
148.615360,similarity_calculation, 18, 1,
151.005507,Eps_time,19,0.3139972686767578,
152.832031,|Eps_neighbors|,19, 87,
154.900312,Eps_neighbor_id,19,,0;1;2;3;4;5;6;7;8;9;10;11;12;13;14;15;16;17;18;19;20;21;22;23;24;25;26;27;28;29;30;31;32;33;34;35;36;37;38;39;40;41;42;43;44;45;46;47;48;49;50;51;52;53;54;55;56;57;58;59;60;61;62;63;64;65;66;67;68;69;70;71;72;73;74;75;76;77;78;79;80;81;82;83;84;85;86
157.864809,similarity_calculation, 19, 1,
160.297155,Eps_time,20,0.3178119659423828,
162.344933,|Eps_neighbors|,20, 87,
164.469004,Eps_neighbor_id,20,,0;1;2;3;4;5;6;7;8;9;10;11;12;13;14;15;16;17;18;19;20;21;22;23;24;25;26;27;28;29;30;31;32;33;34;35;36;37;38;39;40;41;42;43;44;45;46;47;48;49;50;51;52;53;54;55;56;57;58;59;60;61;62;63;64;65;66;67;68;69;70;71;72;73;74;75;76;77;78;79;80;81;82;83;84;85;86
167.088985,similarity_calculation, 20, 1,
169.701338,Eps_time,21,0.4487037658691406,
171.536922,|Eps_neighbors|,21, 87,
173.928022,Eps_neighbor_id,21,,0;1;2;3;4;5;6;7;8;9;10;11;12;13;14;15;16;17;18;19;20;21;22;23;24;25;26;27;28;29;30;31;32;33;34;35;36;37;38;39;40;41;42;43;44;45;46;47;48;49;50;51;52;53;54;55;56;57;58;59;60;61;62;63;64;65;66;67;68;69;70;71;72;73;74;75;76;77;78;79;80;81;82;83;84;85;86
188.472509,similarity_calculation, 21, 1,
194.820881,Eps_time,22,0.31948089599609375,
201.818228,|Eps_neighbors|,22, 87,
204.228640,Eps_neighbor_id,22,,0;1;2;3;4;5;6;7;8;9;10;11;12;13;14;15;16;17;18;19;20;21;22;23;24;25;26;27;28;29;30;31;32;33;34;35;36;37;38;39;40;41;42;43;44;45;46;47;48;49;50;51;52;53;54;55;56;57;58;59;60;61;62;63;64;65;66;67;68;69;70;71;72;73;74;75;76;77;78;79;80;81;82;83;84;85;86
207.293272,similarity_calculation, 22, 1,
209.856510,Eps_time,23,0.3306865692138672,
212.198734,|Eps_neighbors|,23, 87,
214.310408,Eps_neighbor_id,23,,0;1;2;3;4;5;6;7;8;9;10;11;12;13;14;15;16;17;18;19;20;21;22;23;24;25;26;27;28;29;30;31;32;33;34;35;36;37;38;39;40;41;42;43;44;45;46;47;48;49;50;51;52;53;54;55;56;57;58;59;60;61;62;63;64;65;66;67;68;69;70;71;72;73;74;75;76;77;78;79;80;81;82;83;84;85;86
216.542006,similarity_calculation, 23, 1,
219.357252,Eps_time,24,0.7297992706298828,
221.308470,|Eps_neighbors|,24, 87,
223.282337,Eps_neighbor_id,24,,0;1;2;3;4;5;6;7;8;9;10;11;12;13;14;15;16;17;18;19;20;21;22;23;24;25;26;27;28;29;30;31;32;33;34;35;36;37;38;39;40;41;42;43;44;45;46;47;48;49;50;51;52;53;54;55;56;57;58;59;60;61;62;63;64;65;66;67;68;69;70;71;72;73;74;75;76;77;78;79;80;81;82;83;84;85;86
225.684166,similarity_calculation, 24, 1,
228.280067,Eps_time,25,0.32019615173339844,
230.031967,|Eps_neighbors|,25, 87,
232.317448,Eps_neighbor_id,25,,0;1;2;3;4;5;6;7;8;9;10;11;12;13;14;15;16;17;18;19;20;21;22;23;24;25;26;27;28;29;30;31;32;33;34;35;36;37;38;39;40;41;42;43;44;45;46;47;48;49;50;51;52;53;54;55;56;57;58;59;60;61;62;63;64;65;66;67;68;69;70;71;72;73;74;75;76;77;78;79;80;81;82;83;84;85;86
234.303474,similarity_calculation, 25, 1,
236.912727,Eps_time,26,0.8101463317871094,
238.733292,|Eps_neighbors|,26, 87,
241.138220,Eps_neighbor_id,26,,0;1;2;3;4;5;6;7;8;9;10;11;12;13;14;15;16;17;18;19;20;21;22;23;24;25;26;27;28;29;30;31;32;33;34;35;36;37;38;39;40;41;42;43;44;45;46;47;48;49;50;51;52;53;54;55;56;57;58;59;60;61;62;63;64;65;66;67;68;69;70;71;72;73;74;75;76;77;78;79;80;81;82;83;84;85;86
243.298531,similarity_calculation, 26, 1,
246.264935,Eps_time,27,0.3135204315185547,
248.801470,|Eps_neighbors|,27, 87,
251.343966,Eps_neighbor_id,27,,0;1;2;3;4;5;6;7;8;9;10;11;12;13;14;15;16;17;18;19;20;21;22;23;24;25;26;27;28;29;30;31;32;33;34;35;36;37;38;39;40;41;42;43;44;45;46;47;48;49;50;51;52;53;54;55;56;57;58;59;60;61;62;63;64;65;66;67;68;69;70;71;72;73;74;75;76;77;78;79;80;81;82;83;84;85;86
253.289938,similarity_calculation, 27, 1,
255.208492,Eps_time,28,0.3306865692138672,
257.494450,|Eps_neighbors|,28, 87,
259.407282,Eps_neighbor_id,28,,0;1;2;3;4;5;6;7;8;9;10;11;12;13;14;15;16;17;18;19;20;21;22;23;24;25;26;27;28;29;30;31;32;33;34;35;36;37;38;39;40;41;42;43;44;45;46;47;48;49;50;51;52;53;54;55;56;57;58;59;60;61;62;63;64;65;66;67;68;69;70;71;72;73;74;75;76;77;78;79;80;81;82;83;84;85;86
261.351347,similarity_calculation, 28, 1,
264.291286,Eps_time,29,0.6785392761230469,
266.239166,|Eps_neighbors|,29, 87,
268.633842,Eps_neighbor_id,29,,0;1;2;3;4;5;6;7;8;9;10;11;12;13;14;15;16;17;18;19;20;21;22;23;24;25;26;27;28;29;30;31;32;33;34;35;36;37;38;39;40;41;42;43;44;45;46;47;48;49;50;51;52;53;54;55;56;57;58;59;60;61;62;63;64;65;66;67;68;69;70;71;72;73;74;75;76;77;78;79;80;81;82;83;84;85;86
270.292282,similarity_calculation, 29, 1,
273.357868,Eps_time,30,0.3712177276611328,
275.829077,|Eps_neighbors|,30, 87,
277.763367,Eps_neighbor_id,30,,0;1;2;3;4;5;6;7;8;9;10;11;12;13;14;15;16;17;18;19;20;21;22;23;24;25;26;27;28;29;30;31;32;33;34;35;36;37;38;39;40;41;42;43;44;45;46;47;48;49;50;51;52;53;54;55;56;57;58;59;60;61;62;63;64;65;66;67;68;69;70;71;72;73;74;75;76;77;78;79;80;81;82;83;84;85;86
280.573368,similarity_calculation, 30, 1,
283.604145,Eps_time,31,0.8668899536132812,
285.678148,|Eps_neighbors|,31, 87,
287.852526,Eps_neighbor_id,31,,0;1;2;3;4;5;6;7;8;9;10;11;12;13;14;15;16;17;18;19;20;21;22;23;24;25;26;27;28;29;30;31;32;33;34;35;36;37;38;39;40;41;42;43;44;45;46;47;48;49;50;51;52;53;54;55;56;57;58;59;60;61;62;63;64;65;66;67;68;69;70;71;72;73;74;75;76;77;78;79;80;81;82;83;84;85;86
290.277004,similarity_calculation, 31, 1,
292.744160,Eps_time,32,0.3910064697265625,
294.788122,|Eps_neighbors|,32, 87,
296.647072,Eps_neighbor_id,32,,0;1;2;3;4;5;6;7;8;9;10;11;12;13;14;15;16;17;18;19;20;21;22;23;24;25;26;27;28;29;30;31;32;33;34;35;36;37;38;39;40;41;42;43;44;45;46;47;48;49;50;51;52;53;54;55;56;57;58;59;60;61;62;63;64;65;66;67;68;69;70;71;72;73;74;75;76;77;78;79;80;81;82;83;84;85;86
299.494743,similarity_calculation, 32, 1,
302.957535,Eps_time,33,0.9381771087646484,
304.828882,|Eps_neighbors|,33, 87,
306.910753,Eps_neighbor_id,33,,0;1;2;3;4;5;6;7;8;9;10;11;12;13;14;15;16;17;18;19;20;21;22;23;24;25;26;27;28;29;30;31;32;33;34;35;36;37;38;39;40;41;42;43;44;45;46;47;48;49;50;51;52;53;54;55;56;57;58;59;60;61;62;63;64;65;66;67;68;69;70;71;72;73;74;75;76;77;78;79;80;81;82;83;84;85;86
308.935404,similarity_calculation, 33, 1,
311.709404,Eps_time,34,0.3764629364013672,
313.277006,|Eps_neighbors|,34, 87,
315.317869,Eps_neighbor_id,34,,0;1;2;3;4;5;6;7;8;9;10;11;12;13;14;15;16;17;18;19;20;21;22;23;24;25;26;27;28;29;30;31;32;33;34;35;36;37;38;39;40;41;42;43;44;45;46;47;48;49;50;51;52;53;54;55;56;57;58;59;60;61;62;63;64;65;66;67;68;69;70;71;72;73;74;75;76;77;78;79;80;81;82;83;84;85;86
317.122698,similarity_calculation, 34, 1,
320.138931,Eps_time,35,0.8151531219482422,
322.424650,|Eps_neighbors|,35, 87,
324.202538,Eps_neighbor_id,35,,0;1;2;3;4;5;6;7;8;9;10;11;12;13;14;15;16;17;18;19;20;21;22;23;24;25;26;27;28;29;30;31;32;33;34;35;36;37;38;39;40;41;42;43;44;45;46;47;48;49;50;51;52;53;54;55;56;57;58;59;60;61;62;63;64;65;66;67;68;69;70;71;72;73;74;75;76;77;78;79;80;81;82;83;84;85;86
325.814486,similarity_calculation, 35, 1,
328.140974,Eps_time,36,0.28777122497558594,
330.198526,|Eps_neighbors|,36, 87,
331.802845,Eps_neighbor_id,36,,0;1;2;3;4;5;6;7;8;9;10;11;12;13;14;15;16;17;18;19;20;21;22;23;24;25;26;27;28;29;30;31;32;33;34;35;36;37;38;39;40;41;42;43;44;45;46;47;48;49;50;51;52;53;54;55;56;57;58;59;60;61;62;63;64;65;66;67;68;69;70;71;72;73;74;75;76;77;78;79;80;81;82;83;84;85;86
333.893538,similarity_calculation, 36, 1,
336.555958,Eps_time,37,0.4184246063232422,
338.281393,|Eps_neighbors|,37, 87,
340.368271,Eps_neighbor_id,37,,0;1;2;3;4;5;6;7;8;9;10;11;12;13;14;15;16;17;18;19;20;21;22;23;24;25;26;27;28;29;30;31;32;33;34;35;36;37;38;39;40;41;42;43;44;45;46;47;48;49;50;51;52;53;54;55;56;57;58;59;60;61;62;63;64;65;66;67;68;69;70;71;72;73;74;75;76;77;78;79;80;81;82;83;84;85;86
342.991352,similarity_calculation, 37, 1,
345.501661,Eps_time,38,0.38552284240722656,
347.453594,|Eps_neighbors|,38, 87,
349.247694,Eps_neighbor_id,38,,0;1;2;3;4;5;6;7;8;9;10;11;12;13;14;15;16;17;18;19;20;21;22;23;24;25;26;27;28;29;30;31;32;33;34;35;36;37;38;39;40;41;42;43;44;45;46;47;48;49;50;51;52;53;54;55;56;57;58;59;60;61;62;63;64;65;66;67;68;69;70;71;72;73;74;75;76;77;78;79;80;81;82;83;84;85;86
351.486683,similarity_calculation, 38, 1,
354.011059,Eps_time,39,0.3159046173095703,
355.654001,|Eps_neighbors|,39, 87,
357.199430,Eps_neighbor_id,39,,0;1;2;3;4;5;6;7;8;9;10;11;12;13;14;15;16;17;18;19;20;21;22;23;24;25;26;27;28;29;30;31;32;33;34;35;36;37;38;39;40;41;42;43;44;45;46;47;48;49;50;51;52;53;54;55;56;57;58;59;60;61;62;63;64;65;66;67;68;69;70;71;72;73;74;75;76;77;78;79;80;81;82;83;84;85;86
361.103058,similarity_calculation, 39, 1,
363.563538,Eps_time,40,0.4477500915527344,
365.463972,|Eps_neighbors|,40, 87,
367.081642,Eps_neighbor_id,40,,0;1;2;3;4;5;6;7;8;9;10;11;12;13;14;15;16;17;18;19;20;21;22;23;24;25;26;27;28;29;30;31;32;33;34;35;36;37;38;39;40;41;42;43;44;45;46;47;48;49;50;51;52;53;54;55;56;57;58;59;60;61;62;63;64;65;66;67;68;69;70;71;72;73;74;75;76;77;78;79;80;81;82;83;84;85;86
369.205952,similarity_calculation, 40, 1,
371.462584,Eps_time,41,0.3063678741455078,
373.096704,|Eps_neighbors|,41, 87,
375.029087,Eps_neighbor_id,41,,0;1;2;3;4;5;6;7;8;9;10;11;12;13;14;15;16;17;18;19;20;21;22;23;24;25;26;27;28;29;30;31;32;33;34;35;36;37;38;39;40;41;42;43;44;45;46;47;48;49;50;51;52;53;54;55;56;57;58;59;60;61;62;63;64;65;66;67;68;69;70;71;72;73;74;75;76;77;78;79;80;81;82;83;84;85;86
377.053499,similarity_calculation, 41, 1,
379.363775,Eps_time,42,0.37860870361328125,
381.461620,|Eps_neighbors|,42, 87,
383.608341,Eps_neighbor_id,42,,0;1;2;3;4;5;6;7;8;9;10;11;12;13;14;15;16;17;18;19;20;21;22;23;24;25;26;27;28;29;30;31;32;33;34;35;36;37;38;39;40;41;42;43;44;45;46;47;48;49;50;51;52;53;54;55;56;57;58;59;60;61;62;63;64;65;66;67;68;69;70;71;72;73;74;75;76;77;78;79;80;81;82;83;84;85;86
385.988712,similarity_calculation, 42, 1,
388.046503,Eps_time,43,0.36406517028808594,
389.918089,|Eps_neighbors|,43, 87,
392.110109,Eps_neighbor_id,43,,0;1;2;3;4;5;6;7;8;9;10;11;12;13;14;15;16;17;18;19;20;21;22;23;24;25;26;27;28;29;30;31;32;33;34;35;36;37;38;39;40;41;42;43;44;45;46;47;48;49;50;51;52;53;54;55;56;57;58;59;60;61;62;63;64;65;66;67;68;69;70;71;72;73;74;75;76;77;78;79;80;81;82;83;84;85;86
394.284487,similarity_calculation, 43, 1,
396.661043,Eps_time,44,0.38814544677734375,
398.748398,|Eps_neighbors|,44, 87,
400.538683,Eps_neighbor_id,44,,0;1;2;3;4;5;6;7;8;9;10;11;12;13;14;15;16;17;18;19;20;21;22;23;24;25;26;27;28;29;30;31;32;33;34;35;36;37;38;39;40;41;42;43;44;45;46;47;48;49;50;51;52;53;54;55;56;57;58;59;60;61;62;63;64;65;66;67;68;69;70;71;72;73;74;75;76;77;78;79;80;81;82;83;84;85;86
402.668953,similarity_calculation, 44, 1,
404.684544,Eps_time,45,0.3857612609863281,
406.574249,|Eps_neighbors|,45, 87,
408.640862,Eps_neighbor_id,45,,0;1;2;3;4;5;6;7;8;9;10;11;12;13;14;15;16;17;18;19;20;21;22;23;24;25;26;27;28;29;30;31;32;33;34;35;36;37;38;39;40;41;42;43;44;45;46;47;48;49;50;51;52;53;54;55;56;57;58;59;60;61;62;63;64;65;66;67;68;69;70;71;72;73;74;75;76;77;78;79;80;81;82;83;84;85;86
410.682440,similarity_calculation, 45, 1,
413.071871,Eps_time,46,0.35834312438964844,
414.851427,|Eps_neighbors|,46, 87,
416.744709,Eps_neighbor_id,46,,0;1;2;3;4;5;6;7;8;9;10;11;12;13;14;15;16;17;18;19;20;21;22;23;24;25;26;27;28;29;30;31;32;33;34;35;36;37;38;39;40;41;42;43;44;45;46;47;48;49;50;51;52;53;54;55;56;57;58;59;60;61;62;63;64;65;66;67;68;69;70;71;72;73;74;75;76;77;78;79;80;81;82;83;84;85;86
418.956757,similarity_calculation, 46, 1,
421.507120,Eps_time,47,0.4124641418457031,
423.745394,|Eps_neighbors|,47, 87,
425.678015,Eps_neighbor_id,47,,0;1;2;3;4;5;6;7;8;9;10;11;12;13;14;15;16;17;18;19;20;21;22;23;24;25;26;27;28;29;30;31;32;33;34;35;36;37;38;39;40;41;42;43;44;45;46;47;48;49;50;51;52;53;54;55;56;57;58;59;60;61;62;63;64;65;66;67;68;69;70;71;72;73;74;75;76;77;78;79;80;81;82;83;84;85;86
428.100586,similarity_calculation, 47, 1,
430.320978,Eps_time,48,0.3142356872558594,
432.701111,|Eps_neighbors|,48, 87,
434.735537,Eps_neighbor_id,48,,0;1;2;3;4;5;6;7;8;9;10;11;12;13;14;15;16;17;18;19;20;21;22;23;24;25;26;27;28;29;30;31;32;33;34;35;36;37;38;39;40;41;42;43;44;45;46;47;48;49;50;51;52;53;54;55;56;57;58;59;60;61;62;63;64;65;66;67;68;69;70;71;72;73;74;75;76;77;78;79;80;81;82;83;84;85;86
436.918020,similarity_calculation, 48, 1,
439.964533,Eps_time,49,0.9963512420654297,
441.978931,|Eps_neighbors|,49, 87,
443.771839,Eps_neighbor_id,49,,0;1;2;3;4;5;6;7;8;9;10;11;12;13;14;15;16;17;18;19;20;21;22;23;24;25;26;27;28;29;30;31;32;33;34;35;36;37;38;39;40;41;42;43;44;45;46;47;48;49;50;51;52;53;54;55;56;57;58;59;60;61;62;63;64;65;66;67;68;69;70;71;72;73;74;75;76;77;78;79;80;81;82;83;84;85;86
445.926905,similarity_calculation, 49, 1,
448.116779,Eps_time,50,0.3876686096191406,
450.068235,|Eps_neighbors|,50, 87,
452.190638,Eps_neighbor_id,50,,0;1;2;3;4;5;6;7;8;9;10;11;12;13;14;15;16;17;18;19;20;21;22;23;24;25;26;27;28;29;30;31;32;33;34;35;36;37;38;39;40;41;42;43;44;45;46;47;48;49;50;51;52;53;54;55;56;57;58;59;60;61;62;63;64;65;66;67;68;69;70;71;72;73;74;75;76;77;78;79;80;81;82;83;84;85;86
454.849243,similarity_calculation, 50, 1,
457.535982,Eps_time,51,0.3502368927001953,
459.409714,|Eps_neighbors|,51, 87,
461.098433,Eps_neighbor_id,51,,0;1;2;3;4;5;6;7;8;9;10;11;12;13;14;15;16;17;18;19;20;21;22;23;24;25;26;27;28;29;30;31;32;33;34;35;36;37;38;39;40;41;42;43;44;45;46;47;48;49;50;51;52;53;54;55;56;57;58;59;60;61;62;63;64;65;66;67;68;69;70;71;72;73;74;75;76;77;78;79;80;81;82;83;84;85;86
463.122368,similarity_calculation, 51, 1,
465.836287,Eps_time,52,0.8342266082763672,
467.829704,|Eps_neighbors|,52, 87,
469.682693,Eps_neighbor_id,52,,0;1;2;3;4;5;6;7;8;9;10;11;12;13;14;15;16;17;18;19;20;21;22;23;24;25;26;27;28;29;30;31;32;33;34;35;36;37;38;39;40;41;42;43;44;45;46;47;48;49;50;51;52;53;54;55;56;57;58;59;60;61;62;63;64;65;66;67;68;69;70;71;72;73;74;75;76;77;78;79;80;81;82;83;84;85;86
472.295523,similarity_calculation, 52, 1,
474.356413,Eps_time,53,0.2980232238769531,
476.418018,|Eps_neighbors|,53, 87,
478.297710,Eps_neighbor_id,53,,0;1;2;3;4;5;6;7;8;9;10;11;12;13;14;15;16;17;18;19;20;21;22;23;24;25;26;27;28;29;30;31;32;33;34;35;36;37;38;39;40;41;42;43;44;45;46;47;48;49;50;51;52;53;54;55;56;57;58;59;60;61;62;63;64;65;66;67;68;69;70;71;72;73;74;75;76;77;78;79;80;81;82;83;84;85;86
481.294394,similarity_calculation, 53, 1,
484.174013,Eps_time,54,0.7848739624023438,
486.020565,|Eps_neighbors|,54, 87,
488.184929,Eps_neighbor_id,54,,0;1;2;3;4;5;6;7;8;9;10;11;12;13;14;15;16;17;18;19;20;21;22;23;24;25;26;27;28;29;30;31;32;33;34;35;36;37;38;39;40;41;42;43;44;45;46;47;48;49;50;51;52;53;54;55;56;57;58;59;60;61;62;63;64;65;66;67;68;69;70;71;72;73;74;75;76;77;78;79;80;81;82;83;84;85;86
491.745710,similarity_calculation, 54, 1,
494.779587,Eps_time,55,0.3097057342529297,
496.824265,|Eps_neighbors|,55, 87,
498.952627,Eps_neighbor_id,55,,0;1;2;3;4;5;6;7;8;9;10;11;12;13;14;15;16;17;18;19;20;21;22;23;24;25;26;27;28;29;30;31;32;33;34;35;36;37;38;39;40;41;42;43;44;45;46;47;48;49;50;51;52;53;54;55;56;57;58;59;60;61;62;63;64;65;66;67;68;69;70;71;72;73;74;75;76;77;78;79;80;81;82;83;84;85;86
501.167774,similarity_calculation, 55, 1,
503.753901,Eps_time,56,0.30994415283203125,
505.826712,|Eps_neighbors|,56, 87,
508.919954,Eps_neighbor_id,56,,0;1;2;3;4;5;6;7;8;9;10;11;12;13;14;15;16;17;18;19;20;21;22;23;24;25;26;27;28;29;30;31;32;33;34;35;36;37;38;39;40;41;42;43;44;45;46;47;48;49;50;51;52;53;54;55;56;57;58;59;60;61;62;63;64;65;66;67;68;69;70;71;72;73;74;75;76;77;78;79;80;81;82;83;84;85;86
511.057138,similarity_calculation, 56, 1,
513.365984,Eps_time,57,0.3154277801513672,
515.368462,|Eps_neighbors|,57, 87,
517.445087,Eps_neighbor_id,57,,0;1;2;3;4;5;6;7;8;9;10;11;12;13;14;15;16;17;18;19;20;21;22;23;24;25;26;27;28;29;30;31;32;33;34;35;36;37;38;39;40;41;42;43;44;45;46;47;48;49;50;51;52;53;54;55;56;57;58;59;60;61;62;63;64;65;66;67;68;69;70;71;72;73;74;75;76;77;78;79;80;81;82;83;84;85;86
519.956589,similarity_calculation, 57, 1,
522.206783,Eps_time,58,0.3173351287841797,
525.223017,|Eps_neighbors|,58, 87,
527.886868,Eps_neighbor_id,58,,0;1;2;3;4;5;6;7;8;9;10;11;12;13;14;15;16;17;18;19;20;21;22;23;24;25;26;27;28;29;30;31;32;33;34;35;36;37;38;39;40;41;42;43;44;45;46;47;48;49;50;51;52;53;54;55;56;57;58;59;60;61;62;63;64;65;66;67;68;69;70;71;72;73;74;75;76;77;78;79;80;81;82;83;84;85;86
529.765606,similarity_calculation, 58, 1,
532.274246,Eps_time,59,0.3216266632080078,
534.340858,|Eps_neighbors|,59, 87,
536.729813,Eps_neighbor_id,59,,0;1;2;3;4;5;6;7;8;9;10;11;12;13;14;15;16;17;18;19;20;21;22;23;24;25;26;27;28;29;30;31;32;33;34;35;36;37;38;39;40;41;42;43;44;45;46;47;48;49;50;51;52;53;54;55;56;57;58;59;60;61;62;63;64;65;66;67;68;69;70;71;72;73;74;75;76;77;78;79;80;81;82;83;84;85;86
539.096594,similarity_calculation, 59, 1,
542.742252,Eps_time,60,0.4761219024658203,
544.935226,|Eps_neighbors|,60, 87,
547.240257,Eps_neighbor_id,60,,0;1;2;3;4;5;6;7;8;9;10;11;12;13;14;15;16;17;18;19;20;21;22;23;24;25;26;27;28;29;30;31;32;33;34;35;36;37;38;39;40;41;42;43;44;45;46;47;48;49;50;51;52;53;54;55;56;57;58;59;60;61;62;63;64;65;66;67;68;69;70;71;72;73;74;75;76;77;78;79;80;81;82;83;84;85;86
549.819231,similarity_calculation, 60, 1,
552.717209,Eps_time,61,0.41794776916503906,
555.585623,|Eps_neighbors|,61, 87,
558.813095,Eps_neighbor_id,61,,0;1;2;3;4;5;6;7;8;9;10;11;12;13;14;15;16;17;18;19;20;21;22;23;24;25;26;27;28;29;30;31;32;33;34;35;36;37;38;39;40;41;42;43;44;45;46;47;48;49;50;51;52;53;54;55;56;57;58;59;60;61;62;63;64;65;66;67;68;69;70;71;72;73;74;75;76;77;78;79;80;81;82;83;84;85;86
560.970783,similarity_calculation, 61, 1,
563.488245,Eps_time,62,0.4200935363769531,
565.426350,|Eps_neighbors|,62, 87,
567.582607,Eps_neighbor_id,62,,0;1;2;3;4;5;6;7;8;9;10;11;12;13;14;15;16;17;18;19;20;21;22;23;24;25;26;27;28;29;30;31;32;33;34;35;36;37;38;39;40;41;42;43;44;45;46;47;48;49;50;51;52;53;54;55;56;57;58;59;60;61;62;63;64;65;66;67;68;69;70;71;72;73;74;75;76;77;78;79;80;81;82;83;84;85;86
570.986509,similarity_calculation, 62, 1,
573.636293,Eps_time,63,0.4291534423828125,
576.347828,|Eps_neighbors|,63, 87,
578.562260,Eps_neighbor_id,63,,0;1;2;3;4;5;6;7;8;9;10;11;12;13;14;15;16;17;18;19;20;21;22;23;24;25;26;27;28;29;30;31;32;33;34;35;36;37;38;39;40;41;42;43;44;45;46;47;48;49;50;51;52;53;54;55;56;57;58;59;60;61;62;63;64;65;66;67;68;69;70;71;72;73;74;75;76;77;78;79;80;81;82;83;84;85;86
580.491066,similarity_calculation, 63, 1,
582.798481,Eps_time,64,0.3104209899902344,
584.992409,|Eps_neighbors|,64, 87,
587.061644,Eps_neighbor_id,64,,0;1;2;3;4;5;6;7;8;9;10;11;12;13;14;15;16;17;18;19;20;21;22;23;24;25;26;27;28;29;30;31;32;33;34;35;36;37;38;39;40;41;42;43;44;45;46;47;48;49;50;51;52;53;54;55;56;57;58;59;60;61;62;63;64;65;66;67;68;69;70;71;72;73;74;75;76;77;78;79;80;81;82;83;84;85;86
588.740349,similarity_calculation, 64, 1,
591.032743,Eps_time,65,0.335693359375,
593.062401,|Eps_neighbors|,65, 87,
595.097780,Eps_neighbor_id,65,,0;1;2;3;4;5;6;7;8;9;10;11;12;13;14;15;16;17;18;19;20;21;22;23;24;25;26;27;28;29;30;31;32;33;34;35;36;37;38;39;40;41;42;43;44;45;46;47;48;49;50;51;52;53;54;55;56;57;58;59;60;61;62;63;64;65;66;67;68;69;70;71;72;73;74;75;76;77;78;79;80;81;82;83;84;85;86
598.903656,similarity_calculation, 65, 1,
600.960732,Eps_time,66,0.32830238342285156,
602.603436,|Eps_neighbors|,66, 87,
604.328871,Eps_neighbor_id,66,,0;1;2;3;4;5;6;7;8;9;10;11;12;13;14;15;16;17;18;19;20;21;22;23;24;25;26;27;28;29;30;31;32;33;34;35;36;37;38;39;40;41;42;43;44;45;46;47;48;49;50;51;52;53;54;55;56;57;58;59;60;61;62;63;64;65;66;67;68;69;70;71;72;73;74;75;76;77;78;79;80;81;82;83;84;85;86
607.548952,similarity_calculation, 66, 1,
610.593081,Eps_time,67,0.5998611450195312,
612.563133,|Eps_neighbors|,67, 87,
614.612818,Eps_neighbor_id,67,,0;1;2;3;4;5;6;7;8;9;10;11;12;13;14;15;16;17;18;19;20;21;22;23;24;25;26;27;28;29;30;31;32;33;34;35;36;37;38;39;40;41;42;43;44;45;46;47;48;49;50;51;52;53;54;55;56;57;58;59;60;61;62;63;64;65;66;67;68;69;70;71;72;73;74;75;76;77;78;79;80;81;82;83;84;85;86
618.076563,similarity_calculation, 67, 1,
620.861769,Eps_time,68,0.32520294189453125,
623.546839,|Eps_neighbors|,68, 87,
626.490831,Eps_neighbor_id,68,,0;1;2;3;4;5;6;7;8;9;10;11;12;13;14;15;16;17;18;19;20;21;22;23;24;25;26;27;28;29;30;31;32;33;34;35;36;37;38;39;40;41;42;43;44;45;46;47;48;49;50;51;52;53;54;55;56;57;58;59;60;61;62;63;64;65;66;67;68;69;70;71;72;73;74;75;76;77;78;79;80;81;82;83;84;85;86
628.867388,similarity_calculation, 68, 1,
630.987883,Eps_time,69,0.38123130798339844,
632.721663,|Eps_neighbors|,69, 87,
634.613991,Eps_neighbor_id,69,,0;1;2;3;4;5;6;7;8;9;10;11;12;13;14;15;16;17;18;19;20;21;22;23;24;25;26;27;28;29;30;31;32;33;34;35;36;37;38;39;40;41;42;43;44;45;46;47;48;49;50;51;52;53;54;55;56;57;58;59;60;61;62;63;64;65;66;67;68;69;70;71;72;73;74;75;76;77;78;79;80;81;82;83;84;85;86
637.579203,similarity_calculation, 69, 1,
640.718699,Eps_time,70,0.3750324249267578,
643.195391,|Eps_neighbors|,70, 87,
645.479679,Eps_neighbor_id,70,,0;1;2;3;4;5;6;7;8;9;10;11;12;13;14;15;16;17;18;19;20;21;22;23;24;25;26;27;28;29;30;31;32;33;34;35;36;37;38;39;40;41;42;43;44;45;46;47;48;49;50;51;52;53;54;55;56;57;58;59;60;61;62;63;64;65;66;67;68;69;70;71;72;73;74;75;76;77;78;79;80;81;82;83;84;85;86
647.256613,similarity_calculation, 70, 1,
649.117947,Eps_time,71,0.3142356872558594,
651.209354,|Eps_neighbors|,71, 87,
653.884172,Eps_neighbor_id,71,,0;1;2;3;4;5;6;7;8;9;10;11;12;13;14;15;16;17;18;19;20;21;22;23;24;25;26;27;28;29;30;31;32;33;34;35;36;37;38;39;40;41;42;43;44;45;46;47;48;49;50;51;52;53;54;55;56;57;58;59;60;61;62;63;64;65;66;67;68;69;70;71;72;73;74;75;76;77;78;79;80;81;82;83;84;85;86
656.453371,similarity_calculation, 71, 1,
658.733845,Eps_time,72,0.5373954772949219,
660.768270,|Eps_neighbors|,72, 87,
662.541151,Eps_neighbor_id,72,,0;1;2;3;4;5;6;7;8;9;10;11;12;13;14;15;16;17;18;19;20;21;22;23;24;25;26;27;28;29;30;31;32;33;34;35;36;37;38;39;40;41;42;43;44;45;46;47;48;49;50;51;52;53;54;55;56;57;58;59;60;61;62;63;64;65;66;67;68;69;70;71;72;73;74;75;76;77;78;79;80;81;82;83;84;85;86
664.628267,similarity_calculation, 72, 1,
667.554617,Eps_time,73,0.4620552062988281,
669.566631,|Eps_neighbors|,73, 87,
671.639919,Eps_neighbor_id,73,,0;1;2;3;4;5;6;7;8;9;10;11;12;13;14;15;16;17;18;19;20;21;22;23;24;25;26;27;28;29;30;31;32;33;34;35;36;37;38;39;40;41;42;43;44;45;46;47;48;49;50;51;52;53;54;55;56;57;58;59;60;61;62;63;64;65;66;67;68;69;70;71;72;73;74;75;76;77;78;79;80;81;82;83;84;85;86
673.527479,similarity_calculation, 73, 1,
675.741434,Eps_time,74,0.42629241943359375,
677.982569,|Eps_neighbors|,74, 87,
679.957390,Eps_neighbor_id,74,,0;1;2;3;4;5;6;7;8;9;10;11;12;13;14;15;16;17;18;19;20;21;22;23;24;25;26;27;28;29;30;31;32;33;34;35;36;37;38;39;40;41;42;43;44;45;46;47;48;49;50;51;52;53;54;55;56;57;58;59;60;61;62;63;64;65;66;67;68;69;70;71;72;73;74;75;76;77;78;79;80;81;82;83;84;85;86
681.947231,similarity_calculation, 74, 1,
684.513807,Eps_time,75,0.37360191345214844,
686.298609,|Eps_neighbors|,75, 87,
688.358545,Eps_neighbor_id,75,,0;1;2;3;4;5;6;7;8;9;10;11;12;13;14;15;16;17;18;19;20;21;22;23;24;25;26;27;28;29;30;31;32;33;34;35;36;37;38;39;40;41;42;43;44;45;46;47;48;49;50;51;52;53;54;55;56;57;58;59;60;61;62;63;64;65;66;67;68;69;70;71;72;73;74;75;76;77;78;79;80;81;82;83;84;85;86
689.946890,similarity_calculation, 75, 1,
692.212105,Eps_time,76,0.3428459167480469,
694.049358,|Eps_neighbors|,76, 87,
708.026886,Eps_neighbor_id,76,,0;1;2;3;4;5;6;7;8;9;10;11;12;13;14;15;16;17;18;19;20;21;22;23;24;25;26;27;28;29;30;31;32;33;34;35;36;37;38;39;40;41;42;43;44;45;46;47;48;49;50;51;52;53;54;55;56;57;58;59;60;61;62;63;64;65;66;67;68;69;70;71;72;73;74;75;76;77;78;79;80;81;82;83;84;85;86
710.613012,similarity_calculation, 76, 1,
713.957310,Eps_time,77,1.1126995086669922,
716.062784,|Eps_neighbors|,77, 87,
720.614910,Eps_neighbor_id,77,,0;1;2;3;4;5;6;7;8;9;10;11;12;13;14;15;16;17;18;19;20;21;22;23;24;25;26;27;28;29;30;31;32;33;34;35;36;37;38;39;40;41;42;43;44;45;46;47;48;49;50;51;52;53;54;55;56;57;58;59;60;61;62;63;64;65;66;67;68;69;70;71;72;73;74;75;76;77;78;79;80;81;82;83;84;85;86
723.267555,similarity_calculation, 77, 1,
725.608349,Eps_time,78,0.3573894500732422,
730.195522,|Eps_neighbors|,78, 87,
732.809544,Eps_neighbor_id,78,,0;1;2;3;4;5;6;7;8;9;10;11;12;13;14;15;16;17;18;19;20;21;22;23;24;25;26;27;28;29;30;31;32;33;34;35;36;37;38;39;40;41;42;43;44;45;46;47;48;49;50;51;52;53;54;55;56;57;58;59;60;61;62;63;64;65;66;67;68;69;70;71;72;73;74;75;76;77;78;79;80;81;82;83;84;85;86
734.719992,similarity_calculation, 78, 1,
737.063169,Eps_time,79,0.3285408020019531,
739.197969,|Eps_neighbors|,79, 87,
742.054224,Eps_neighbor_id,79,,0;1;2;3;4;5;6;7;8;9;10;11;12;13;14;15;16;17;18;19;20;21;22;23;24;25;26;27;28;29;30;31;32;33;34;35;36;37;38;39;40;41;42;43;44;45;46;47;48;49;50;51;52;53;54;55;56;57;58;59;60;61;62;63;64;65;66;67;68;69;70;71;72;73;74;75;76;77;78;79;80;81;82;83;84;85;86
744.373083,similarity_calculation, 79, 1,
747.594595,Eps_time,80,0.9913444519042969,
749.479055,|Eps_neighbors|,80, 87,
751.341820,Eps_neighbor_id,80,,0;1;2;3;4;5;6;7;8;9;10;11;12;13;14;15;16;17;18;19;20;21;22;23;24;25;26;27;28;29;30;31;32;33;34;35;36;37;38;39;40;41;42;43;44;45;46;47;48;49;50;51;52;53;54;55;56;57;58;59;60;61;62;63;64;65;66;67;68;69;70;71;72;73;74;75;76;77;78;79;80;81;82;83;84;85;86
753.293514,similarity_calculation, 80, 1,
756.100893,Eps_time,81,0.41294097900390625,
757.738829,|Eps_neighbors|,81, 87,
759.429932,Eps_neighbor_id,81,,0;1;2;3;4;5;6;7;8;9;10;11;12;13;14;15;16;17;18;19;20;21;22;23;24;25;26;27;28;29;30;31;32;33;34;35;36;37;38;39;40;41;42;43;44;45;46;47;48;49;50;51;52;53;54;55;56;57;58;59;60;61;62;63;64;65;66;67;68;69;70;71;72;73;74;75;76;77;78;79;80;81;82;83;84;85;86
761.696815,similarity_calculation, 81, 1,
764.037132,Eps_time,82,0.347137451171875,
766.261339,|Eps_neighbors|,82, 87,
768.119574,Eps_neighbor_id,82,,0;1;2;3;4;5;6;7;8;9;10;11;12;13;14;15;16;17;18;19;20;21;22;23;24;25;26;27;28;29;30;31;32;33;34;35;36;37;38;39;40;41;42;43;44;45;46;47;48;49;50;51;52;53;54;55;56;57;58;59;60;61;62;63;64;65;66;67;68;69;70;71;72;73;74;75;76;77;78;79;80;81;82;83;84;85;86
770.193815,similarity_calculation, 82, 1,
772.862434,Eps_time,83,0.31304359436035156,
774.635077,|Eps_neighbors|,83, 87,
777.202129,Eps_neighbor_id,83,,0;1;2;3;4;5;6;7;8;9;10;11;12;13;14;15;16;17;18;19;20;21;22;23;24;25;26;27;28;29;30;31;32;33;34;35;36;37;38;39;40;41;42;43;44;45;46;47;48;49;50;51;52;53;54;55;56;57;58;59;60;61;62;63;64;65;66;67;68;69;70;71;72;73;74;75;76;77;78;79;80;81;82;83;84;85;86
779.347897,similarity_calculation, 83, 1,
781.548977,Eps_time,84,0.3376007080078125,
784.006834,|Eps_neighbors|,84, 87,
785.987854,Eps_neighbor_id,84,,0;1;2;3;4;5;6;7;8;9;10;11;12;13;14;15;16;17;18;19;20;21;22;23;24;25;26;27;28;29;30;31;32;33;34;35;36;37;38;39;40;41;42;43;44;45;46;47;48;49;50;51;52;53;54;55;56;57;58;59;60;61;62;63;64;65;66;67;68;69;70;71;72;73;74;75;76;77;78;79;80;81;82;83;84;85;86
787.657738,similarity_calculation, 84, 1,
790.045977,Eps_time,85,0.3161430358886719,
792.151213,|Eps_neighbors|,85, 87,
794.281721,Eps_neighbor_id,85,,0;1;2;3;4;5;6;7;8;9;10;11;12;13;14;15;16;17;18;19;20;21;22;23;24;25;26;27;28;29;30;31;32;33;34;35;36;37;38;39;40;41;42;43;44;45;46;47;48;49;50;51;52;53;54;55;56;57;58;59;60;61;62;63;64;65;66;67;68;69;70;71;72;73;74;75;76;77;78;79;80;81;82;83;84;85;86
797.859430,similarity_calculation, 85, 1,
800.137997,Eps_time,86,0.32591819763183594,
802.030325,|Eps_neighbors|,86, 87,
804.240704,Eps_neighbor_id,86,,0;1;2;3;4;5;6;7;8;9;10;11;12;13;14;15;16;17;18;19;20;21;22;23;24;25;26;27;28;29;30;31;32;33;34;35;36;37;38;39;40;41;42;43;44;45;46;47;48;49;50;51;52;53;54;55;56;57;58;59;60;61;62;63;64;65;66;67;68;69;70;71;72;73;74;75;76;77;78;79;80;81;82;83;84;85;86
807.581425,Eps_time,87,0.38433074951171875,
809.217930,|Eps_neighbors|,87, 113,
811.573744,Eps_neighbor_id,87,,87;88;89;90;91;92;93;94;95;96;97;98;99;100;101;102;103;104;105;106;107;108;109;110;111;112;113;114;115;116;117;118;119;120;121;122;123;124;125;126;127;128;129;130;131;132;133;134;135;136;137;138;139;140;141;142;143;144;145;146;147;148;149;150;151;152;153;154;155;156;157;158;159;160;161;162;163;164;165;166;167;168;169;170;171;172;173;174;175;176;177;178;179;180;181;182;183;184;185;186;187;188;189;190;191;192;193;194;195;196;197;198;199
815.785408,similarity_calculation, 87, 1,
817.920208,Eps_time,88,0.3161430358886719,
819.728136,|Eps_neighbors|,88, 91,
821.772337,Eps_neighbor_id,88,,87;88;89;90;91;92;93;94;95;96;97;98;99;100;101;102;103;104;105;106;108;109;110;111;112;114;115;116;117;119;120;121;124;125;126;128;129;130;131;132;133;134;137;138;140;141;142;143;144;145;146;148;149;150;151;152;153;155;156;157;158;160;161;162;163;164;165;166;167;168;169;170;173;175;177;178;179;184;186;187;188;189;190;191;192;193;194;195;196;197;199
824.209690,similarity_calculation, 88, 1,
826.686382,Eps_time,89,0.4298686981201172,
828.632116,|Eps_neighbors|,89, 110,
830.479145,Eps_neighbor_id,89,,87;88;89;90;91;92;93;94;95;96;97;98;99;100;101;102;103;104;105;106;107;108;109;110;111;112;113;114;115;116;117;118;119;120;121;122;123;124;125;126;127;128;129;130;131;132;133;134;136;137;138;139;140;141;142;143;144;145;146;147;148;149;150;151;152;153;155;156;157;158;160;161;162;163;164;165;166;167;168;169;170;171;172;173;174;175;176;177;178;179;180;181;182;183;184;185;186;187;188;189;190;191;192;193;194;195;196;197;198;199
832.675934,similarity_calculation, 89, 1,
834.929228,Eps_time,90,0.30350685119628906,
837.205648,|Eps_neighbors|,90, 113,
839.134455,Eps_neighbor_id,90,,87;88;89;90;91;92;93;94;95;96;97;98;99;100;101;102;103;104;105;106;107;108;109;110;111;112;113;114;115;116;117;118;119;120;121;122;123;124;125;126;127;128;129;130;131;132;133;134;135;136;137;138;139;140;141;142;143;144;145;146;147;148;149;150;151;152;153;154;155;156;157;158;159;160;161;162;163;164;165;166;167;168;169;170;171;172;173;174;175;176;177;178;179;180;181;182;183;184;185;186;187;188;189;190;191;192;193;194;195;196;197;198;199
841.691494,similarity_calculation, 90, 1,
844.084024,Eps_time,91,0.3123283386230469,
846.343517,|Eps_neighbors|,91, 113,
848.352194,Eps_neighbor_id,91,,87;88;89;90;91;92;93;94;95;96;97;98;99;100;101;102;103;104;105;106;107;108;109;110;111;112;113;114;115;116;117;118;119;120;121;122;123;124;125;126;127;128;129;130;131;132;133;134;135;136;137;138;139;140;141;142;143;144;145;146;147;148;149;150;151;152;153;154;155;156;157;158;159;160;161;162;163;164;165;166;167;168;169;170;171;172;173;174;175;176;177;178;179;180;181;182;183;184;185;186;187;188;189;190;191;192;193;194;195;196;197;198;199
851.320744,similarity_calculation, 91, 1,
853.805304,Eps_time,92,0.2923011779785156,
855.829477,|Eps_neighbors|,92, 113,
858.062506,Eps_neighbor_id,92,,87;88;89;90;91;92;93;94;95;96;97;98;99;100;101;102;103;104;105;106;107;108;109;110;111;112;113;114;115;116;117;118;119;120;121;122;123;124;125;126;127;128;129;130;131;132;133;134;135;136;137;138;139;140;141;142;143;144;145;146;147;148;149;150;151;152;153;154;155;156;157;158;159;160;161;162;163;164;165;166;167;168;169;170;171;172;173;174;175;176;177;178;179;180;181;182;183;184;185;186;187;188;189;190;191;192;193;194;195;196;197;198;199
860.149145,similarity_calculation, 92, 1,
863.093853,Eps_time,93,0.8299350738525391,
865.082741,|Eps_neighbors|,93, 107,
866.896391,Eps_neighbor_id,93,,87;88;89;90;91;92;93;94;95;96;97;98;99;100;101;102;103;104;105;106;107;108;109;110;111;112;113;114;115;116;117;118;119;120;121;122;123;124;125;126;127;128;129;130;131;132;133;134;136;137;138;139;140;141;142;143;144;145;146;147;148;149;150;151;152;153;155;156;157;158;160;161;162;163;164;165;166;167;168;169;170;171;173;174;175;176;177;178;179;180;181;182;184;186;187;188;189;190;191;192;193;194;195;196;197;198;199
869.512081,similarity_calculation, 93, 1,
871.798754,Eps_time,94,0.3008842468261719,
873.926163,|Eps_neighbors|,94, 88,
875.694275,Eps_neighbor_id,94,,87;88;89;90;91;92;93;94;95;96;97;98;99;100;101;102;103;104;105;106;108;109;110;111;112;114;115;116;117;119;120;121;124;125;126;128;129;130;131;132;133;134;137;138;140;141;142;143;144;145;146;148;149;150;151;152;153;155;156;157;158;160;161;162;163;164;165;167;168;169;170;173;175;177;178;179;184;186;187;188;189;190;192;193;194;196;197;199
877.435684,similarity_calculation, 94, 1,
879.631758,Eps_time,95,0.3597736358642578,
881.352663,|Eps_neighbors|,95, 113,
883.003235,Eps_neighbor_id,95,,87;88;89;90;91;92;93;94;95;96;97;98;99;100;101;102;103;104;105;106;107;108;109;110;111;112;113;114;115;116;117;118;119;120;121;122;123;124;125;126;127;128;129;130;131;132;133;134;135;136;137;138;139;140;141;142;143;144;145;146;147;148;149;150;151;152;153;154;155;156;157;158;159;160;161;162;163;164;165;166;167;168;169;170;171;172;173;174;175;176;177;178;179;180;181;182;183;184;185;186;187;188;189;190;191;192;193;194;195;196;197;198;199
885.667324,similarity_calculation, 95, 1,
887.881517,Eps_time,96,0.2982616424560547,
890.518188,|Eps_neighbors|,96, 113,
892.546892,Eps_neighbor_id,96,,87;88;89;90;91;92;93;94;95;96;97;98;99;100;101;102;103;104;105;106;107;108;109;110;111;112;113;114;115;116;117;118;119;120;121;122;123;124;125;126;127;128;129;130;131;132;133;134;135;136;137;138;139;140;141;142;143;144;145;146;147;148;149;150;151;152;153;154;155;156;157;158;159;160;161;162;163;164;165;166;167;168;169;170;171;172;173;174;175;176;177;178;179;180;181;182;183;184;185;186;187;188;189;190;191;192;193;194;195;196;197;198;199
894.755840,similarity_calculation, 96, 1,
897.161961,Eps_time,97,0.3039836883544922,
899.001837,|Eps_neighbors|,97, 113,
900.948763,Eps_neighbor_id,97,,87;88;89;90;91;92;93;94;95;96;97;98;99;100;101;102;103;104;105;106;107;108;109;110;111;112;113;114;115;116;117;118;119;120;121;122;123;124;125;126;127;128;129;130;131;132;133;134;135;136;137;138;139;140;141;142;143;144;145;146;147;148;149;150;151;152;153;154;155;156;157;158;159;160;161;162;163;164;165;166;167;168;169;170;171;172;173;174;175;176;177;178;179;180;181;182;183;184;185;186;187;188;189;190;191;192;193;194;195;196;197;198;199
903.805494,similarity_calculation, 97, 1,
905.914545,Eps_time,98,0.2846717834472656,
907.711983,|Eps_neighbors|,98, 112,
909.728050,Eps_neighbor_id,98,,87;88;89;90;91;92;93;94;95;96;97;98;99;100;101;102;103;104;105;106;107;108;109;110;111;112;113;114;115;116;117;118;119;120;121;122;123;124;125;126;127;128;129;131;132;133;134;135;136;137;138;139;140;141;142;143;144;145;146;147;148;149;150;151;152;153;154;155;156;157;158;159;160;161;162;163;164;165;166;167;168;169;170;171;172;173;174;175;176;177;178;179;180;181;182;183;184;185;186;187;188;189;190;191;192;193;194;195;196;197;198;199
912.745237,similarity_calculation, 98, 1,
915.100336,Eps_time,99,0.36787986755371094,
917.110682,|Eps_neighbors|,99, 110,
919.165373,Eps_neighbor_id,99,,87;88;89;90;91;92;93;94;95;96;97;98;99;100;101;102;103;104;105;106;107;108;109;110;111;112;113;114;115;116;117;118;119;120;121;122;123;124;125;126;127;128;129;130;131;132;133;134;136;137;138;139;140;141;142;143;144;145;146;147;148;149;150;151;152;153;155;156;157;158;160;161;162;163;164;165;166;167;168;169;170;171;172;173;174;175;176;177;178;179;180;181;182;183;184;185;186;187;188;189;190;191;192;193;194;195;196;197;198;199
920.931339,similarity_calculation, 99, 1,
923.207283,Eps_time,100,0.29921531677246094,
924.826145,|Eps_neighbors|,100, 87,
926.909208,Eps_neighbor_id,100,,87;88;89;90;91;92;93;94;95;96;97;98;99;100;101;102;103;104;105;106;108;109;110;111;112;114;115;116;117;119;120;121;124;125;126;128;129;130;131;132;133;134;137;138;140;141;142;143;144;145;146;148;149;150;151;152;153;155;156;157;158;160;161;162;163;164;165;167;168;169;173;175;177;178;179;184;186;187;188;189;190;192;193;194;196;197;199
929.236412,similarity_calculation, 100, 1,
931.882381,Eps_time,101,0.29397010803222656,
933.839321,|Eps_neighbors|,101, 109,
936.024666,Eps_neighbor_id,101,,87;88;89;90;91;92;93;94;95;96;97;98;99;100;101;102;103;104;105;106;107;108;109;110;111;112;113;114;115;116;117;118;119;120;121;122;123;124;125;126;127;128;129;130;131;132;133;134;136;137;138;139;140;141;142;143;144;145;146;147;148;149;150;151;152;153;155;156;157;158;160;161;162;163;164;165;166;167;168;169;170;171;173;174;175;176;177;178;179;180;181;182;183;184;185;186;187;188;189;190;191;192;193;194;195;196;197;198;199
938.063145,similarity_calculation, 101, 1,
940.439463,Eps_time,102,0.3020763397216797,
942.826033,|Eps_neighbors|,102, 113,
945.062160,Eps_neighbor_id,102,,87;88;89;90;91;92;93;94;95;96;97;98;99;100;101;102;103;104;105;106;107;108;109;110;111;112;113;114;115;116;117;118;119;120;121;122;123;124;125;126;127;128;129;130;131;132;133;134;135;136;137;138;139;140;141;142;143;144;145;146;147;148;149;150;151;152;153;154;155;156;157;158;159;160;161;162;163;164;165;166;167;168;169;170;171;172;173;174;175;176;177;178;179;180;181;182;183;184;185;186;187;188;189;190;191;192;193;194;195;196;197;198;199
947.440863,similarity_calculation, 102, 1,
950.307131,Eps_time,103,0.720977783203125,
952.606201,|Eps_neighbors|,103, 112,
954.575062,Eps_neighbor_id,103,,87;88;89;90;91;92;93;94;95;96;97;98;99;100;101;102;103;104;105;106;107;108;109;110;111;112;113;114;115;116;117;118;119;120;121;122;123;124;125;126;127;128;129;131;132;133;134;135;136;137;138;139;140;141;142;143;144;145;146;147;148;149;150;151;152;153;154;155;156;157;158;159;160;161;162;163;164;165;166;167;168;169;170;171;172;173;174;175;176;177;178;179;180;181;182;183;184;185;186;187;188;189;190;191;192;193;194;195;196;197;198;199
956.525087,similarity_calculation, 103, 1,
959.022999,Eps_time,104,0.2963542938232422,
960.685253,|Eps_neighbors|,104, 113,
962.797642,Eps_neighbor_id,104,,87;88;89;90;91;92;93;94;95;96;97;98;99;100;101;102;103;104;105;106;107;108;109;110;111;112;113;114;115;116;117;118;119;120;121;122;123;124;125;126;127;128;129;130;131;132;133;134;135;136;137;138;139;140;141;142;143;144;145;146;147;148;149;150;151;152;153;154;155;156;157;158;159;160;161;162;163;164;165;166;167;168;169;170;171;172;173;174;175;176;177;178;179;180;181;182;183;184;185;186;187;188;189;190;191;192;193;194;195;196;197;198;199
965.318441,similarity_calculation, 104, 1,
968.199253,Eps_time,105,0.8451938629150391,
970.529079,|Eps_neighbors|,105, 112,
972.404003,Eps_neighbor_id,105,,87;88;89;90;91;92;93;94;95;96;97;98;99;100;101;102;103;104;105;106;107;108;109;110;111;112;113;114;115;116;117;118;119;120;121;122;123;124;125;126;127;128;129;130;131;132;133;134;135;136;137;138;139;140;141;142;143;144;145;146;147;148;149;150;151;152;153;155;156;157;158;159;160;161;162;163;164;165;166;167;168;169;170;171;172;173;174;175;176;177;178;179;180;181;182;183;184;185;186;187;188;189;190;191;192;193;194;195;196;197;198;199
974.743843,similarity_calculation, 105, 1,
977.304935,Eps_time,106,0.31447410583496094,
979.436398,|Eps_neighbors|,106, 107,
981.876373,Eps_neighbor_id,106,,87;88;89;90;91;92;93;94;95;96;97;98;99;100;101;102;103;104;105;106;107;108;109;110;111;112;113;114;115;116;117;118;119;120;121;122;123;124;125;126;127;128;129;130;131;132;133;134;136;137;138;139;140;141;142;143;144;145;146;147;148;149;150;151;152;153;155;156;157;158;160;161;162;163;164;165;166;167;168;169;170;171;173;174;175;176;177;178;179;180;181;182;184;186;187;188;189;190;191;192;193;194;195;196;197;198;199
983.805656,similarity_calculation, 106, 1,
986.116886,Eps_time,107,0.2942085266113281,
987.917900,|Eps_neighbors|,107, 107,
990.190744,Eps_neighbor_id,107,,87;89;90;91;92;93;95;96;97;98;99;101;102;103;104;105;106;107;108;109;110;111;112;113;114;115;116;117;118;119;120;121;122;123;124;125;126;127;128;129;131;132;134;135;136;137;138;139;140;141;142;143;144;145;147;148;149;150;151;152;153;154;155;156;157;158;159;160;161;162;163;164;165;166;167;168;169;170;171;172;173;174;175;176;177;178;179;180;181;182;183;184;185;186;187;188;189;190;191;192;193;194;195;196;197;198;199
992.259026,similarity_calculation, 107, 1,
994.857311,Eps_time,108,0.5450248718261719,
996.976614,|Eps_neighbors|,108, 113,
999.185324,Eps_neighbor_id,108,,87;88;89;90;91;92;93;94;95;96;97;98;99;100;101;102;103;104;105;106;107;108;109;110;111;112;113;114;115;116;117;118;119;120;121;122;123;124;125;126;127;128;129;130;131;132;133;134;135;136;137;138;139;140;141;142;143;144;145;146;147;148;149;150;151;152;153;154;155;156;157;158;159;160;161;162;163;164;165;166;167;168;169;170;171;172;173;174;175;176;177;178;179;180;181;182;183;184;185;186;187;188;189;190;191;192;193;194;195;196;197;198;199
1.613855,similarity_calculation, 108, 1,
4.373074,Eps_time,109,0.6647109985351562,
6.534100,|Eps_neighbors|,109, 113,
8.556604,Eps_neighbor_id,109,,87;88;89;90;91;92;93;94;95;96;97;98;99;100;101;102;103;104;105;106;107;108;109;110;111;112;113;114;115;116;117;118;119;120;121;122;123;124;125;126;127;128;129;130;131;132;133;134;135;136;137;138;139;140;141;142;143;144;145;146;147;148;149;150;151;152;153;154;155;156;157;158;159;160;161;162;163;164;165;166;167;168;169;170;171;172;173;174;175;176;177;178;179;180;181;182;183;184;185;186;187;188;189;190;191;192;193;194;195;196;197;198;199
11.573315,similarity_calculation, 109, 1,
13.635874,Eps_time,110,0.335693359375,
15.758038,|Eps_neighbors|,110, 113,
18.089533,Eps_neighbor_id,110,,87;88;89;90;91;92;93;94;95;96;97;98;99;100;101;102;103;104;105;106;107;108;109;110;111;112;113;114;115;116;117;118;119;120;121;122;123;124;125;126;127;128;129;130;131;132;133;134;135;136;137;138;139;140;141;142;143;144;145;146;147;148;149;150;151;152;153;154;155;156;157;158;159;160;161;162;163;164;165;166;167;168;169;170;171;172;173;174;175;176;177;178;179;180;181;182;183;184;185;186;187;188;189;190;191;192;193;194;195;196;197;198;199
20.108223,similarity_calculation, 110, 1,
22.548199,Eps_time,111,0.42319297790527344,
24.230480,|Eps_neighbors|,111, 113,
26.659012,Eps_neighbor_id,111,,87;88;89;90;91;92;93;94;95;96;97;98;99;100;101;102;103;104;105;106;107;108;109;110;111;112;113;114;115;116;117;118;119;120;121;122;123;124;125;126;127;128;129;130;131;132;133;134;135;136;137;138;139;140;141;142;143;144;145;146;147;148;149;150;151;152;153;154;155;156;157;158;159;160;161;162;163;164;165;166;167;168;169;170;171;172;173;174;175;176;177;178;179;180;181;182;183;184;185;186;187;188;189;190;191;192;193;194;195;196;197;198;199
29.766321,similarity_calculation, 111, 1,
31.989813,Eps_time,112,0.30517578125,
33.834457,|Eps_neighbors|,112, 107,
35.642385,Eps_neighbor_id,112,,87;88;89;90;91;92;93;94;95;96;97;98;99;100;101;102;103;104;105;106;107;108;109;110;111;112;113;114;115;116;117;118;119;120;121;122;123;124;125;126;127;128;129;130;131;132;133;134;136;137;138;139;140;141;142;143;144;145;146;147;148;149;150;151;152;153;155;156;157;158;160;161;162;163;164;165;166;167;168;169;170;171;173;174;175;176;177;178;179;180;181;182;184;186;187;188;189;190;191;192;193;194;195;196;197;198;199
38.264513,similarity_calculation, 112, 1,
40.935516,Eps_time,113,0.6501674652099609,
43.066978,|Eps_neighbors|,113, 102,
44.784069,Eps_neighbor_id,113,,87;89;90;91;92;93;95;96;97;98;99;101;102;103;104;105;106;107;108;109;110;111;112;113;114;116;117;118;119;121;122;123;124;125;127;128;129;131;132;135;136;137;138;139;140;141;142;143;145;147;148;149;150;151;152;153;154;155;156;157;158;159;160;161;162;163;164;165;166;167;168;169;170;171;172;173;174;175;176;177;178;179;180;181;182;183;184;185;186;187;188;189;190;191;192;193;194;195;196;197;198;199
47.084808,similarity_calculation, 113, 1,
49.667835,Eps_time,114,0.37550926208496094,
51.623821,|Eps_neighbors|,114, 113,
53.611755,Eps_neighbor_id,114,,87;88;89;90;91;92;93;94;95;96;97;98;99;100;101;102;103;104;105;106;107;108;109;110;111;112;113;114;115;116;117;118;119;120;121;122;123;124;125;126;127;128;129;130;131;132;133;134;135;136;137;138;139;140;141;142;143;144;145;146;147;148;149;150;151;152;153;154;155;156;157;158;159;160;161;162;163;164;165;166;167;168;169;170;171;172;173;174;175;176;177;178;179;180;181;182;183;184;185;186;187;188;189;190;191;192;193;194;195;196;197;198;199
55.685997,similarity_calculation, 114, 1,
58.285475,Eps_time,115,0.3046989440917969,
60.611486,|Eps_neighbors|,115, 96,
62.765598,Eps_neighbor_id,115,,87;88;89;90;91;92;93;94;95;96;97;98;99;100;101;102;103;104;105;106;107;108;109;110;111;112;114;115;116;117;119;120;121;124;125;126;127;128;129;130;131;132;133;134;137;138;139;140;141;142;143;144;145;146;148;149;150;151;152;153;155;156;157;158;160;161;162;163;164;165;166;167;168;169;170;173;174;175;177;178;179;182;184;186;187;188;189;190;191;192;193;194;195;196;197;199
65.564394,similarity_calculation, 115, 1,
68.892717,Eps_time,116,0.827789306640625,
70.675611,|Eps_neighbors|,116, 113,
72.442055,Eps_neighbor_id,116,,87;88;89;90;91;92;93;94;95;96;97;98;99;100;101;102;103;104;105;106;107;108;109;110;111;112;113;114;115;116;117;118;119;120;121;122;123;124;125;126;127;128;129;130;131;132;133;134;135;136;137;138;139;140;141;142;143;144;145;146;147;148;149;150;151;152;153;154;155;156;157;158;159;160;161;162;163;164;165;166;167;168;169;170;171;172;173;174;175;176;177;178;179;180;181;182;183;184;185;186;187;188;189;190;191;192;193;194;195;196;197;198;199
74.834108,similarity_calculation, 116, 1,
77.319860,Eps_time,117,0.3116130828857422,
79.371691,|Eps_neighbors|,117, 113,
81.671476,Eps_neighbor_id,117,,87;88;89;90;91;92;93;94;95;96;97;98;99;100;101;102;103;104;105;106;107;108;109;110;111;112;113;114;115;116;117;118;119;120;121;122;123;124;125;126;127;128;129;130;131;132;133;134;135;136;137;138;139;140;141;142;143;144;145;146;147;148;149;150;151;152;153;154;155;156;157;158;159;160;161;162;163;164;165;166;167;168;169;170;171;172;173;174;175;176;177;178;179;180;181;182;183;184;185;186;187;188;189;190;191;192;193;194;195;196;197;198;199
83.839417,similarity_calculation, 117, 1,
85.967064,Eps_time,118,0.30303001403808594,
87.640524,|Eps_neighbors|,118, 102,
89.834213,Eps_neighbor_id,118,,87;89;90;91;92;93;95;96;97;98;99;101;102;103;104;105;106;107;108;109;110;111;112;113;114;116;117;118;119;121;122;123;124;125;127;128;129;131;132;135;136;137;138;139;140;141;142;143;145;147;148;149;150;151;152;153;154;155;156;157;158;159;160;161;162;163;164;165;166;167;168;169;170;171;172;173;174;175;176;177;178;179;180;181;182;183;184;185;186;187;188;189;190;191;192;193;194;195;196;197;198;199
92.672348,similarity_calculation, 118, 1,
95.000029,Eps_time,119,0.3037452697753906,
97.277164,|Eps_neighbors|,119, 113,
98.966837,Eps_neighbor_id,119,,87;88;89;90;91;92;93;94;95;96;97;98;99;100;101;102;103;104;105;106;107;108;109;110;111;112;113;114;115;116;117;118;119;120;121;122;123;124;125;126;127;128;129;130;131;132;133;134;135;136;137;138;139;140;141;142;143;144;145;146;147;148;149;150;151;152;153;154;155;156;157;158;159;160;161;162;163;164;165;166;167;168;169;170;171;172;173;174;175;176;177;178;179;180;181;182;183;184;185;186;187;188;189;190;191;192;193;194;195;196;197;198;199
101.329565,similarity_calculation, 119, 1,
103.846312,Eps_time,120,0.29349327087402344,
106.285810,|Eps_neighbors|,120, 97,
108.308554,Eps_neighbor_id,120,,87;88;89;90;91;92;93;94;95;96;97;98;99;100;101;102;103;104;105;106;107;108;109;110;111;112;114;115;116;117;119;120;121;124;125;126;127;128;129;130;131;132;133;134;137;138;139;140;141;142;143;144;145;146;148;149;150;151;152;153;155;156;157;158;160;161;162;163;164;165;166;167;168;169;170;171;173;174;175;177;178;179;182;184;186;187;188;189;190;191;192;193;194;195;196;197;199
110.317230,similarity_calculation, 120, 1,
112.620592,Eps_time,121,0.3497600555419922,
114.592552,|Eps_neighbors|,121, 113,
116.504669,Eps_neighbor_id,121,,87;88;89;90;91;92;93;94;95;96;97;98;99;100;101;102;103;104;105;106;107;108;109;110;111;112;113;114;115;116;117;118;119;120;121;122;123;124;125;126;127;128;129;130;131;132;133;134;135;136;137;138;139;140;141;142;143;144;145;146;147;148;149;150;151;152;153;154;155;156;157;158;159;160;161;162;163;164;165;166;167;168;169;170;171;172;173;174;175;176;177;178;179;180;181;182;183;184;185;186;187;188;189;190;191;192;193;194;195;196;197;198;199
118.850708,similarity_calculation, 121, 1,
121.307135,Eps_time,122,0.3075599670410156,
123.340130,|Eps_neighbors|,122, 102,
125.411034,Eps_neighbor_id,122,,87;89;90;91;92;93;95;96;97;98;99;101;102;103;104;105;106;107;108;109;110;111;112;113;114;116;117;118;119;121;122;123;124;125;127;128;129;131;132;135;136;137;138;139;140;141;142;143;145;147;148;149;150;151;152;153;154;155;156;157;158;159;160;161;162;163;164;165;166;167;168;169;170;171;172;173;174;175;176;177;178;179;180;181;182;183;184;185;186;187;188;189;190;191;192;193;194;195;196;197;198;199
127.437592,similarity_calculation, 122, 1,
129.499197,Eps_time,123,0.3848075866699219,
132.027149,|Eps_neighbors|,123, 102,
134.330511,Eps_neighbor_id,123,,87;89;90;91;92;93;95;96;97;98;99;101;102;103;104;105;106;107;108;109;110;111;112;113;114;116;117;118;119;121;122;123;124;125;127;128;129;131;132;135;136;137;138;139;140;141;142;143;145;147;148;149;150;151;152;153;154;155;156;157;158;159;160;161;162;163;164;165;166;167;168;169;170;171;172;173;174;175;176;177;178;179;180;181;182;183;184;185;186;187;188;189;190;191;192;193;194;195;196;197;198;199
137.123108,similarity_calculation, 123, 1,
139.584541,Eps_time,124,0.3802776336669922,
142.641306,|Eps_neighbors|,124, 113,
144.717216,Eps_neighbor_id,124,,87;88;89;90;91;92;93;94;95;96;97;98;99;100;101;102;103;104;105;106;107;108;109;110;111;112;113;114;115;116;117;118;119;120;121;122;123;124;125;126;127;128;129;130;131;132;133;134;135;136;137;138;139;140;141;142;143;144;145;146;147;148;149;150;151;152;153;154;155;156;157;158;159;160;161;162;163;164;165;166;167;168;169;170;171;172;173;174;175;176;177;178;179;180;181;182;183;184;185;186;187;188;189;190;191;192;193;194;195;196;197;198;199
146.992683,similarity_calculation, 124, 1,
150.064945,Eps_time,125,0.3216266632080078,
151.882410,|Eps_neighbors|,125, 113,
153.651714,Eps_neighbor_id,125,,87;88;89;90;91;92;93;94;95;96;97;98;99;100;101;102;103;104;105;106;107;108;109;110;111;112;113;114;115;116;117;118;119;120;121;122;123;124;125;126;127;128;129;130;131;132;133;134;135;136;137;138;139;140;141;142;143;144;145;146;147;148;149;150;151;152;153;154;155;156;157;158;159;160;161;162;163;164;165;166;167;168;169;170;171;172;173;174;175;176;177;178;179;180;181;182;183;184;185;186;187;188;189;190;191;192;193;194;195;196;197;198;199
156.740665,similarity_calculation, 125, 1,
160.979986,Eps_time,126,0.33545494079589844,
163.189173,|Eps_neighbors|,126, 96,
165.094376,Eps_neighbor_id,126,,87;88;89;90;91;92;93;94;95;96;97;98;99;100;101;102;103;104;105;106;107;108;109;110;111;112;114;115;116;117;119;120;121;124;125;126;127;128;129;130;131;132;133;134;137;138;139;140;141;142;143;144;145;146;148;149;150;151;152;153;155;156;157;158;160;161;162;163;164;165;166;167;168;169;170;173;174;175;177;178;179;182;184;186;187;188;189;190;191;192;193;194;195;196;197;199
167.101622,similarity_calculation, 126, 1,
170.328617,Eps_time,127,0.3364086151123047,
172.551632,|Eps_neighbors|,127, 107,
175.092220,Eps_neighbor_id,127,,87;89;90;91;92;93;95;96;97;98;99;101;102;103;104;105;106;107;108;109;110;111;112;113;114;115;116;117;118;119;120;121;122;123;124;125;126;127;128;129;131;132;134;135;136;137;138;139;140;141;142;143;144;145;147;148;149;150;151;152;153;154;155;156;157;158;159;160;161;162;163;164;165;166;167;168;169;170;171;172;173;174;175;176;177;178;179;180;181;182;183;184;185;186;187;188;189;190;191;192;193;194;195;196;197;198;199
178.532839,similarity_calculation, 127, 1,
181.087017,Eps_time,128,0.33473968505859375,
183.413267,|Eps_neighbors|,128, 113,
185.562611,Eps_neighbor_id,128,,87;88;89;90;91;92;93;94;95;96;97;98;99;100;101;102;103;104;105;106;107;108;109;110;111;112;113;114;115;116;117;118;119;120;121;122;123;124;125;126;127;128;129;130;131;132;133;134;135;136;137;138;139;140;141;142;143;144;145;146;147;148;149;150;151;152;153;154;155;156;157;158;159;160;161;162;163;164;165;166;167;168;169;170;171;172;173;174;175;176;177;178;179;180;181;182;183;184;185;186;187;188;189;190;191;192;193;194;195;196;197;198;199
188.193083,similarity_calculation, 128, 1,
190.304279,Eps_time,129,0.3437995910644531,
192.087412,|Eps_neighbors|,129, 106,
193.848372,Eps_neighbor_id,129,,87;88;89;90;91;92;93;94;95;96;97;98;99;100;101;102;103;104;105;106;107;108;109;110;111;112;113;114;115;116;117;118;119;120;121;122;123;124;125;126;127;128;129;130;131;132;133;134;136;137;138;139;140;141;142;143;144;145;146;147;148;149;150;151;152;153;155;156;157;158;160;161;162;163;164;165;166;167;168;169;170;171;173;174;175;176;177;178;179;180;182;184;186;187;188;189;190;191;192;193;194;195;196;197;198;199
196.121931,similarity_calculation, 129, 1,
198.748112,Eps_time,130,0.31495094299316406,
200.989008,|Eps_neighbors|,130, 83,
203.215837,Eps_neighbor_id,130,,87;88;89;90;91;92;93;94;95;96;97;99;100;101;102;104;105;106;108;109;110;111;112;114;115;116;117;119;120;121;124;125;126;128;129;130;131;132;133;134;137;138;140;141;142;143;144;145;146;148;149;150;151;152;153;155;156;157;158;160;161;162;163;164;165;167;168;169;173;175;177;178;179;184;186;187;188;189;190;192;193;197;199
205.284595,similarity_calculation, 130, 1,
207.689762,Eps_time,131,0.3669261932373047,
209.792137,|Eps_neighbors|,131, 113,
211.722612,Eps_neighbor_id,131,,87;88;89;90;91;92;93;94;95;96;97;98;99;100;101;102;103;104;105;106;107;108;109;110;111;112;113;114;115;116;117;118;119;120;121;122;123;124;125;126;127;128;129;130;131;132;133;134;135;136;137;138;139;140;141;142;143;144;145;146;147;148;149;150;151;152;153;154;155;156;157;158;159;160;161;162;163;164;165;166;167;168;169;170;171;172;173;174;175;176;177;178;179;180;181;182;183;184;185;186;187;188;189;190;191;192;193;194;195;196;197;198;199
213.814735,similarity_calculation, 131, 1,
216.075182,Eps_time,132,0.30493736267089844,
218.151331,|Eps_neighbors|,132, 113,
220.284700,Eps_neighbor_id,132,,87;88;89;90;91;92;93;94;95;96;97;98;99;100;101;102;103;104;105;106;107;108;109;110;111;112;113;114;115;116;117;118;119;120;121;122;123;124;125;126;127;128;129;130;131;132;133;134;135;136;137;138;139;140;141;142;143;144;145;146;147;148;149;150;151;152;153;154;155;156;157;158;159;160;161;162;163;164;165;166;167;168;169;170;171;172;173;174;175;176;177;178;179;180;181;182;183;184;185;186;187;188;189;190;191;192;193;194;195;196;197;198;199
222.478390,similarity_calculation, 132, 1,
224.682331,Eps_time,133,0.32591819763183594,
226.479769,|Eps_neighbors|,133, 87,
230.117321,Eps_neighbor_id,133,,87;88;89;90;91;92;93;94;95;96;97;98;99;100;101;102;103;104;105;106;108;109;110;111;112;114;115;116;117;119;120;121;124;125;126;128;129;130;131;132;133;134;137;138;140;141;142;143;144;145;146;148;149;150;151;152;153;155;156;157;158;160;161;162;163;164;165;167;168;169;173;175;177;178;179;184;186;187;188;189;190;192;193;194;196;197;199
232.451677,similarity_calculation, 133, 1,
234.489679,Eps_time,134,0.35119056701660156,
236.305237,|Eps_neighbors|,134, 96,
238.264561,Eps_neighbor_id,134,,87;88;89;90;91;92;93;94;95;96;97;98;99;100;101;102;103;104;105;106;107;108;109;110;111;112;114;115;116;117;119;120;121;124;125;126;127;128;129;130;131;132;133;134;137;138;139;140;141;142;143;144;145;146;148;149;150;151;152;153;155;156;157;158;160;161;162;163;164;165;166;167;168;169;170;173;174;175;177;178;179;182;184;186;187;188;189;190;191;192;193;194;195;196;197;199
241.020679,similarity_calculation, 134, 1,
243.915558,Eps_time,137,0.30732154846191406,
246.355295,|Eps_neighbors|,137, 109,
248.244047,Eps_neighbor_id,137,,87;88;89;90;91;92;93;94;95;96;97;98;99;100;101;102;103;104;105;106;107;108;109;110;111;112;113;114;115;116;117;118;119;120;121;122;123;124;125;126;127;128;129;130;131;132;133;134;136;137;138;139;140;141;142;143;144;145;146;147;148;149;150;151;152;153;155;156;157;158;160;161;162;163;164;165;166;167;168;169;170;171;173;174;175;176;177;178;179;180;181;182;183;184;185;186;187;188;189;190;191;192;193;194;195;196;197;198;199
250.655174,similarity_calculation, 137, 1,
253.440142,Eps_time,136,0.34689903259277344,
255.625010,|Eps_neighbors|,136, 102,
257.657766,Eps_neighbor_id,136,,87;89;90;91;92;93;95;96;97;98;99;101;102;103;104;105;106;107;108;109;110;111;112;113;114;116;117;118;119;121;122;123;124;125;127;128;129;131;132;135;136;137;138;139;140;141;142;143;145;147;148;149;150;151;152;153;154;155;156;157;158;159;160;161;162;163;164;165;166;167;168;169;170;171;172;173;174;175;176;177;178;179;180;181;182;183;184;185;186;187;188;189;190;191;192;193;194;195;196;197;198;199
259.922266,similarity_calculation, 136, 1,
262.207270,Eps_time,135,0.29659271240234375,
264.611721,|Eps_neighbors|,135, 91,
266.676903,Eps_neighbor_id,135,,87;90;91;92;95;96;97;98;102;103;104;105;107;108;109;110;111;113;114;116;117;118;119;121;122;123;124;125;127;128;131;132;135;136;138;139;140;142;143;145;147;148;149;150;151;152;153;154;155;157;158;159;160;161;162;163;164;165;166;167;168;169;170;171;172;174;175;176;177;178;179;180;181;182;183;184;185;186;187;188;189;190;191;192;193;194;195;196;197;198;199
268.501520,similarity_calculation, 135, 1,
270.672083,Eps_time,138,0.36215782165527344,
272.599697,|Eps_neighbors|,138, 113,
274.456024,Eps_neighbor_id,138,,87;88;89;90;91;92;93;94;95;96;97;98;99;100;101;102;103;104;105;106;107;108;109;110;111;112;113;114;115;116;117;118;119;120;121;122;123;124;125;126;127;128;129;130;131;132;133;134;135;136;137;138;139;140;141;142;143;144;145;146;147;148;149;150;151;152;153;154;155;156;157;158;159;160;161;162;163;164;165;166;167;168;169;170;171;172;173;174;175;176;177;178;179;180;181;182;183;184;185;186;187;188;189;190;191;192;193;194;195;196;197;198;199
277.344465,similarity_calculation, 138, 1,
279.937029,Eps_time,139,0.30517578125,
282.349586,|Eps_neighbors|,139, 108,
284.815550,Eps_neighbor_id,139,,87;89;90;91;92;93;95;96;97;98;99;101;102;103;104;105;106;107;108;109;110;111;112;113;114;115;116;117;118;119;120;121;122;123;124;125;126;127;128;129;131;132;134;135;136;137;138;139;140;141;142;143;144;145;146;147;148;149;150;151;152;153;154;155;156;157;158;159;160;161;162;163;164;165;166;167;168;169;170;171;172;173;174;175;176;177;178;179;180;181;182;183;184;185;186;187;188;189;190;191;192;193;194;195;196;197;198;199
287.146568,similarity_calculation, 139, 1,
289.526224,Eps_time,140,0.32591819763183594,
291.844130,|Eps_neighbors|,140, 113,
294.173479,Eps_neighbor_id,140,,87;88;89;90;91;92;93;94;95;96;97;98;99;100;101;102;103;104;105;106;107;108;109;110;111;112;113;114;115;116;117;118;119;120;121;122;123;124;125;126;127;128;129;130;131;132;133;134;135;136;137;138;139;140;141;142;143;144;145;146;147;148;149;150;151;152;153;154;155;156;157;158;159;160;161;162;163;164;165;166;167;168;169;170;171;172;173;174;175;176;177;178;179;180;181;182;183;184;185;186;187;188;189;190;191;192;193;194;195;196;197;198;199
296.936989,similarity_calculation, 140, 1,
300.041914,Eps_time,141,0.8063316345214844,
302.081585,|Eps_neighbors|,141, 106,
304.629564,Eps_neighbor_id,141,,87;88;89;90;91;92;93;94;95;96;97;98;99;100;101;102;103;104;105;106;107;108;109;110;111;112;113;114;115;116;117;118;119;120;121;122;123;124;125;126;127;128;129;130;131;132;133;134;136;137;138;139;140;141;142;143;144;145;146;147;148;149;150;151;152;153;155;156;157;158;160;161;162;163;164;165;166;167;168;169;170;171;173;174;175;176;177;178;179;180;182;184;186;187;188;189;190;191;192;193;194;195;196;197;198;199
306.817055,similarity_calculation, 141, 1,
310.295343,Eps_time,142,0.3154277801513672,
312.441111,|Eps_neighbors|,142, 113,
314.698696,Eps_neighbor_id,142,,87;88;89;90;91;92;93;94;95;96;97;98;99;100;101;102;103;104;105;106;107;108;109;110;111;112;113;114;115;116;117;118;119;120;121;122;123;124;125;126;127;128;129;130;131;132;133;134;135;136;137;138;139;140;141;142;143;144;145;146;147;148;149;150;151;152;153;154;155;156;157;158;159;160;161;162;163;164;165;166;167;168;169;170;171;172;173;174;175;176;177;178;179;180;181;182;183;184;185;186;187;188;189;190;191;192;193;194;195;196;197;198;199
316.662073,similarity_calculation, 142, 1,
318.571091,Eps_time,143,0.36454200744628906,
320.618868,|Eps_neighbors|,143, 113,
322.763443,Eps_neighbor_id,143,,87;88;89;90;91;92;93;94;95;96;97;98;99;100;101;102;103;104;105;106;107;108;109;110;111;112;113;114;115;116;117;118;119;120;121;122;123;124;125;126;127;128;129;130;131;132;133;134;135;136;137;138;139;140;141;142;143;144;145;146;147;148;149;150;151;152;153;154;155;156;157;158;159;160;161;162;163;164;165;166;167;168;169;170;171;172;173;174;175;176;177;178;179;180;181;182;183;184;185;186;187;188;189;190;191;192;193;194;195;196;197;198;199
324.842453,similarity_calculation, 143, 1,
327.255487,Eps_time,144,0.31185150146484375,
329.073906,|Eps_neighbors|,144, 97,
330.683470,Eps_neighbor_id,144,,87;88;89;90;91;92;93;94;95;96;97;98;99;100;101;102;103;104;105;106;107;108;109;110;111;112;114;115;116;117;119;120;121;124;125;126;127;128;129;130;131;132;133;134;137;138;139;140;141;142;143;144;145;146;148;149;150;151;152;153;155;156;157;158;160;161;162;163;164;165;166;167;168;169;170;171;173;174;175;177;178;179;182;184;186;187;188;189;190;191;192;193;194;195;196;197;199
332.336187,similarity_calculation, 144, 1,
334.695578,Eps_time,145,0.35572052001953125,
336.537361,|Eps_neighbors|,145, 113,
338.431597,Eps_neighbor_id,145,,87;88;89;90;91;92;93;94;95;96;97;98;99;100;101;102;103;104;105;106;107;108;109;110;111;112;113;114;115;116;117;118;119;120;121;122;123;124;125;126;127;128;129;130;131;132;133;134;135;136;137;138;139;140;141;142;143;144;145;146;147;148;149;150;151;152;153;154;155;156;157;158;159;160;161;162;163;164;165;166;167;168;169;170;171;172;173;174;175;176;177;178;179;180;181;182;183;184;185;186;187;188;189;190;191;192;193;194;195;196;197;198;199
340.842962,similarity_calculation, 145, 1,
343.075037,Eps_time,146,0.3075599670410156,
345.002413,|Eps_neighbors|,146, 93,
347.044945,Eps_neighbor_id,146,,87;88;89;90;91;92;93;94;95;96;97;98;99;100;101;102;103;104;105;106;108;109;110;111;112;114;115;116;117;119;120;121;124;125;126;128;129;130;131;132;133;134;137;138;139;140;141;142;143;144;145;146;148;149;150;151;152;153;155;156;157;158;160;161;162;163;164;165;166;167;168;169;170;173;175;177;178;179;182;184;186;187;188;189;190;191;192;193;194;195;196;197;199
349.208117,similarity_calculation, 146, 1,
351.763725,Eps_time,148,0.29778480529785156,
354.020357,|Eps_neighbors|,148, 113,
356.049061,Eps_neighbor_id,148,,87;88;89;90;91;92;93;94;95;96;97;98;99;100;101;102;103;104;105;106;107;108;109;110;111;112;113;114;115;116;117;118;119;120;121;122;123;124;125;126;127;128;129;130;131;132;133;134;135;136;137;138;139;140;141;142;143;144;145;146;147;148;149;150;151;152;153;154;155;156;157;158;159;160;161;162;163;164;165;166;167;168;169;170;171;172;173;174;175;176;177;178;179;180;181;182;183;184;185;186;187;188;189;190;191;192;193;194;195;196;197;198;199
358.664036,similarity_calculation, 148, 1,
361.546040,Eps_time,147,0.38623809814453125,
363.511086,|Eps_neighbors|,147, 102,
365.601778,Eps_neighbor_id,147,,87;89;90;91;92;93;95;96;97;98;99;101;102;103;104;105;106;107;108;109;110;111;112;113;114;116;117;118;119;121;122;123;124;125;127;128;129;131;132;135;136;137;138;139;140;141;142;143;145;147;148;149;150;151;152;153;154;155;156;157;158;159;160;161;162;163;164;165;166;167;168;169;170;171;172;173;174;175;176;177;178;179;180;181;182;183;184;185;186;187;188;189;190;191;192;193;194;195;196;197;198;199
367.973089,similarity_calculation, 147, 1,
370.843649,Eps_time,149,0.6468296051025391,
372.924566,|Eps_neighbors|,149, 113,
375.592947,Eps_neighbor_id,149,,87;88;89;90;91;92;93;94;95;96;97;98;99;100;101;102;103;104;105;106;107;108;109;110;111;112;113;114;115;116;117;118;119;120;121;122;123;124;125;126;127;128;129;130;131;132;133;134;135;136;137;138;139;140;141;142;143;144;145;146;147;148;149;150;151;152;153;154;155;156;157;158;159;160;161;162;163;164;165;166;167;168;169;170;171;172;173;174;175;176;177;178;179;180;181;182;183;184;185;186;187;188;189;190;191;192;193;194;195;196;197;198;199
378.645182,similarity_calculation, 149, 1,
380.637884,Eps_time,150,0.3952980041503906,
382.805824,|Eps_neighbors|,150, 113,
384.907007,Eps_neighbor_id,150,,87;88;89;90;91;92;93;94;95;96;97;98;99;100;101;102;103;104;105;106;107;108;109;110;111;112;113;114;115;116;117;118;119;120;121;122;123;124;125;126;127;128;129;130;131;132;133;134;135;136;137;138;139;140;141;142;143;144;145;146;147;148;149;150;151;152;153;154;155;156;157;158;159;160;161;162;163;164;165;166;167;168;169;170;171;172;173;174;175;176;177;178;179;180;181;182;183;184;185;186;187;188;189;190;191;192;193;194;195;196;197;198;199
387.120485,similarity_calculation, 150, 1,
389.465570,Eps_time,151,0.40435791015625,
391.459465,|Eps_neighbors|,151, 113,
393.568277,Eps_neighbor_id,151,,87;88;89;90;91;92;93;94;95;96;97;98;99;100;101;102;103;104;105;106;107;108;109;110;111;112;113;114;115;116;117;118;119;120;121;122;123;124;125;126;127;128;129;130;131;132;133;134;135;136;137;138;139;140;141;142;143;144;145;146;147;148;149;150;151;152;153;154;155;156;157;158;159;160;161;162;163;164;165;166;167;168;169;170;171;172;173;174;175;176;177;178;179;180;181;182;183;184;185;186;187;188;189;190;191;192;193;194;195;196;197;198;199
395.293236,similarity_calculation, 151, 1,
397.476435,Eps_time,152,0.3535747528076172,
399.590969,|Eps_neighbors|,152, 113,
401.413918,Eps_neighbor_id,152,,87;88;89;90;91;92;93;94;95;96;97;98;99;100;101;102;103;104;105;106;107;108;109;110;111;112;113;114;115;116;117;118;119;120;121;122;123;124;125;126;127;128;129;130;131;132;133;134;135;136;137;138;139;140;141;142;143;144;145;146;147;148;149;150;151;152;153;154;155;156;157;158;159;160;161;162;163;164;165;166;167;168;169;170;171;172;173;174;175;176;177;178;179;180;181;182;183;184;185;186;187;188;189;190;191;192;193;194;195;196;197;198;199
404.194117,similarity_calculation, 152, 1,
406.605005,Eps_time,153,0.3857612609863281,
408.839464,|Eps_neighbors|,153, 113,
410.808086,Eps_neighbor_id,153,,87;88;89;90;91;92;93;94;95;96;97;98;99;100;101;102;103;104;105;106;107;108;109;110;111;112;113;114;115;116;117;118;119;120;121;122;123;124;125;126;127;128;129;130;131;132;133;134;135;136;137;138;139;140;141;142;143;144;145;146;147;148;149;150;151;152;153;154;155;156;157;158;159;160;161;162;163;164;165;166;167;168;169;170;171;172;173;174;175;176;177;178;179;180;181;182;183;184;185;186;187;188;189;190;191;192;193;194;195;196;197;198;199
412.477255,similarity_calculation, 153, 1,
414.561749,Eps_time,154,0.3228187561035156,
416.699886,|Eps_neighbors|,154, 90,
418.605089,Eps_neighbor_id,154,,87;90;91;92;95;96;97;98;102;103;104;107;108;109;110;111;113;114;116;117;118;119;121;122;123;124;125;127;128;131;132;135;136;138;139;140;142;143;145;147;148;149;150;151;152;153;154;155;157;158;159;160;161;162;163;164;165;166;167;168;169;170;171;172;174;175;176;177;178;179;180;181;182;183;184;185;186;187;188;189;190;191;192;193;194;195;196;197;198;199
420.350552,similarity_calculation, 154, 1,
423.072577,Eps_time,155,0.3116130828857422,
425.501585,|Eps_neighbors|,155, 113,
427.595854,Eps_neighbor_id,155,,87;88;89;90;91;92;93;94;95;96;97;98;99;100;101;102;103;104;105;106;107;108;109;110;111;112;113;114;115;116;117;118;119;120;121;122;123;124;125;126;127;128;129;130;131;132;133;134;135;136;137;138;139;140;141;142;143;144;145;146;147;148;149;150;151;152;153;154;155;156;157;158;159;160;161;162;163;164;165;166;167;168;169;170;171;172;173;174;175;176;177;178;179;180;181;182;183;184;185;186;187;188;189;190;191;192;193;194;195;196;197;198;199
429.837942,similarity_calculation, 155, 1,
432.072401,Eps_time,156,0.42557716369628906,
433.845520,|Eps_neighbors|,156, 107,
436.076880,Eps_neighbor_id,156,,87;88;89;90;91;92;93;94;95;96;97;98;99;100;101;102;103;104;105;106;107;108;109;110;111;112;113;114;115;116;117;118;119;120;121;122;123;124;125;126;127;128;129;130;131;132;133;134;136;137;138;139;140;141;142;143;144;145;146;147;148;149;150;151;152;153;155;156;157;158;160;161;162;163;164;165;166;167;168;169;170;171;173;174;175;176;177;178;179;180;181;182;184;186;187;188;189;190;191;192;193;194;195;196;197;198;199
438.639879,similarity_calculation, 156, 1,
440.514326,Eps_time,157,0.3540515899658203,
442.424536,|Eps_neighbors|,157, 113,
444.738150,Eps_neighbor_id,157,,87;88;89;90;91;92;93;94;95;96;97;98;99;100;101;102;103;104;105;106;107;108;109;110;111;112;113;114;115;116;117;118;119;120;121;122;123;124;125;126;127;128;129;130;131;132;133;134;135;136;137;138;139;140;141;142;143;144;145;146;147;148;149;150;151;152;153;154;155;156;157;158;159;160;161;162;163;164;165;166;167;168;169;170;171;172;173;174;175;176;177;178;179;180;181;182;183;184;185;186;187;188;189;190;191;192;193;194;195;196;197;198;199
447.290897,similarity_calculation, 157, 1,
449.852467,Eps_time,158,0.32448768615722656,
452.311754,|Eps_neighbors|,158, 113,
454.429388,Eps_neighbor_id,158,,87;88;89;90;91;92;93;94;95;96;97;98;99;100;101;102;103;104;105;106;107;108;109;110;111;112;113;114;115;116;117;118;119;120;121;122;123;124;125;126;127;128;129;130;131;132;133;134;135;136;137;138;139;140;141;142;143;144;145;146;147;148;149;150;151;152;153;154;155;156;157;158;159;160;161;162;163;164;165;166;167;168;169;170;171;172;173;174;175;176;177;178;179;180;181;182;183;184;185;186;187;188;189;190;191;192;193;194;195;196;197;198;199
456.494570,similarity_calculation, 158, 1,
459.326744,Eps_time,159,0.6504058837890625,
461.744547,|Eps_neighbors|,159, 91,
463.803053,Eps_neighbor_id,159,,87;90;91;92;95;96;97;98;102;103;104;105;107;108;109;110;111;113;114;116;117;118;119;121;122;123;124;125;127;128;131;132;135;136;138;139;140;142;143;145;147;148;149;150;151;152;153;154;155;157;158;159;160;161;162;163;164;165;166;167;168;169;170;171;172;174;175;176;177;178;179;180;181;182;183;184;185;186;187;188;189;190;191;192;193;194;195;196;197;198;199
466.277838,similarity_calculation, 159, 1,
468.770266,Eps_time,160,0.3972053527832031,
470.604181,|Eps_neighbors|,160, 113,
472.455502,Eps_neighbor_id,160,,87;88;89;90;91;92;93;94;95;96;97;98;99;100;101;102;103;104;105;106;107;108;109;110;111;112;113;114;115;116;117;118;119;120;121;122;123;124;125;126;127;128;129;130;131;132;133;134;135;136;137;138;139;140;141;142;143;144;145;146;147;148;149;150;151;152;153;154;155;156;157;158;159;160;161;162;163;164;165;166;167;168;169;170;171;172;173;174;175;176;177;178;179;180;181;182;183;184;185;186;187;188;189;190;191;192;193;194;195;196;197;198;199
474.673510,similarity_calculation, 160, 1,
476.848602,Eps_time,161,0.3001689910888672,
479.043722,|Eps_neighbors|,161, 113,
481.276989,Eps_neighbor_id,161,,87;88;89;90;91;92;93;94;95;96;97;98;99;100;101;102;103;104;105;106;107;108;109;110;111;112;113;114;115;116;117;118;119;120;121;122;123;124;125;126;127;128;129;130;131;132;133;134;135;136;137;138;139;140;141;142;143;144;145;146;147;148;149;150;151;152;153;154;155;156;157;158;159;160;161;162;163;164;165;166;167;168;169;170;171;172;173;174;175;176;177;178;179;180;181;182;183;184;185;186;187;188;189;190;191;192;193;194;195;196;197;198;199
483.790636,similarity_calculation, 161, 1,
485.915184,Eps_time,162,0.30541419982910156,
488.734961,|Eps_neighbors|,162, 113,
490.756512,Eps_neighbor_id,162,,87;88;89;90;91;92;93;94;95;96;97;98;99;100;101;102;103;104;105;106;107;108;109;110;111;112;113;114;115;116;117;118;119;120;121;122;123;124;125;126;127;128;129;130;131;132;133;134;135;136;137;138;139;140;141;142;143;144;145;146;147;148;149;150;151;152;153;154;155;156;157;158;159;160;161;162;163;164;165;166;167;168;169;170;171;172;173;174;175;176;177;178;179;180;181;182;183;184;185;186;187;188;189;190;191;192;193;194;195;196;197;198;199
493.314981,similarity_calculation, 162, 1,
496.270657,Eps_time,163,0.5118846893310547,
497.917891,|Eps_neighbors|,163, 113,
499.718428,Eps_neighbor_id,163,,87;88;89;90;91;92;93;94;95;96;97;98;99;100;101;102;103;104;105;106;107;108;109;110;111;112;113;114;115;116;117;118;119;120;121;122;123;124;125;126;127;128;129;130;131;132;133;134;135;136;137;138;139;140;141;142;143;144;145;146;147;148;149;150;151;152;153;154;155;156;157;158;159;160;161;162;163;164;165;166;167;168;169;170;171;172;173;174;175;176;177;178;179;180;181;182;183;184;185;186;187;188;189;190;191;192;193;194;195;196;197;198;199
502.548456,similarity_calculation, 163, 1,
504.969120,Eps_time,164,0.3006458282470703,
507.122993,|Eps_neighbors|,164, 113,
509.147167,Eps_neighbor_id,164,,87;88;89;90;91;92;93;94;95;96;97;98;99;100;101;102;103;104;105;106;107;108;109;110;111;112;113;114;115;116;117;118;119;120;121;122;123;124;125;126;127;128;129;130;131;132;133;134;135;136;137;138;139;140;141;142;143;144;145;146;147;148;149;150;151;152;153;154;155;156;157;158;159;160;161;162;163;164;165;166;167;168;169;170;171;172;173;174;175;176;177;178;179;180;181;182;183;184;185;186;187;188;189;190;191;192;193;194;195;196;197;198;199
510.854483,similarity_calculation, 164, 1,
513.869286,Eps_time,165,0.7855892181396484,
516.215801,|Eps_neighbors|,165, 113,
518.301249,Eps_neighbor_id,165,,87;88;89;90;91;92;93;94;95;96;97;98;99;100;101;102;103;104;105;106;107;108;109;110;111;112;113;114;115;116;117;118;119;120;121;122;123;124;125;126;127;128;129;130;131;132;133;134;135;136;137;138;139;140;141;142;143;144;145;146;147;148;149;150;151;152;153;154;155;156;157;158;159;160;161;162;163;164;165;166;167;168;169;170;171;172;173;174;175;176;177;178;179;180;181;182;183;184;185;186;187;188;189;190;191;192;193;194;195;196;197;198;199
520.205259,similarity_calculation, 165, 1,
522.938013,Eps_time,166,0.3123283386230469,
525.084734,|Eps_neighbors|,166, 109,
527.493715,Eps_neighbor_id,166,,87;88;89;90;91;92;93;95;96;97;98;99;101;102;103;104;105;106;107;108;109;110;111;112;113;114;115;116;117;118;119;120;121;122;123;124;125;126;127;128;129;131;132;134;135;136;137;138;139;140;141;142;143;144;145;146;147;148;149;150;151;152;153;154;155;156;157;158;159;160;161;162;163;164;165;166;167;168;169;170;171;172;173;174;175;176;177;178;179;180;181;182;183;184;185;186;187;188;189;190;191;192;193;194;195;196;197;198;199
529.932976,similarity_calculation, 166, 1,
532.982111,Eps_time,167,0.9014606475830078,
535.669327,|Eps_neighbors|,167, 113,
537.676096,Eps_neighbor_id,167,,87;88;89;90;91;92;93;94;95;96;97;98;99;100;101;102;103;104;105;106;107;108;109;110;111;112;113;114;115;116;117;118;119;120;121;122;123;124;125;126;127;128;129;130;131;132;133;134;135;136;137;138;139;140;141;142;143;144;145;146;147;148;149;150;151;152;153;154;155;156;157;158;159;160;161;162;163;164;165;166;167;168;169;170;171;172;173;174;175;176;177;178;179;180;181;182;183;184;185;186;187;188;189;190;191;192;193;194;195;196;197;198;199
540.776014,similarity_calculation, 167, 1,
543.775082,Eps_time,168,0.32806396484375,
545.847893,|Eps_neighbors|,168, 113,
547.924042,Eps_neighbor_id,168,,87;88;89;90;91;92;93;94;95;96;97;98;99;100;101;102;103;104;105;106;107;108;109;110;111;112;113;114;115;116;117;118;119;120;121;122;123;124;125;126;127;128;129;130;131;132;133;134;135;136;137;138;139;140;141;142;143;144;145;146;147;148;149;150;151;152;153;154;155;156;157;158;159;160;161;162;163;164;165;166;167;168;169;170;171;172;173;174;175;176;177;178;179;180;181;182;183;184;185;186;187;188;189;190;191;192;193;194;195;196;197;198;199
550.264120,similarity_calculation, 168, 1,
553.221464,Eps_time,169,0.39696693420410156,
555.135489,|Eps_neighbors|,169, 113,
557.546377,Eps_neighbor_id,169,,87;88;89;90;91;92;93;94;95;96;97;98;99;100;101;102;103;104;105;106;107;108;109;110;111;112;113;114;115;116;117;118;119;120;121;122;123;124;125;126;127;128;129;130;131;132;133;134;135;136;137;138;139;140;141;142;143;144;145;146;147;148;149;150;151;152;153;154;155;156;157;158;159;160;161;162;163;164;165;166;167;168;169;170;171;172;173;174;175;176;177;178;179;180;181;182;183;184;185;186;187;188;189;190;191;192;193;194;195;196;197;198;199
559.756517,similarity_calculation, 169, 1,
562.780619,Eps_time,170,0.3323554992675781,
564.860582,|Eps_neighbors|,170, 110,
566.812754,Eps_neighbor_id,170,,87;88;89;90;91;92;93;94;95;96;97;98;99;101;102;103;104;105;106;107;108;109;110;111;112;113;114;115;116;117;118;119;120;121;122;123;124;125;126;127;128;129;131;132;134;135;136;137;138;139;140;141;142;143;144;145;146;147;148;149;150;151;152;153;154;155;156;157;158;159;160;161;162;163;164;165;166;167;168;169;170;171;172;173;174;175;176;177;178;179;180;181;182;183;184;185;186;187;188;189;190;191;192;193;194;195;196;197;198;199
569.642782,similarity_calculation, 170, 1,
571.989536,Eps_time,171,0.3046989440917969,
574.248791,|Eps_neighbors|,171, 104,
576.557398,Eps_neighbor_id,171,,87;89;90;91;92;93;95;96;97;98;99;101;102;103;104;105;106;107;108;109;110;111;112;113;114;116;117;118;119;120;121;122;123;124;125;127;128;129;131;132;135;136;137;138;139;140;141;142;143;144;145;147;148;149;150;151;152;153;154;155;156;157;158;159;160;161;162;163;164;165;166;167;168;169;170;171;172;173;174;175;176;177;178;179;180;181;182;183;184;185;186;187;188;189;190;191;192;193;194;195;196;197;198;199
578.819752,similarity_calculation, 171, 1,
581.133127,Eps_time,172,0.4298686981201172,
583.228111,|Eps_neighbors|,172, 94,
585.445881,Eps_neighbor_id,172,,87;89;90;91;92;95;96;97;98;99;102;103;104;105;107;108;109;110;111;113;114;116;117;118;119;121;122;123;124;125;127;128;131;132;135;136;138;139;140;142;143;145;147;148;149;150;151;152;153;154;155;157;158;159;160;161;162;163;164;165;166;167;168;169;170;171;172;173;174;175;176;177;178;179;180;181;182;183;184;185;186;187;188;189;190;191;192;193;194;195;196;197;198;199
587.650061,similarity_calculation, 172, 1,
590.010166,Eps_time,173,0.30875205993652344,
591.891766,|Eps_neighbors|,173, 110,
594.174862,Eps_neighbor_id,173,,87;88;89;90;91;92;93;94;95;96;97;98;99;100;101;102;103;104;105;106;107;108;109;110;111;112;113;114;115;116;117;118;119;120;121;122;123;124;125;126;127;128;129;130;131;132;133;134;136;137;138;139;140;141;142;143;144;145;146;147;148;149;150;151;152;153;155;156;157;158;160;161;162;163;164;165;166;167;168;169;170;171;172;173;174;175;176;177;178;179;180;181;182;183;184;185;186;187;188;189;190;191;192;193;194;195;196;197;198;199
597.136736,similarity_calculation, 173, 1,
600.001574,Eps_time,174,0.8594989776611328,
601.672173,|Eps_neighbors|,174, 107,
603.689432,Eps_neighbor_id,174,,87;89;90;91;92;93;95;96;97;98;99;101;102;103;104;105;106;107;108;109;110;111;112;113;114;115;116;117;118;119;120;121;122;123;124;125;126;127;128;129;131;132;134;135;136;137;138;139;140;141;142;143;144;145;147;148;149;150;151;152;153;154;155;156;157;158;159;160;161;162;163;164;165;166;167;168;169;170;171;172;173;174;175;176;177;178;179;180;181;182;183;184;185;186;187;188;189;190;191;192;193;194;195;196;197;198;199
605.725765,similarity_calculation, 174, 1,
607.813120,Eps_time,175,0.30517578125,
610.251427,|Eps_neighbors|,175, 113,
612.320423,Eps_neighbor_id,175,,87;88;89;90;91;92;93;94;95;96;97;98;99;100;101;102;103;104;105;106;107;108;109;110;111;112;113;114;115;116;117;118;119;120;121;122;123;124;125;126;127;128;129;130;131;132;133;134;135;136;137;138;139;140;141;142;143;144;145;146;147;148;149;150;151;152;153;154;155;156;157;158;159;160;161;162;163;164;165;166;167;168;169;170;171;172;173;174;175;176;177;178;179;180;181;182;183;184;185;186;187;188;189;190;191;192;193;194;195;196;197;198;199
614.967823,similarity_calculation, 175, 1,
617.678642,Eps_time,176,0.34999847412109375,
619.581699,|Eps_neighbors|,176, 102,
622.000694,Eps_neighbor_id,176,,87;89;90;91;92;93;95;96;97;98;99;101;102;103;104;105;106;107;108;109;110;111;112;113;114;116;117;118;119;121;122;123;124;125;127;128;129;131;132;135;136;137;138;139;140;141;142;143;145;147;148;149;150;151;152;153;154;155;156;157;158;159;160;161;162;163;164;165;166;167;168;169;170;171;172;173;174;175;176;177;178;179;180;181;182;183;184;185;186;187;188;189;190;191;192;193;194;195;196;197;198;199
624.028921,similarity_calculation, 176, 1,
626.188517,Eps_time,177,0.30541419982910156,
628.264666,|Eps_neighbors|,177, 113,
630.578756,Eps_neighbor_id,177,,87;88;89;90;91;92;93;94;95;96;97;98;99;100;101;102;103;104;105;106;107;108;109;110;111;112;113;114;115;116;117;118;119;120;121;122;123;124;125;126;127;128;129;130;131;132;133;134;135;136;137;138;139;140;141;142;143;144;145;146;147;148;149;150;151;152;153;154;155;156;157;158;159;160;161;162;163;164;165;166;167;168;169;170;171;172;173;174;175;176;177;178;179;180;181;182;183;184;185;186;187;188;189;190;191;192;193;194;195;196;197;198;199
633.055687,similarity_calculation, 177, 1,
635.191441,Eps_time,178,0.2989768981933594,
637.486935,|Eps_neighbors|,178, 113,
639.526367,Eps_neighbor_id,178,,87;88;89;90;91;92;93;94;95;96;97;98;99;100;101;102;103;104;105;106;107;108;109;110;111;112;113;114;115;116;117;118;119;120;121;122;123;124;125;126;127;128;129;130;131;132;133;134;135;136;137;138;139;140;141;142;143;144;145;146;147;148;149;150;151;152;153;154;155;156;157;158;159;160;161;162;163;164;165;166;167;168;169;170;171;172;173;174;175;176;177;178;179;180;181;182;183;184;185;186;187;188;189;190;191;192;193;194;195;196;197;198;199
641.459227,similarity_calculation, 178, 1,
643.770218,Eps_time,179,0.29730796813964844,
646.549225,|Eps_neighbors|,179, 113,
648.937464,Eps_neighbor_id,179,,87;88;89;90;91;92;93;94;95;96;97;98;99;100;101;102;103;104;105;106;107;108;109;110;111;112;113;114;115;116;117;118;119;120;121;122;123;124;125;126;127;128;129;130;131;132;133;134;135;136;137;138;139;140;141;142;143;144;145;146;147;148;149;150;151;152;153;154;155;156;157;158;159;160;161;162;163;164;165;166;167;168;169;170;171;172;173;174;175;176;177;178;179;180;181;182;183;184;185;186;187;188;189;190;191;192;193;194;195;196;197;198;199
650.989771,similarity_calculation, 179, 1,
653.282404,Eps_time,180,0.3063678741455078,
655.276060,|Eps_neighbors|,180, 102,
657.790899,Eps_neighbor_id,180,,87;89;90;91;92;93;95;96;97;98;99;101;102;103;104;105;106;107;108;109;110;111;112;113;114;116;117;118;119;121;122;123;124;125;127;128;129;131;132;135;136;137;138;139;140;141;142;143;145;147;148;149;150;151;152;153;154;155;156;157;158;159;160;161;162;163;164;165;166;167;168;169;170;171;172;173;174;175;176;177;178;179;180;181;182;183;184;185;186;187;188;189;190;191;192;193;194;195;196;197;198;199
660.437584,similarity_calculation, 180, 1,
663.118362,Eps_time,181,0.827789306640625,
665.258408,|Eps_neighbors|,181, 100,
667.169094,Eps_neighbor_id,181,,87;89;90;91;92;93;95;96;97;98;99;101;102;103;104;105;106;107;108;109;110;111;112;113;114;116;117;118;119;121;122;123;124;125;127;128;131;132;135;136;137;138;139;140;142;143;145;147;148;149;150;151;152;153;154;155;156;157;158;159;160;161;162;163;164;165;166;167;168;169;170;171;172;173;174;175;176;177;178;179;180;181;182;183;184;185;186;187;188;189;190;191;192;193;194;195;196;197;198;199
669.208765,similarity_calculation, 181, 1,
671.716928,Eps_time,182,0.6184577941894531,
673.487186,|Eps_neighbors|,182, 108,
675.520182,Eps_neighbor_id,182,,87;89;90;91;92;93;95;96;97;98;99;101;102;103;104;105;106;107;108;109;110;111;112;113;114;115;116;117;118;119;120;121;122;123;124;125;126;127;128;129;131;132;134;135;136;137;138;139;140;141;142;143;144;145;146;147;148;149;150;151;152;153;154;155;156;157;158;159;160;161;162;163;164;165;166;167;168;169;170;171;172;173;174;175;176;177;178;179;180;181;182;183;184;185;186;187;188;189;190;191;192;193;194;195;196;197;198;199
677.742958,similarity_calculation, 182, 1,
680.483580,Eps_time,183,0.29778480529785156,
682.491302,|Eps_neighbors|,183, 96,
684.359074,Eps_neighbor_id,183,,87;89;90;91;92;95;96;97;98;99;101;102;103;104;105;107;108;109;110;111;113;114;116;117;118;119;121;122;123;124;125;127;128;131;132;135;136;137;138;139;140;142;143;145;147;148;149;150;151;152;153;154;155;157;158;159;160;161;162;163;164;165;166;167;168;169;170;171;172;173;174;175;176;177;178;179;180;181;182;183;184;185;186;187;188;189;190;191;192;193;194;195;196;197;198;199
687.759161,similarity_calculation, 183, 1,
690.315485,Eps_time,184,0.362396240234375,
692.612648,|Eps_neighbors|,184, 113,
694.767952,Eps_neighbor_id,184,,87;88;89;90;91;92;93;94;95;96;97;98;99;100;101;102;103;104;105;106;107;108;109;110;111;112;113;114;115;116;117;118;119;120;121;122;123;124;125;126;127;128;129;130;131;132;133;134;135;136;137;138;139;140;141;142;143;144;145;146;147;148;149;150;151;152;153;154;155;156;157;158;159;160;161;162;163;164;165;166;167;168;169;170;171;172;173;174;175;176;177;178;179;180;181;182;183;184;185;186;187;188;189;190;191;192;193;194;195;196;197;198;199
697.347879,similarity_calculation, 184, 1,
699.710131,Eps_time,185,0.30541419982910156,
702.067852,|Eps_neighbors|,185, 96,
704.131603,Eps_neighbor_id,185,,87;89;90;91;92;95;96;97;98;99;101;102;103;104;105;107;108;109;110;111;113;114;116;117;118;119;121;122;123;124;125;127;128;131;132;135;136;137;138;139;140;142;143;145;147;148;149;150;151;152;153;154;155;157;158;159;160;161;162;163;164;165;166;167;168;169;170;171;172;173;174;175;176;177;178;179;180;181;182;183;184;185;186;187;188;189;190;191;192;193;194;195;196;197;198;199
706.627846,similarity_calculation, 185, 1,
708.776712,Eps_time,186,0.2980232238769531,
710.677147,|Eps_neighbors|,186, 113,
713.093519,Eps_neighbor_id,186,,87;88;89;90;91;92;93;94;95;96;97;98;99;100;101;102;103;104;105;106;107;108;109;110;111;112;113;114;115;116;117;118;119;120;121;122;123;124;125;126;127;128;129;130;131;132;133;134;135;136;137;138;139;140;141;142;143;144;145;146;147;148;149;150;151;152;153;154;155;156;157;158;159;160;161;162;163;164;165;166;167;168;169;170;171;172;173;174;175;176;177;178;179;180;181;182;183;184;185;186;187;188;189;190;191;192;193;194;195;196;197;198;199
715.087414,similarity_calculation, 186, 1,
717.529058,Eps_time,187,0.39839744567871094,
719.770908,|Eps_neighbors|,187, 113,
721.592665,Eps_neighbor_id,187,,87;88;89;90;91;92;93;94;95;96;97;98;99;100;101;102;103;104;105;106;107;108;109;110;111;112;113;114;115;116;117;118;119;120;121;122;123;124;125;126;127;128;129;130;131;132;133;134;135;136;137;138;139;140;141;142;143;144;145;146;147;148;149;150;151;152;153;154;155;156;157;158;159;160;161;162;163;164;165;166;167;168;169;170;171;172;173;174;175;176;177;178;179;180;181;182;183;184;185;186;187;188;189;190;191;192;193;194;195;196;197;198;199
725.572824,similarity_calculation, 187, 1,
728.742123,Eps_time,188,0.3764629364013672,
730.823755,|Eps_neighbors|,188, 113,
733.171225,Eps_neighbor_id,188,,87;88;89;90;91;92;93;94;95;96;97;98;99;100;101;102;103;104;105;106;107;108;109;110;111;112;113;114;115;116;117;118;119;120;121;122;123;124;125;126;127;128;129;130;131;132;133;134;135;136;137;138;139;140;141;142;143;144;145;146;147;148;149;150;151;152;153;154;155;156;157;158;159;160;161;162;163;164;165;166;167;168;169;170;171;172;173;174;175;176;177;178;179;180;181;182;183;184;185;186;187;188;189;190;191;192;193;194;195;196;197;198;199
734.944582,similarity_calculation, 188, 1,
737.924337,Eps_time,189,0.7092952728271484,
739.835978,|Eps_neighbors|,189, 113,
741.936445,Eps_neighbor_id,189,,87;88;89;90;91;92;93;94;95;96;97;98;99;100;101;102;103;104;105;106;107;108;109;110;111;112;113;114;115;116;117;118;119;120;121;122;123;124;125;126;127;128;129;130;131;132;133;134;135;136;137;138;139;140;141;142;143;144;145;146;147;148;149;150;151;152;153;154;155;156;157;158;159;160;161;162;163;164;165;166;167;168;169;170;171;172;173;174;175;176;177;178;179;180;181;182;183;184;185;186;187;188;189;190;191;192;193;194;195;196;197;198;199
744.176626,similarity_calculation, 189, 1,
746.819019,Eps_time,190,0.301361083984375,
748.680353,|Eps_neighbors|,190, 113,
750.696659,Eps_neighbor_id,190,,87;88;89;90;91;92;93;94;95;96;97;98;99;100;101;102;103;104;105;106;107;108;109;110;111;112;113;114;115;116;117;118;119;120;121;122;123;124;125;126;127;128;129;130;131;132;133;134;135;136;137;138;139;140;141;142;143;144;145;146;147;148;149;150;151;152;153;154;155;156;157;158;159;160;161;162;163;164;165;166;167;168;169;170;171;172;173;174;175;176;177;178;179;180;181;182;183;184;185;186;187;188;189;190;191;192;193;194;195;196;197;198;199
753.484249,similarity_calculation, 190, 1,
755.789995,Eps_time,191,0.41556358337402344,
758.222818,|Eps_neighbors|,191, 109,
760.782957,Eps_neighbor_id,191,,87;88;89;90;91;92;93;95;96;97;98;99;101;102;103;104;105;106;107;108;109;110;111;112;113;114;115;116;117;118;119;120;121;122;123;124;125;126;127;128;129;131;132;134;135;136;137;138;139;140;141;142;143;144;145;146;147;148;149;150;151;152;153;154;155;156;157;158;159;160;161;162;163;164;165;166;167;168;169;170;171;172;173;174;175;176;177;178;179;180;181;182;183;184;185;186;187;188;189;190;191;192;193;194;195;196;197;198;199
763.363838,similarity_calculation, 191, 1,
765.627146,Eps_time,192,0.3578662872314453,
767.206907,|Eps_neighbors|,192, 113,
769.461870,Eps_neighbor_id,192,,87;88;89;90;91;92;93;94;95;96;97;98;99;100;101;102;103;104;105;106;107;108;109;110;111;112;113;114;115;116;117;118;119;120;121;122;123;124;125;126;127;128;129;130;131;132;133;134;135;136;137;138;139;140;141;142;143;144;145;146;147;148;149;150;151;152;153;154;155;156;157;158;159;160;161;162;163;164;165;166;167;168;169;170;171;172;173;174;175;176;177;178;179;180;181;182;183;184;185;186;187;188;189;190;191;192;193;194;195;196;197;198;199
771.473169,similarity_calculation, 192, 1,
774.199009,Eps_time,193,0.3299713134765625,
775.986671,|Eps_neighbors|,193, 113,
778.057814,Eps_neighbor_id,193,,87;88;89;90;91;92;93;94;95;96;97;98;99;100;101;102;103;104;105;106;107;108;109;110;111;112;113;114;115;116;117;118;119;120;121;122;123;124;125;126;127;128;129;130;131;132;133;134;135;136;137;138;139;140;141;142;143;144;145;146;147;148;149;150;151;152;153;154;155;156;157;158;159;160;161;162;163;164;165;166;167;168;169;170;171;172;173;174;175;176;177;178;179;180;181;182;183;184;185;186;187;188;189;190;191;192;193;194;195;196;197;198;199
780.367613,similarity_calculation, 193, 1,
782.815695,Eps_time,194,0.30493736267089844,
784.686089,|Eps_neighbors|,194, 112,
786.847591,Eps_neighbor_id,194,,87;88;89;90;91;92;93;94;95;96;97;98;99;100;101;102;103;104;105;106;107;108;109;110;111;112;113;114;115;116;117;118;119;120;121;122;123;124;125;126;127;128;129;131;132;133;134;135;136;137;138;139;140;141;142;143;144;145;146;147;148;149;150;151;152;153;154;155;156;157;158;159;160;161;162;163;164;165;166;167;168;169;170;171;172;173;174;175;176;177;178;179;180;181;182;183;184;185;186;187;188;189;190;191;192;193;194;195;196;197;198;199
788.922310,similarity_calculation, 194, 1,
791.435957,Eps_time,195,0.34427642822265625,
794.048071,|Eps_neighbors|,195, 109,
796.226501,Eps_neighbor_id,195,,87;88;89;90;91;92;93;95;96;97;98;99;101;102;103;104;105;106;107;108;109;110;111;112;113;114;115;116;117;118;119;120;121;122;123;124;125;126;127;128;129;131;132;134;135;136;137;138;139;140;141;142;143;144;145;146;147;148;149;150;151;152;153;154;155;156;157;158;159;160;161;162;163;164;165;166;167;168;169;170;171;172;173;174;175;176;177;178;179;180;181;182;183;184;185;186;187;188;189;190;191;192;193;194;195;196;197;198;199
798.195124,similarity_calculation, 195, 1,
800.747633,Eps_time,196,0.3829002380371094,
802.609444,|Eps_neighbors|,196, 112,
804.472208,Eps_neighbor_id,196,,87;88;89;90;91;92;93;94;95;96;97;98;99;100;101;102;103;104;105;106;107;108;109;110;111;112;113;114;115;116;117;118;119;120;121;122;123;124;125;126;127;128;129;131;132;133;134;135;136;137;138;139;140;141;142;143;144;145;146;147;148;149;150;151;152;153;154;155;156;157;158;159;160;161;162;163;164;165;166;167;168;169;170;171;172;173;174;175;176;177;178;179;180;181;182;183;184;185;186;187;188;189;190;191;192;193;194;195;196;197;198;199
806.349516,similarity_calculation, 196, 1,
808.739424,Eps_time,197,0.28967857360839844,
810.534000,|Eps_neighbors|,197, 113,
812.748909,Eps_neighbor_id,197,,87;88;89;90;91;92;93;94;95;96;97;98;99;100;101;102;103;104;105;106;107;108;109;110;111;112;113;114;115;116;117;118;119;120;121;122;123;124;125;126;127;128;129;130;131;132;133;134;135;136;137;138;139;140;141;142;143;144;145;146;147;148;149;150;151;152;153;154;155;156;157;158;159;160;161;162;163;164;165;166;167;168;169;170;171;172;173;174;175;176;177;178;179;180;181;182;183;184;185;186;187;188;189;190;191;192;193;194;195;196;197;198;199
815.439463,similarity_calculation, 197, 1,
817.890406,Eps_time,198,0.2963542938232422,
820.051432,|Eps_neighbors|,198, 102,
821.904182,Eps_neighbor_id,198,,87;89;90;91;92;93;95;96;97;98;99;101;102;103;104;105;106;107;108;109;110;111;112;113;114;116;117;118;119;121;122;123;124;125;127;128;129;131;132;135;136;137;138;139;140;141;142;143;145;147;148;149;150;151;152;153;154;155;156;157;158;159;160;161;162;163;164;165;166;167;168;169;170;171;172;173;174;175;176;177;178;179;180;181;182;183;184;185;186;187;188;189;190;191;192;193;194;195;196;197;198;199
825.231075,similarity_calculation, 198, 1,
827.368975,Eps_time,199,0.308990478515625,
829.366207,|Eps_neighbors|,199, 113,
831.143618,Eps_neighbor_id,199,,87;88;89;90;91;92;93;94;95;96;97;98;99;100;101;102;103;104;105;106;107;108;109;110;111;112;113;114;115;116;117;118;119;120;121;122;123;124;125;126;127;128;129;130;131;132;133;134;135;136;137;138;139;140;141;142;143;144;145;146;147;148;149;150;151;152;153;154;155;156;157;158;159;160;161;162;163;164;165;166;167;168;169;170;171;172;173;174;175;176;177;178;179;180;181;182;183;184;185;186;187;188;189;190;191;192;193;194;195;196;197;198;199
834.857225,stop log,,,
840.990543,writing_data,,3.952503204345703,
