777.700663,start log,,,
781.243324,reading_data,,1.7824172973632812,
783.075809,normalization_time,,0.03600120544433594,
784.444809,start log,,,
785.762310,similarity_calculation, 0, 1,
787.318230,similarity_calculation, 0, 1,
788.703442,similarity_calculation, 0, 1,
789.872408,similarity_calculation, 0, 1,
791.493893,similarity_calculation, 0, 1,
792.803049,similarity_calculation, 0, 1,
794.009447,similarity_calculation, 0, 1,
795.360804,similarity_calculation, 0, 1,
796.818495,similarity_calculation, 0, 1,
798.186064,similarity_calculation, 0, 1,
799.194574,similarity_calculation, 0, 1,
800.989628,knn_neighbors_id,0,,7;2;1;11
802.175045,|knn_neighbors|,0, 4,
803.591490,similarity_calculation, 1, 1,
804.871321,similarity_calculation, 1, 1,
806.119204,similarity_calculation, 1, 1,
807.670116,similarity_calculation, 1, 1,
809.018612,similarity_calculation, 1, 1,
810.235739,similarity_calculation, 1, 1,
811.652899,similarity_calculation, 1, 1,
813.149214,similarity_calculation, 1, 1,
814.605474,similarity_calculation, 1, 1,
816.113949,similarity_calculation, 1, 1,
817.261457,similarity_calculation, 1, 1,
818.851948,knn_neighbors_id,1,,7;0;2;11
820.532322,|knn_neighbors|,1, 4,
821.827173,similarity_calculation, 2, 1,
823.296309,similarity_calculation, 2, 1,
824.972868,similarity_calculation, 2, 1,
826.370716,similarity_calculation, 2, 1,
827.610016,similarity_calculation, 2, 1,
829.008818,similarity_calculation, 2, 1,
830.486298,similarity_calculation, 2, 1,
831.930637,similarity_calculation, 2, 1,
833.278894,similarity_calculation, 2, 1,
834.458351,similarity_calculation, 2, 1,
835.880995,similarity_calculation, 2, 1,
837.312937,knn_neighbors_id,2,,11;0;7;1
838.682890,|knn_neighbors|,2, 4,
839.735031,similarity_calculation, 3, 1,
841.119289,similarity_calculation, 3, 1,
842.129469,similarity_calculation, 3, 1,
843.376398,similarity_calculation, 3, 1,
844.706535,similarity_calculation, 3, 1,
845.989943,similarity_calculation, 3, 1,
847.209930,similarity_calculation, 3, 1,
848.454952,similarity_calculation, 3, 1,
849.670410,similarity_calculation, 3, 1,
850.982428,similarity_calculation, 3, 1,
852.230549,similarity_calculation, 3, 1,
853.767633,knn_neighbors_id,3,,9;4;8;10
855.009317,|knn_neighbors|,3, 4,
856.372118,similarity_calculation, 4, 1,
857.784033,similarity_calculation, 4, 1,
859.019518,similarity_calculation, 4, 1,
860.151052,similarity_calculation, 4, 1,
861.490011,similarity_calculation, 4, 1,
862.946749,similarity_calculation, 4, 1,
865.253687,similarity_calculation, 4, 1,
866.572142,similarity_calculation, 4, 1,
869.211674,similarity_calculation, 4, 1,
870.646954,similarity_calculation, 4, 1,
872.040510,similarity_calculation, 4, 1,
873.243093,knn_neighbors_id,4,,3;8;9;10
874.600887,|knn_neighbors|,4, 4,
876.107931,similarity_calculation, 5, 1,
877.490997,similarity_calculation, 5, 1,
878.766537,similarity_calculation, 5, 1,
879.957199,similarity_calculation, 5, 1,
881.051064,similarity_calculation, 5, 1,
882.021427,similarity_calculation, 5, 1,
883.278608,similarity_calculation, 5, 1,
884.567499,similarity_calculation, 5, 1,
885.668278,similarity_calculation, 5, 1,
887.056589,similarity_calculation, 5, 1,
888.472557,similarity_calculation, 5, 1,
889.838934,knn_neighbors_id,5,,11;2;6;0
890.999556,|knn_neighbors|,5, 4,
892.371416,similarity_calculation, 6, 1,
893.733263,similarity_calculation, 6, 1,
895.151138,similarity_calculation, 6, 1,
896.496534,similarity_calculation, 6, 1,
898.141146,similarity_calculation, 6, 1,
899.627686,similarity_calculation, 6, 1,
901.392460,similarity_calculation, 6, 1,
903.007030,similarity_calculation, 6, 1,
904.459476,similarity_calculation, 6, 1,
905.999184,similarity_calculation, 6, 1,
907.429457,similarity_calculation, 6, 1,
908.858776,knn_neighbors_id,6,,5;11;2;0
911.068916,|knn_neighbors|,6, 4,
912.614346,similarity_calculation, 7, 1,
913.657904,similarity_calculation, 7, 1,
914.921284,similarity_calculation, 7, 1,
916.042328,similarity_calculation, 7, 1,
917.238712,similarity_calculation, 7, 1,
918.685198,similarity_calculation, 7, 1,
919.968367,similarity_calculation, 7, 1,
921.703339,similarity_calculation, 7, 1,
922.759533,similarity_calculation, 7, 1,
924.214363,similarity_calculation, 7, 1,
925.640106,similarity_calculation, 7, 1,
926.999092,knn_neighbors_id,7,,0;1;2;11
928.411245,|knn_neighbors|,7, 4,
929.524422,similarity_calculation, 8, 1,
931.180000,similarity_calculation, 8, 1,
932.411909,similarity_calculation, 8, 1,
933.534861,similarity_calculation, 8, 1,
934.991360,similarity_calculation, 8, 1,
936.440945,similarity_calculation, 8, 1,
937.782049,similarity_calculation, 8, 1,
939.446449,similarity_calculation, 8, 1,
940.770388,similarity_calculation, 8, 1,
942.008018,similarity_calculation, 8, 1,
943.159342,similarity_calculation, 8, 1,
944.445848,knn_neighbors_id,8,,4;3;9;10
945.760012,|knn_neighbors|,8, 4,
947.218180,similarity_calculation, 9, 1,
948.614120,similarity_calculation, 9, 1,
949.885845,similarity_calculation, 9, 1,
952.414989,similarity_calculation, 9, 1,
953.758955,similarity_calculation, 9, 1,
955.200911,similarity_calculation, 9, 1,
956.791639,similarity_calculation, 9, 1,
958.446264,similarity_calculation, 9, 1,
960.113525,similarity_calculation, 9, 1,
961.625338,similarity_calculation, 9, 1,
963.346720,similarity_calculation, 9, 1,
964.851141,knn_neighbors_id,9,,3;4;8;10
966.352224,|knn_neighbors|,9, 4,
967.806816,similarity_calculation, 10, 1,
969.190359,similarity_calculation, 10, 1,
970.736742,similarity_calculation, 10, 1,
972.004890,similarity_calculation, 10, 1,
973.499298,similarity_calculation, 10, 1,
974.806309,similarity_calculation, 10, 1,
975.998163,similarity_calculation, 10, 1,
977.418900,similarity_calculation, 10, 1,
978.763103,similarity_calculation, 10, 1,
980.063677,similarity_calculation, 10, 1,
981.434345,similarity_calculation, 10, 1,
982.809782,knn_neighbors_id,10,,9;3;4;8
984.147787,|knn_neighbors|,10, 4,
985.261679,similarity_calculation, 11, 1,
986.571074,similarity_calculation, 11, 1,
987.857819,similarity_calculation, 11, 1,
989.427805,similarity_calculation, 11, 1,
990.574360,similarity_calculation, 11, 1,
991.706848,similarity_calculation, 11, 1,
993.063450,similarity_calculation, 11, 1,
994.261265,similarity_calculation, 11, 1,
995.825052,similarity_calculation, 11, 1,
997.123003,similarity_calculation, 11, 1,
998.588562,similarity_calculation, 11, 1,
0.156403,knn_neighbors_id,11,,2;0;5;7
1.347303,|knn_neighbors|,11, 4,
2.682924,knn_time,11,216.92156791687012,
4.240751,rnn_neighbors_id,0,,7;2;1;11
5.520344,|rnn_neighbors|,0, 4,
6.620407,rnn_neighbors_id,1,,7;0;2
8.463144,|rnn_neighbors|,1, 3,
9.716034,rnn_neighbors_id,2,,11;0;7;1
11.445761,|rnn_neighbors|,2, 4,
12.816906,rnn_neighbors_id,3,,9;4;8;10
14.462471,|rnn_neighbors|,3, 4,
15.840292,rnn_neighbors_id,4,,3;8;9;10
17.051458,|rnn_neighbors|,4, 4,
18.035889,rnn_neighbors_id,5,,11;6
19.179821,|rnn_neighbors|,5, 2,
20.219803,rnn_neighbors_id,6,,5
21.754980,|rnn_neighbors|,6, 1,
23.162603,rnn_neighbors_id,7,,0;1;2;11
25.118113,|rnn_neighbors|,7, 4,
26.570082,rnn_neighbors_id,8,,4;3;9;10
27.996063,|rnn_neighbors|,8, 4,
29.259443,rnn_neighbors_id,9,,3;4;8;10
30.891657,|rnn_neighbors|,9, 4,
32.283306,rnn_neighbors_id,10,,9;3;4;8
33.725500,|rnn_neighbors|,10, 4,
35.034180,rnn_neighbors_id,11,,2;0;5;7
36.474943,|rnn_neighbors|,11, 4,
37.806749,rnn_time,11,33.567190170288086,
39.197683,similarity_calculation, 6, 1,
40.870667,similarity_calculation, 6, 1,
42.370081,similarity_calculation, 6, 1,
43.624401,similarity_calculation, 6, 1,
44.990301,similarity_calculation, 6, 1,
45.998573,similarity_calculation, 6, 1,
47.134638,similarity_calculation, 6, 1,
48.497915,similarity_calculation, 6, 1,
50.082922,similarity_calculation, 6, 1,
51.805735,similarity_calculation, 6, 1,
53.040028,similarity_calculation, 6, 1,
54.167509,knn_neighbors_id,6,,5
55.373430,|knn_neighbors|,6, 1,
56.694269,stop log,,,
62.022209,writing_data,,3.963470458984375,
